#
# There is insufficient memory for the Java Runtime Environment to continue.
# Native memory allocation (mmap) failed to map 114294784 bytes for Failed to commit area from 0x0000000084d00000 to 0x000000008ba00000 of length 114294784.
# Possible reasons:
#   The system is out of physical RAM or swap space
#   The process is running with CompressedOops enabled, and the Java Heap may be blocking the growth of the native heap
# Possible solutions:
#   Reduce memory load on the system
#   Increase physical memory or swap space
#   Check if swap backing store is full
#   Decrease Java heap size (-Xmx/-Xms)
#   Decrease number of Java threads
#   Decrease Java thread stack sizes (-Xss)
#   Set larger code cache with -XX:ReservedCodeCacheSize=
#   JVM is running with Unscaled Compressed Oops mode in which the Java heap is
#     placed in the first 4GB address space. The Java Heap base address is the
#     maximum limit for the native heap growth. Please use -XX:HeapBaseMinAddress
#     to set the Java Heap base and to place the Java Heap above 4GB virtual address.
# This output file may be truncated or incomplete.
#
#  Out of Memory Error (./src/hotspot/os/windows/os_windows.cpp:3521), pid=3480, tid=11072
#
# JRE version: OpenJDK Runtime Environment (11.0.12+7) (build 11.0.12+7-b1504.28-7817840)
# Java VM: OpenJDK 64-Bit Server VM (11.0.12+7-b1504.28-7817840, mixed mode, tiered, compressed oops, g1 gc, windows-amd64)
# No core dump will be written. Minidumps are not enabled by default on client versions of Windows
#

---------------  S U M M A R Y ------------

Command Line: --add-opens=java.base/java.util=ALL-UNNAMED --add-opens=java.base/java.lang=ALL-UNNAMED --add-opens=java.base/java.lang.invoke=ALL-UNNAMED --add-opens=java.base/java.util=ALL-UNNAMED --add-opens=java.prefs/java.util.prefs=ALL-UNNAMED --add-opens=java.prefs/java.util.prefs=ALL-UNNAMED --add-opens=java.base/java.nio.charset=ALL-UNNAMED --add-opens=java.base/java.net=ALL-UNNAMED --add-opens=java.base/java.util.concurrent.atomic=ALL-UNNAMED -Xmx2048m -Dfile.encoding=UTF-8 -Duser.country=FR -Duser.language=fr -Duser.variant org.gradle.launcher.daemon.bootstrap.GradleDaemon 7.3.3

Host: Intel(R) Core(TM) i3-7020U CPU @ 2.30GHz, 4 cores, 3G,  Windows 10 , 64 bit Build 17763 (10.0.17763.475)
Time: Sun May 29 16:59:51 2022 Paris, Madrid (heure d?été) elapsed time: 63.306874 seconds (0d 0h 1m 3s)

---------------  T H R E A D  ---------------

Current thread (0x000001bd1d956800):  VMThread "VM Thread" [stack: 0x0000008378300000,0x0000008378400000] [id=11072]

Stack: [0x0000008378300000,0x0000008378400000]
[error occurred during error reporting (printing stack bounds), id 0xc0000005, EXCEPTION_ACCESS_VIOLATION (0xc0000005) at pc=0x000001bd079c112d]

Native frames: (J=compiled Java code, j=interpreted, Vv=VM code, C=native code)
V  [jvm.dll+0x5fbcea]
V  [jvm.dll+0x731905]
V  [jvm.dll+0x732f1d]
V  [jvm.dll+0x733535]
V  [jvm.dll+0x7334eb]
V  [jvm.dll+0x5fb080]
V  [jvm.dll+0x5fb818]
C  [ntdll.dll+0xa478f]
C  [ntdll.dll+0x4bef]
C  [ntdll.dll+0xa34fe]
C  0x000001bd079c112d

VM_Operation (0x00000083795f5e10): G1CollectForAllocation, mode: safepoint, requested by thread 0x000001bd1f342800


---------------  P R O C E S S  ---------------

Threads class SMR info:
_java_thread_list=0x000001bd2285d930, length=78, elements={
0x000001bd03eca800, 0x000001bd1d99e800, 0x000001bd1d9a9800, 0x000001bd1d9b6800,
0x000001bd1d9b7800, 0x000001bd1d9bd800, 0x000001bd1d9c7000, 0x000001bd1d9cb800,
0x000001bd1d9d6800, 0x000001bd1e4a4800, 0x000001bd1f490000, 0x000001bd1f4ff000,
0x000001bd1f428800, 0x000001bd1f6af000, 0x000001bd1e65d000, 0x000001bd1f25e000,
0x000001bd1f342800, 0x000001bd1f343000, 0x000001bd1f344000, 0x000001bd1f196800,
0x000001bd1f193800, 0x000001bd1f195000, 0x000001bd1f198000, 0x000001bd1f196000,
0x000001bd1f197800, 0x000001bd1f192800, 0x000001bd1f194000, 0x000001bd1f199000,
0x000001bd206ae000, 0x000001bd206a9000, 0x000001bd206ad000, 0x000001bd206a8000,
0x000001bd206af800, 0x000001bd206b0000, 0x000001bd206aa800, 0x000001bd206b1000,
0x000001bd206ab800, 0x000001bd206b2000, 0x000001bd206ac000, 0x000001bd206b2800,
0x000001bd206b7000, 0x000001bd206b3800, 0x000001bd206b4800, 0x000001bd206b5000,
0x000001bd206b6000, 0x000001bd20cd7800, 0x000001bd20cdb800, 0x000001bd20cd8000,
0x000001bd20cd9000, 0x000001bd20cdc000, 0x000001bd20cda800, 0x000001bd20cd9800,
0x000001bd20cd6800, 0x000001bd20ce1000, 0x000001bd20cde000, 0x000001bd20cde800,
0x000001bd20cdd000, 0x000001bd20ce0000, 0x000001bd20ce4800, 0x000001bd20ce2000,
0x000001bd20ce2800, 0x000001bd20ce3800, 0x000001bd20ce5000, 0x000001bd20cdf800,
0x000001bd1fb68800, 0x000001bd1fb67000, 0x000001bd1fb67800, 0x000001bd1fb66000,
0x000001bd1fb69800, 0x000001bd1fb6a000, 0x000001bd1fb65000, 0x000001bd1fb64800,
0x000001bd1fb6b000, 0x000001bd1fb6d800, 0x000001bd1fb6b800, 0x000001bd1fb72000,
0x000001bd1fb70800, 0x000001bd1fb71800
}

Java Threads: ( => current thread )
  0x000001bd03eca800 JavaThread "main" [_thread_blocked, id=1820, stack(0x0000008377d00000,0x0000008377e00000)]
  0x000001bd1d99e800 JavaThread "Reference Handler" daemon [_thread_blocked, id=1580, stack(0x0000008378400000,0x0000008378500000)]
  0x000001bd1d9a9800 JavaThread "Finalizer" daemon [_thread_blocked, id=5136, stack(0x0000008378500000,0x0000008378600000)]
  0x000001bd1d9b6800 JavaThread "Signal Dispatcher" daemon [_thread_blocked, id=5720, stack(0x0000008378600000,0x0000008378700000)]
  0x000001bd1d9b7800 JavaThread "Attach Listener" daemon [_thread_blocked, id=8620, stack(0x0000008378700000,0x0000008378800000)]
  0x000001bd1d9bd800 JavaThread "Service Thread" daemon [_thread_blocked, id=11372, stack(0x0000008378800000,0x0000008378900000)]
  0x000001bd1d9c7000 JavaThread "C2 CompilerThread0" daemon [_thread_blocked, id=12516, stack(0x0000008378900000,0x0000008378a00000)]
  0x000001bd1d9cb800 JavaThread "C1 CompilerThread0" daemon [_thread_blocked, id=6252, stack(0x0000008378a00000,0x0000008378b00000)]
  0x000001bd1d9d6800 JavaThread "Sweeper thread" daemon [_thread_blocked, id=9556, stack(0x0000008378b00000,0x0000008378c00000)]
  0x000001bd1e4a4800 JavaThread "Common-Cleaner" daemon [_thread_blocked, id=12124, stack(0x0000008378c00000,0x0000008378d00000)]
  0x000001bd1f490000 JavaThread "Daemon health stats" [_thread_blocked, id=956, stack(0x0000008378f00000,0x0000008379000000)]
  0x000001bd1f4ff000 JavaThread "Incoming local TCP Connector on port 64791" [_thread_in_native, id=6672, stack(0x0000008379000000,0x0000008379100000)]
  0x000001bd1f428800 JavaThread "Daemon periodic checks" [_thread_blocked, id=10840, stack(0x0000008379100000,0x0000008379200000)]
  0x000001bd1f6af000 JavaThread "Daemon" [_thread_blocked, id=1216, stack(0x0000008379200000,0x0000008379300000)]
  0x000001bd1e65d000 JavaThread "Handler for socket connection from /127.0.0.1:64791 to /127.0.0.1:64792" [_thread_in_native, id=6172, stack(0x0000008379300000,0x0000008379400000)]
  0x000001bd1f25e000 JavaThread "Cancel handler" [_thread_blocked, id=1416, stack(0x0000008379400000,0x0000008379500000)]
  0x000001bd1f342800 JavaThread "Daemon worker" [_thread_blocked, id=256, stack(0x0000008379500000,0x0000008379600000)]
  0x000001bd1f343000 JavaThread "Asynchronous log dispatcher for DefaultDaemonConnection: socket connection from /127.0.0.1:64791 to /127.0.0.1:64792" [_thread_blocked, id=6728, stack(0x0000008379600000,0x0000008379700000)]
  0x000001bd1f344000 JavaThread "Stdin handler" [_thread_blocked, id=3328, stack(0x0000008379700000,0x0000008379800000)]
  0x000001bd1f196800 JavaThread "Daemon client event forwarder" [_thread_blocked, id=12804, stack(0x0000008379a00000,0x0000008379b00000)]
  0x000001bd1f193800 JavaThread "Cache worker for journal cache (C:\Users\Danick Glishman\.gradle\caches\journal-1)" [_thread_blocked, id=3212, stack(0x0000008379b00000,0x0000008379c00000)]
  0x000001bd1f195000 JavaThread "File lock request listener" [_thread_in_native, id=1012, stack(0x0000008379c00000,0x0000008379d00000)]
  0x000001bd1f198000 JavaThread "Cache worker for file hash cache (C:\Users\Danick Glishman\.gradle\caches\7.3.3\fileHashes)" [_thread_blocked, id=1892, stack(0x0000008379d00000,0x0000008379e00000)]
  0x000001bd1f196000 JavaThread "Cache worker for file hash cache (C:\Users\Danick Glishman\AndroidStudioProjects\CalculatorDanick\.gradle\7.3.3\fileHashes)" [_thread_blocked, id=3856, stack(0x0000008379e00000,0x0000008379f00000)]
  0x000001bd1f197800 JavaThread "File watcher server" daemon [_thread_in_native, id=7508, stack(0x0000008379f00000,0x000000837a000000)]
  0x000001bd1f192800 JavaThread "File watcher consumer" daemon [_thread_blocked, id=12408, stack(0x000000837a000000,0x000000837a100000)]
  0x000001bd1f194000 JavaThread "Cache worker for checksums cache (C:\Users\Danick Glishman\AndroidStudioProjects\CalculatorDanick\.gradle\7.3.3\checksums)" [_thread_blocked, id=596, stack(0x000000837a100000,0x000000837a200000)]
  0x000001bd1f199000 JavaThread "Cache worker for cache directory md-supplier (C:\Users\Danick Glishman\.gradle\caches\7.3.3\md-supplier)" [_thread_blocked, id=9172, stack(0x000000837a200000,0x000000837a300000)]
  0x000001bd206ae000 JavaThread "Cache worker for cache directory md-rule (C:\Users\Danick Glishman\.gradle\caches\7.3.3\md-rule)" [_thread_blocked, id=9064, stack(0x000000837a300000,0x000000837a400000)]
  0x000001bd206a9000 JavaThread "Cache worker for execution history cache (C:\Users\Danick Glishman\.gradle\caches\7.3.3\executionHistory)" [_thread_blocked, id=12012, stack(0x000000837a400000,0x000000837a500000)]
  0x000001bd206ad000 JavaThread "jar transforms" [_thread_blocked, id=2692, stack(0x000000837a500000,0x000000837a600000)]
  0x000001bd206a8000 JavaThread "Cache worker for file content cache (C:\Users\Danick Glishman\.gradle\caches\7.3.3\fileContent)" [_thread_blocked, id=6980, stack(0x000000837a600000,0x000000837a700000)]
  0x000001bd206af800 JavaThread "jar transforms Thread 2" [_thread_blocked, id=8300, stack(0x000000837a700000,0x000000837a800000)]
  0x000001bd206b0000 JavaThread "Cache worker for dependencies-accessors (C:\Users\Danick Glishman\AndroidStudioProjects\CalculatorDanick\.gradle\7.3.3\dependencies-accessors)" [_thread_blocked, id=2660, stack(0x000000837a800000,0x000000837a900000)]
  0x000001bd206aa800 JavaThread "jar transforms Thread 3" [_thread_blocked, id=8428, stack(0x000000837a900000,0x000000837aa00000)]
  0x000001bd206b1000 JavaThread "Cache worker for Build Output Cleanup Cache (C:\Users\Danick Glishman\AndroidStudioProjects\CalculatorDanick\.gradle\buildOutputCleanup)" [_thread_blocked, id=11284, stack(0x000000837aa00000,0x000000837ab00000)]
  0x000001bd206ab800 JavaThread "Unconstrained build operations" [_thread_blocked, id=1040, stack(0x000000837ab00000,0x000000837ac00000)]
  0x000001bd206b2000 JavaThread "Unconstrained build operations Thread 2" [_thread_blocked, id=5236, stack(0x000000837ac00000,0x000000837ad00000)]
  0x000001bd206ac000 JavaThread "Unconstrained build operations Thread 3" [_thread_blocked, id=10724, stack(0x000000837ad00000,0x000000837ae00000)]
  0x000001bd206b2800 JavaThread "Unconstrained build operations Thread 4" [_thread_blocked, id=1292, stack(0x000000837ae00000,0x000000837af00000)]
  0x000001bd206b7000 JavaThread "Unconstrained build operations Thread 5" [_thread_blocked, id=6984, stack(0x000000837af00000,0x000000837b000000)]
  0x000001bd206b3800 JavaThread "Unconstrained build operations Thread 6" [_thread_blocked, id=8844, stack(0x000000837b000000,0x000000837b100000)]
  0x000001bd206b4800 JavaThread "Unconstrained build operations Thread 7" [_thread_blocked, id=6264, stack(0x000000837b100000,0x000000837b200000)]
  0x000001bd206b5000 JavaThread "Unconstrained build operations Thread 8" [_thread_blocked, id=1688, stack(0x000000837b200000,0x000000837b300000)]
  0x000001bd206b6000 JavaThread "Unconstrained build operations Thread 9" [_thread_blocked, id=8176, stack(0x000000837b300000,0x000000837b400000)]
  0x000001bd20cd7800 JavaThread "Unconstrained build operations Thread 10" [_thread_blocked, id=12736, stack(0x000000837b400000,0x000000837b500000)]
  0x000001bd20cdb800 JavaThread "Unconstrained build operations Thread 11" [_thread_blocked, id=2260, stack(0x000000837b500000,0x000000837b600000)]
  0x000001bd20cd8000 JavaThread "Unconstrained build operations Thread 12" [_thread_blocked, id=6584, stack(0x000000837b600000,0x000000837b700000)]
  0x000001bd20cd9000 JavaThread "Unconstrained build operations Thread 13" [_thread_blocked, id=4440, stack(0x000000837b700000,0x000000837b800000)]
  0x000001bd20cdc000 JavaThread "Unconstrained build operations Thread 14" [_thread_blocked, id=6304, stack(0x000000837b800000,0x000000837b900000)]
  0x000001bd20cda800 JavaThread "Unconstrained build operations Thread 15" [_thread_blocked, id=796, stack(0x000000837b900000,0x000000837ba00000)]
  0x000001bd20cd9800 JavaThread "Unconstrained build operations Thread 16" [_thread_blocked, id=1576, stack(0x000000837ba00000,0x000000837bb00000)]
  0x000001bd20cd6800 JavaThread "Unconstrained build operations Thread 17" [_thread_blocked, id=9192, stack(0x000000837bb00000,0x000000837bc00000)]
  0x000001bd20ce1000 JavaThread "Unconstrained build operations Thread 18" [_thread_blocked, id=13300, stack(0x000000837bc00000,0x000000837bd00000)]
  0x000001bd20cde000 JavaThread "Unconstrained build operations Thread 19" [_thread_blocked, id=5012, stack(0x000000837bd00000,0x000000837be00000)]
  0x000001bd20cde800 JavaThread "Unconstrained build operations Thread 20" [_thread_blocked, id=8988, stack(0x000000837be00000,0x000000837bf00000)]
  0x000001bd20cdd000 JavaThread "Unconstrained build operations Thread 21" [_thread_blocked, id=10168, stack(0x000000837bf00000,0x000000837c000000)]
  0x000001bd20ce0000 JavaThread "Unconstrained build operations Thread 22" [_thread_blocked, id=1196, stack(0x000000837c000000,0x000000837c100000)]
  0x000001bd20ce4800 JavaThread "Unconstrained build operations Thread 23" [_thread_blocked, id=11924, stack(0x000000837c100000,0x000000837c200000)]
  0x000001bd20ce2000 JavaThread "Unconstrained build operations Thread 24" [_thread_blocked, id=2768, stack(0x000000837c200000,0x000000837c300000)]
  0x000001bd20ce2800 JavaThread "Unconstrained build operations Thread 25" [_thread_blocked, id=12984, stack(0x000000837c300000,0x000000837c400000)]
  0x000001bd20ce3800 JavaThread "Unconstrained build operations Thread 26" [_thread_blocked, id=6992, stack(0x000000837c400000,0x000000837c500000)]
  0x000001bd20ce5000 JavaThread "Unconstrained build operations Thread 27" [_thread_blocked, id=2100, stack(0x000000837c500000,0x000000837c600000)]
  0x000001bd20cdf800 JavaThread "Unconstrained build operations Thread 28" [_thread_blocked, id=11776, stack(0x000000837c600000,0x000000837c700000)]
  0x000001bd1fb68800 JavaThread "Unconstrained build operations Thread 29" [_thread_blocked, id=7064, stack(0x000000837c700000,0x000000837c800000)]
  0x000001bd1fb67000 JavaThread "Unconstrained build operations Thread 30" [_thread_blocked, id=12992, stack(0x000000837c800000,0x000000837c900000)]
  0x000001bd1fb67800 JavaThread "Unconstrained build operations Thread 31" [_thread_blocked, id=13284, stack(0x000000837c900000,0x000000837ca00000)]
  0x000001bd1fb66000 JavaThread "Unconstrained build operations Thread 32" [_thread_blocked, id=10600, stack(0x000000837ca00000,0x000000837cb00000)]
  0x000001bd1fb69800 JavaThread "Unconstrained build operations Thread 33" [_thread_blocked, id=1648, stack(0x000000837cb00000,0x000000837cc00000)]
  0x000001bd1fb6a000 JavaThread "Unconstrained build operations Thread 34" [_thread_blocked, id=7252, stack(0x000000837cc00000,0x000000837cd00000)]
  0x000001bd1fb65000 JavaThread "Unconstrained build operations Thread 35" [_thread_blocked, id=6496, stack(0x000000837cd00000,0x000000837ce00000)]
  0x000001bd1fb64800 JavaThread "Unconstrained build operations Thread 36" [_thread_blocked, id=3308, stack(0x000000837ce00000,0x000000837cf00000)]
  0x000001bd1fb6b000 JavaThread "Unconstrained build operations Thread 37" [_thread_blocked, id=11276, stack(0x000000837cf00000,0x000000837d000000)]
  0x000001bd1fb6d800 JavaThread "Unconstrained build operations Thread 38" [_thread_blocked, id=5860, stack(0x000000837d000000,0x000000837d100000)]
  0x000001bd1fb6b800 JavaThread "Unconstrained build operations Thread 39" [_thread_blocked, id=3980, stack(0x000000837d100000,0x000000837d200000)]
  0x000001bd1fb72000 JavaThread "Unconstrained build operations Thread 40" [_thread_blocked, id=9300, stack(0x000000837d200000,0x000000837d300000)]
  0x000001bd1fb70800 JavaThread "jar transforms Thread 4" [_thread_blocked, id=8720, stack(0x000000837d300000,0x000000837d400000)]
  0x000001bd1fb71800 JavaThread "Memory manager" [_thread_blocked, id=13260, stack(0x000000837d600000,0x000000837d700000)]

Other Threads:
=>0x000001bd1d956800 VMThread "VM Thread" [stack: 0x0000008378300000,0x0000008378400000] [id=11072]
  0x000001bd1e4c9800 WatcherThread [stack: 0x0000008378d00000,0x0000008378e00000] [id=1344]
  0x000001bd01d1b000 GCTaskThread "GC Thread#0" [stack: 0x0000008377e00000,0x0000008377f00000] [id=6176]
  0x000001bd1eb8e000 GCTaskThread "GC Thread#1" [stack: 0x0000008378e00000,0x0000008378f00000] [id=1412]
  0x000001bd1f344800 GCTaskThread "GC Thread#2" [stack: 0x0000008379800000,0x0000008379900000] [id=11884]
  0x000001bd1f1aa800 GCTaskThread "GC Thread#3" [stack: 0x0000008379900000,0x0000008379a00000] [id=7544]
  0x000001bd03f0f000 ConcurrentGCThread "G1 Main Marker" [stack: 0x0000008377f00000,0x0000008378000000] [id=10580]
  0x000001bd03f10800 ConcurrentGCThread "G1 Conc#0" [stack: 0x0000008378000000,0x0000008378100000] [id=6444]
  0x000001bd03f69000 ConcurrentGCThread "G1 Refine#0" [stack: 0x0000008378100000,0x0000008378200000] [id=4432]
  0x000001bd03f6a000 ConcurrentGCThread "G1 Young RemSet Sampling" [stack: 0x0000008378200000,0x0000008378300000] [id=8772]

Threads with active compile tasks:
C2 CompilerThread0  63531 6549       4       java.util.regex.Pattern::compile (498 bytes)

VM state:at safepoint (normal execution)

VM Mutex/Monitor currently owned by a thread:  ([mutex/lock_event])
[0x000001bd03ec7910] Threads_lock - owner thread: 0x000001bd1d956800
[0x000001bd03ec77f0] Heap_lock - owner thread: 0x000001bd1f342800

Heap address: 0x0000000080000000, size: 2048 MB, Compressed Oops mode: 32-bit
Narrow klass base: 0x0000000000000000, Narrow klass shift: 3
Compressed class space size: 1073741824 Address: 0x0000000100000000

Heap:
 garbage-first heap   total 190464K, used 53504K [0x0000000080000000, 0x0000000100000000)
  region size 1024K, 1 young (1024K), 1 survivors (1024K)
 Metaspace       used 66252K, capacity 67720K, committed 68040K, reserved 1107968K
  class space    used 8398K, capacity 8954K, committed 9036K, reserved 1048576K
Heap Regions: E=young(eden), S=young(survivor), O=old, HS=humongous(starts), HC=humongous(continues), CS=collection set, F=free, A=archive, TAMS=top-at-mark-start (previous, next)
|   0|0x0000000080000000, 0x0000000080100000, 0x0000000080100000|100%|HS|  |TAMS 0x0000000080100000, 0x0000000080000000| Complete 
|   1|0x0000000080100000, 0x0000000080200000, 0x0000000080200000|100%|HC|  |TAMS 0x0000000080200000, 0x0000000080100000| Complete 
|   2|0x0000000080200000, 0x0000000080300000, 0x0000000080300000|100%|HC|  |TAMS 0x0000000080300000, 0x0000000080200000| Complete 
|   3|0x0000000080300000, 0x0000000080400000, 0x0000000080400000|100%| O|  |TAMS 0x0000000080400000, 0x0000000080300000| Untracked 
|   4|0x0000000080400000, 0x0000000080500000, 0x0000000080500000|100%| O|  |TAMS 0x0000000080500000, 0x0000000080400000| Untracked 
|   5|0x0000000080500000, 0x0000000080600000, 0x0000000080600000|100%| O|  |TAMS 0x0000000080600000, 0x0000000080500000| Untracked 
|   6|0x0000000080600000, 0x0000000080700000, 0x0000000080700000|100%| O|  |TAMS 0x0000000080700000, 0x0000000080600000| Untracked 
|   7|0x0000000080700000, 0x0000000080800000, 0x0000000080800000|100%| O|  |TAMS 0x0000000080800000, 0x0000000080700000| Untracked 
|   8|0x0000000080800000, 0x0000000080900000, 0x0000000080900000|100%| O|  |TAMS 0x0000000080900000, 0x0000000080800000| Untracked 
|   9|0x0000000080900000, 0x0000000080a00000, 0x0000000080a00000|100%| O|  |TAMS 0x0000000080a00000, 0x0000000080900000| Untracked 
|  10|0x0000000080a00000, 0x0000000080b00000, 0x0000000080b00000|100%| O|  |TAMS 0x0000000080b00000, 0x0000000080a00000| Untracked 
|  11|0x0000000080b00000, 0x0000000080c00000, 0x0000000080c00000|100%| O|  |TAMS 0x0000000080c00000, 0x0000000080b00000| Untracked 
|  12|0x0000000080c00000, 0x0000000080d00000, 0x0000000080d00000|100%| O|  |TAMS 0x0000000080d00000, 0x0000000080c00000| Untracked 
|  13|0x0000000080d00000, 0x0000000080e00000, 0x0000000080e00000|100%| O|  |TAMS 0x0000000080e00000, 0x0000000080d00000| Untracked 
|  14|0x0000000080e00000, 0x0000000080f00000, 0x0000000080f00000|100%| O|  |TAMS 0x0000000080f00000, 0x0000000080e00000| Untracked 
|  15|0x0000000080f00000, 0x0000000081000000, 0x0000000081000000|100%| O|  |TAMS 0x0000000081000000, 0x0000000080f00000| Untracked 
|  16|0x0000000081000000, 0x0000000081100000, 0x0000000081100000|100%| O|  |TAMS 0x0000000081100000, 0x0000000081000000| Untracked 
|  17|0x0000000081100000, 0x0000000081200000, 0x0000000081200000|100%| O|  |TAMS 0x0000000081200000, 0x0000000081100000| Untracked 
|  18|0x0000000081200000, 0x0000000081300000, 0x0000000081300000|100%| O|  |TAMS 0x0000000081300000, 0x0000000081200000| Untracked 
|  19|0x0000000081300000, 0x0000000081400000, 0x0000000081400000|100%| O|  |TAMS 0x0000000081400000, 0x0000000081300000| Untracked 
|  20|0x0000000081400000, 0x0000000081500000, 0x0000000081500000|100%| O|  |TAMS 0x0000000081500000, 0x0000000081400000| Untracked 
|  21|0x0000000081500000, 0x0000000081600000, 0x0000000081600000|100%| O|  |TAMS 0x0000000081600000, 0x0000000081500000| Untracked 
|  22|0x0000000081600000, 0x0000000081700000, 0x0000000081700000|100%| O|  |TAMS 0x0000000081700000, 0x0000000081600000| Untracked 
|  23|0x0000000081700000, 0x0000000081800000, 0x0000000081800000|100%| O|  |TAMS 0x0000000081800000, 0x0000000081700000| Untracked 
|  24|0x0000000081800000, 0x0000000081900000, 0x0000000081900000|100%| O|  |TAMS 0x0000000081900000, 0x0000000081800000| Untracked 
|  25|0x0000000081900000, 0x0000000081a00000, 0x0000000081a00000|100%| O|  |TAMS 0x0000000081a00000, 0x0000000081900000| Untracked 
|  26|0x0000000081a00000, 0x0000000081b00000, 0x0000000081b00000|100%| O|  |TAMS 0x0000000081b00000, 0x0000000081a00000| Untracked 
|  27|0x0000000081b00000, 0x0000000081c00000, 0x0000000081c00000|100%| O|  |TAMS 0x0000000081c00000, 0x0000000081b00000| Untracked 
|  28|0x0000000081c00000, 0x0000000081d00000, 0x0000000081d00000|100%| O|  |TAMS 0x0000000081d00000, 0x0000000081c00000| Untracked 
|  29|0x0000000081d00000, 0x0000000081e00000, 0x0000000081e00000|100%| O|  |TAMS 0x0000000081e00000, 0x0000000081d00000| Untracked 
|  30|0x0000000081e00000, 0x0000000081f00000, 0x0000000081f00000|100%| O|  |TAMS 0x0000000081f00000, 0x0000000081e00000| Untracked 
|  31|0x0000000081f00000, 0x0000000082000000, 0x0000000082000000|100%|HS|  |TAMS 0x0000000082000000, 0x0000000081f00000| Complete 
|  32|0x0000000082000000, 0x0000000082100000, 0x0000000082100000|100%| O|  |TAMS 0x0000000082100000, 0x0000000082000000| Untracked 
|  33|0x0000000082100000, 0x0000000082200000, 0x0000000082200000|100%| O|  |TAMS 0x0000000082200000, 0x0000000082100000| Untracked 
|  34|0x0000000082200000, 0x0000000082300000, 0x0000000082300000|100%|HS|  |TAMS 0x0000000082300000, 0x0000000082200000| Complete 
|  35|0x0000000082300000, 0x0000000082400000, 0x0000000082400000|100%| O|  |TAMS 0x0000000082400000, 0x0000000082300000| Untracked 
|  36|0x0000000082400000, 0x0000000082500000, 0x0000000082500000|100%| O|  |TAMS 0x0000000082500000, 0x0000000082400000| Untracked 
|  37|0x0000000082500000, 0x0000000082600000, 0x0000000082600000|100%|HS|  |TAMS 0x0000000082600000, 0x0000000082500000| Complete 
|  38|0x0000000082600000, 0x0000000082700000, 0x0000000082700000|100%|HC|  |TAMS 0x0000000082700000, 0x0000000082600000| Complete 
|  39|0x0000000082700000, 0x0000000082800000, 0x0000000082800000|100%| O|  |TAMS 0x0000000082800000, 0x0000000082700000| Untracked 
|  40|0x0000000082800000, 0x0000000082900000, 0x0000000082900000|100%| O|  |TAMS 0x0000000082900000, 0x0000000082800000| Untracked 
|  41|0x0000000082900000, 0x0000000082a00000, 0x0000000082a00000|100%| O|  |TAMS 0x0000000082a00000, 0x0000000082900000| Untracked 
|  42|0x0000000082a00000, 0x0000000082b00000, 0x0000000082b00000|100%| O|  |TAMS 0x0000000082b00000, 0x0000000082a00000| Untracked 
|  43|0x0000000082b00000, 0x0000000082c00000, 0x0000000082c00000|100%| O|  |TAMS 0x0000000082c00000, 0x0000000082b00000| Untracked 
|  44|0x0000000082c00000, 0x0000000082d00000, 0x0000000082d00000|100%| O|  |TAMS 0x0000000082d00000, 0x0000000082c00000| Untracked 
|  45|0x0000000082d00000, 0x0000000082e00000, 0x0000000082e00000|100%| O|  |TAMS 0x0000000082e00000, 0x0000000082d00000| Untracked 
|  46|0x0000000082e00000, 0x0000000082f00000, 0x0000000082f00000|100%| O|  |TAMS 0x0000000082f00000, 0x0000000082e00000| Untracked 
|  47|0x0000000082f00000, 0x0000000083000000, 0x0000000083000000|100%| O|  |TAMS 0x0000000083000000, 0x0000000082f00000| Untracked 
|  48|0x0000000083000000, 0x00000000830b6200, 0x0000000083100000| 71%| O|  |TAMS 0x000000008302a200, 0x0000000083000000| Untracked 
|  49|0x0000000083100000, 0x0000000083200000, 0x0000000083200000|100%| O|  |TAMS 0x0000000083200000, 0x0000000083100000| Untracked 
|  50|0x0000000083200000, 0x0000000083200000, 0x0000000083300000|  0%| F|  |TAMS 0x0000000083200000, 0x0000000083200000| Untracked 
|  51|0x0000000083300000, 0x0000000083400000, 0x0000000083400000|100%| O|  |TAMS 0x0000000083400000, 0x0000000083300000| Untracked 
|  52|0x0000000083400000, 0x0000000083500000, 0x0000000083500000|100%| O|  |TAMS 0x0000000083500000, 0x0000000083400000| Untracked 
|  53|0x0000000083500000, 0x0000000083500000, 0x0000000083600000|  0%| F|  |TAMS 0x0000000083500000, 0x0000000083500000| Untracked 
|  54|0x0000000083600000, 0x0000000083600000, 0x0000000083700000|  0%| F|  |TAMS 0x0000000083600000, 0x0000000083600000| Untracked 
|  55|0x0000000083700000, 0x0000000083700000, 0x0000000083800000|  0%| F|  |TAMS 0x0000000083700000, 0x0000000083700000| Untracked 
|  56|0x0000000083800000, 0x0000000083800000, 0x0000000083900000|  0%| F|  |TAMS 0x0000000083800000, 0x0000000083800000| Untracked 
|  57|0x0000000083900000, 0x0000000083900000, 0x0000000083a00000|  0%| F|  |TAMS 0x0000000083900000, 0x0000000083900000| Untracked 
|  58|0x0000000083a00000, 0x0000000083a00000, 0x0000000083b00000|  0%| F|  |TAMS 0x0000000083a00000, 0x0000000083a00000| Untracked 
|  59|0x0000000083b00000, 0x0000000083b00000, 0x0000000083c00000|  0%| F|  |TAMS 0x0000000083b00000, 0x0000000083b00000| Untracked 
|  60|0x0000000083c00000, 0x0000000083c00000, 0x0000000083d00000|  0%| F|  |TAMS 0x0000000083c00000, 0x0000000083c00000| Untracked 
|  61|0x0000000083d00000, 0x0000000083d00000, 0x0000000083e00000|  0%| F|  |TAMS 0x0000000083d00000, 0x0000000083d00000| Untracked 
|  62|0x0000000083e00000, 0x0000000083e00000, 0x0000000083f00000|  0%| F|  |TAMS 0x0000000083e00000, 0x0000000083e00000| Untracked 
|  63|0x0000000083f00000, 0x0000000083f00000, 0x0000000084000000|  0%| F|  |TAMS 0x0000000083f00000, 0x0000000083f00000| Untracked 
|  64|0x0000000084000000, 0x0000000084000000, 0x0000000084100000|  0%| F|  |TAMS 0x0000000084000000, 0x0000000084000000| Untracked 
|  65|0x0000000084100000, 0x0000000084100000, 0x0000000084200000|  0%| F|  |TAMS 0x0000000084100000, 0x0000000084100000| Untracked 
|  66|0x0000000084200000, 0x000000008428a000, 0x0000000084300000| 53%| S|CS|TAMS 0x0000000084200000, 0x0000000084200000| Complete 
|  67|0x0000000084300000, 0x0000000084300000, 0x0000000084400000|  0%| F|  |TAMS 0x0000000084300000, 0x0000000084300000| Untracked 
|  68|0x0000000084400000, 0x0000000084400000, 0x0000000084500000|  0%| F|  |TAMS 0x0000000084400000, 0x0000000084400000| Untracked 
|  69|0x0000000084500000, 0x0000000084500000, 0x0000000084600000|  0%| F|  |TAMS 0x0000000084500000, 0x0000000084500000| Untracked 
|  70|0x0000000084600000, 0x0000000084600000, 0x0000000084700000|  0%| F|  |TAMS 0x0000000084600000, 0x0000000084600000| Untracked 
|  71|0x0000000084700000, 0x0000000084700000, 0x0000000084800000|  0%| F|  |TAMS 0x0000000084700000, 0x0000000084700000| Untracked 
|  72|0x0000000084800000, 0x0000000084800000, 0x0000000084900000|  0%| F|  |TAMS 0x0000000084800000, 0x0000000084800000| Untracked 
|  73|0x0000000084900000, 0x0000000084900000, 0x0000000084a00000|  0%| F|  |TAMS 0x0000000084900000, 0x0000000084900000| Untracked 
|  74|0x0000000084a00000, 0x0000000084a00000, 0x0000000084b00000|  0%| F|  |TAMS 0x0000000084a00000, 0x0000000084a00000| Untracked 
|  75|0x0000000084b00000, 0x0000000084b00000, 0x0000000084c00000|  0%| F|  |TAMS 0x0000000084b00000, 0x0000000084b00000| Untracked 
|  76|0x0000000084c00000, 0x0000000084c00000, 0x0000000084d00000|  0%| F|  |TAMS 0x0000000084c00000, 0x0000000084c00000| Untracked 

Card table byte_map: [0x000001bd16dc0000,0x000001bd171c0000] _byte_map_base: 0x000001bd169c0000

Marking Bits (Prev, Next): (CMBitMap*) 0x000001bd03f06220, (CMBitMap*) 0x000001bd03f061e8
 Prev Bits: [0x000001bd195c0000, 0x000001bd1b5c0000)
 Next Bits: [0x000001bd175c0000, 0x000001bd195c0000)

Polling page: 0x000001bd01be0000

Metaspace:

Usage:
  Non-class:     57.39 MB capacity,    56.50 MB ( 98%) used,   744.68 KB (  1%) free+waste,   166.81 KB ( <1%) overhead. 
      Class:      8.74 MB capacity,     8.20 MB ( 94%) used,   477.98 KB (  5%) free+waste,    77.56 KB ( <1%) overhead. 
       Both:     66.13 MB capacity,    64.70 MB ( 98%) used,     1.19 MB (  2%) free+waste,   244.38 KB ( <1%) overhead. 

Virtual space:
  Non-class space:       58.00 MB reserved,      57.62 MB (>99%) committed 
      Class space:        1.00 GB reserved,       8.82 MB ( <1%) committed 
             Both:        1.06 GB reserved,      66.45 MB (  6%) committed 

Chunk freelists:
   Non-Class:  46.00 KB
       Class:  6.00 KB
        Both:  52.00 KB

MaxMetaspaceSize: 17179869184.00 GB
CompressedClassSpaceSize: 1.00 GB
Initial GC threshold: 20.80 MB
Current GC threshold: 110.33 MB
CDS: off

CodeHeap 'non-profiled nmethods': size=120064Kb used=3825Kb max_used=3825Kb free=116239Kb
 bounds [0x000001bd0f480000, 0x000001bd0f840000, 0x000001bd169c0000]
CodeHeap 'profiled nmethods': size=120000Kb used=14162Kb max_used=14162Kb free=105837Kb
 bounds [0x000001bd07f50000, 0x000001bd08d30000, 0x000001bd0f480000]
CodeHeap 'non-nmethods': size=5696Kb used=2347Kb max_used=2367Kb free=3348Kb
 bounds [0x000001bd079c0000, 0x000001bd07c30000, 0x000001bd07f50000]
 total_blobs=7452 nmethods=6595 adapters=768
 compilation: enabled
              stopped_count=0, restarted_count=0
 full_count=0

Compilation events (20 events):
Event: 63.023 Thread 0x000001bd1d9cb800 6610       3       java.util.regex.Pattern$BmpCharPredicate$$Lambda$14/0x0000000100090440::get$Lambda (10 bytes)
Event: 63.023 Thread 0x000001bd1d9cb800 nmethod 6610 0x000001bd08d22290 code [0x000001bd08d22460, 0x000001bd08d22718]
Event: 63.023 Thread 0x000001bd1d9cb800 6611       3       java.util.regex.Pattern$BmpCharPredicate$$Lambda$14/0x0000000100090440::<init> (15 bytes)
Event: 63.023 Thread 0x000001bd1d9cb800 nmethod 6611 0x000001bd08d22810 code [0x000001bd08d229c0, 0x000001bd08d22bd8]
Event: 63.023 Thread 0x000001bd1d9cb800 6604       1       com.android.tools.build.jetifier.processor.transform.TransformationContext::getVersions (5 bytes)
Event: 63.023 Thread 0x000001bd1d9cb800 nmethod 6604 0x000001bd0f838890 code [0x000001bd0f838a40, 0x000001bd0f838af8]
Event: 63.032 Thread 0x000001bd1d9c7000 nmethod 6525 0x000001bd0f838b90 code [0x000001bd0f838de0, 0x000001bd0f83ae98]
Event: 63.032 Thread 0x000001bd1d9c7000 6549       4       java.util.regex.Pattern::compile (498 bytes)
Event: 63.100 Thread 0x000001bd1d9cb800 6612       3       org.gradle.internal.ImmutableActionSet$EmptySet::execute (1 bytes)
Event: 63.100 Thread 0x000001bd1d9cb800 nmethod 6612 0x000001bd08d22c90 code [0x000001bd08d22e40, 0x000001bd08d22f38]
Event: 63.116 Thread 0x000001bd1d9cb800 6613       3       org.gradle.internal.ImmutableActionSet::add (93 bytes)
Event: 63.116 Thread 0x000001bd1d9cb800 nmethod 6613 0x000001bd08d23010 code [0x000001bd08d23260, 0x000001bd08d23f58]
Event: 63.119 Thread 0x000001bd1d9cb800 6614       3       org.gradle.api.internal.DefaultNamedDomainObjectCollection$UnfilteredIndex::get (11 bytes)
Event: 63.119 Thread 0x000001bd1d9cb800 nmethod 6614 0x000001bd08d24190 code [0x000001bd08d24340, 0x000001bd08d24508]
Event: 63.121 Thread 0x000001bd1d9cb800 6615       1       org.gradle.configuration.internal.DefaultUserCodeApplicationContext$CurrentApplication::getId (5 bytes)
Event: 63.121 Thread 0x000001bd1d9cb800 nmethod 6615 0x000001bd0f83be10 code [0x000001bd0f83bfc0, 0x000001bd0f83c078]
Event: 63.121 Thread 0x000001bd1d9cb800 6616       1       org.gradle.api.internal.DefaultDomainObjectCollection::getEventRegister (5 bytes)
Event: 63.121 Thread 0x000001bd1d9cb800 nmethod 6616 0x000001bd0f83c110 code [0x000001bd0f83c2c0, 0x000001bd0f83c378]
Event: 63.133 Thread 0x000001bd1d9cb800 6617       3       org.gradle.api.internal.DefaultNamedDomainObjectCollection$UnfilteredIndex::getPending (14 bytes)
Event: 63.133 Thread 0x000001bd1d9cb800 nmethod 6617 0x000001bd08d24610 code [0x000001bd08d247e0, 0x000001bd08d24aa8]

GC Heap History (20 events):
Event: 61.435 GC heap after
{Heap after GC invocations=52 (full 0):
 garbage-first heap   total 65536K, used 53489K [0x0000000080000000, 0x0000000100000000)
  region size 1024K, 1 young (1024K), 1 survivors (1024K)
 Metaspace       used 62681K, capacity 64155K, committed 64200K, reserved 1105920K
  class space    used 7935K, capacity 8481K, committed 8524K, reserved 1048576K
}
Event: 61.570 GC heap before
{Heap before GC invocations=53 (full 0):
 garbage-first heap   total 65536K, used 55537K [0x0000000080000000, 0x0000000100000000)
  region size 1024K, 3 young (3072K), 1 survivors (1024K)
 Metaspace       used 62901K, capacity 64379K, committed 64584K, reserved 1105920K
  class space    used 7956K, capacity 8513K, committed 8652K, reserved 1048576K
}
Event: 61.572 GC heap after
{Heap after GC invocations=54 (full 0):
 garbage-first heap   total 65536K, used 53607K [0x0000000080000000, 0x0000000100000000)
  region size 1024K, 1 young (1024K), 1 survivors (1024K)
 Metaspace       used 62901K, capacity 64379K, committed 64584K, reserved 1105920K
  class space    used 7956K, capacity 8513K, committed 8652K, reserved 1048576K
}
Event: 61.696 GC heap before
{Heap before GC invocations=54 (full 0):
 garbage-first heap   total 65536K, used 55655K [0x0000000080000000, 0x0000000100000000)
  region size 1024K, 3 young (3072K), 1 survivors (1024K)
 Metaspace       used 63111K, capacity 64507K, committed 64840K, reserved 1105920K
  class space    used 7984K, capacity 8513K, committed 8652K, reserved 1048576K
}
Event: 61.699 GC heap after
{Heap after GC invocations=55 (full 0):
 garbage-first heap   total 65536K, used 51861K [0x0000000080000000, 0x0000000100000000)
  region size 1024K, 1 young (1024K), 1 survivors (1024K)
 Metaspace       used 63111K, capacity 64507K, committed 64840K, reserved 1105920K
  class space    used 7984K, capacity 8513K, committed 8652K, reserved 1048576K
}
Event: 61.894 GC heap before
{Heap before GC invocations=55 (full 0):
 garbage-first heap   total 65536K, used 53909K [0x0000000080000000, 0x0000000100000000)
  region size 1024K, 3 young (3072K), 1 survivors (1024K)
 Metaspace       used 63326K, capacity 64749K, committed 65096K, reserved 1105920K
  class space    used 8014K, capacity 8548K, committed 8652K, reserved 1048576K
}
Event: 61.897 GC heap after
{Heap after GC invocations=56 (full 0):
 garbage-first heap   total 65536K, used 52085K [0x0000000080000000, 0x0000000100000000)
  region size 1024K, 1 young (1024K), 1 survivors (1024K)
 Metaspace       used 63326K, capacity 64749K, committed 65096K, reserved 1105920K
  class space    used 8014K, capacity 8548K, committed 8652K, reserved 1048576K
}
Event: 61.997 GC heap before
{Heap before GC invocations=56 (full 0):
 garbage-first heap   total 65536K, used 54133K [0x0000000080000000, 0x0000000100000000)
  region size 1024K, 3 young (3072K), 1 survivors (1024K)
 Metaspace       used 63526K, capacity 64973K, committed 65096K, reserved 1105920K
  class space    used 8035K, capacity 8580K, committed 8652K, reserved 1048576K
}
Event: 62.000 GC heap after
{Heap after GC invocations=57 (full 0):
 garbage-first heap   total 65536K, used 52456K [0x0000000080000000, 0x0000000100000000)
  region size 1024K, 1 young (1024K), 1 survivors (1024K)
 Metaspace       used 63526K, capacity 64973K, committed 65096K, reserved 1105920K
  class space    used 8035K, capacity 8580K, committed 8652K, reserved 1048576K
}
Event: 62.063 GC heap before
{Heap before GC invocations=58 (full 0):
 garbage-first heap   total 65536K, used 54504K [0x0000000080000000, 0x0000000100000000)
  region size 1024K, 3 young (3072K), 1 survivors (1024K)
 Metaspace       used 63727K, capacity 65261K, committed 65352K, reserved 1105920K
  class space    used 8060K, capacity 8612K, committed 8652K, reserved 1048576K
}
Event: 62.066 GC heap after
{Heap after GC invocations=59 (full 0):
 garbage-first heap   total 65536K, used 52497K [0x0000000080000000, 0x0000000100000000)
  region size 1024K, 1 young (1024K), 1 survivors (1024K)
 Metaspace       used 63727K, capacity 65261K, committed 65352K, reserved 1105920K
  class space    used 8060K, capacity 8612K, committed 8652K, reserved 1048576K
}
Event: 62.098 GC heap before
{Heap before GC invocations=59 (full 0):
 garbage-first heap   total 65536K, used 54545K [0x0000000080000000, 0x0000000100000000)
  region size 1024K, 3 young (3072K), 1 survivors (1024K)
 Metaspace       used 63885K, capacity 65329K, committed 65608K, reserved 1105920K
  class space    used 8081K, capacity 8613K, committed 8652K, reserved 1048576K
}
Event: 62.186 GC heap after
{Heap after GC invocations=60 (full 0):
 garbage-first heap   total 78848K, used 51974K [0x0000000080000000, 0x0000000100000000)
  region size 1024K, 1 young (1024K), 1 survivors (1024K)
 Metaspace       used 63885K, capacity 65329K, committed 65608K, reserved 1105920K
  class space    used 8081K, capacity 8613K, committed 8652K, reserved 1048576K
}
Event: 62.308 GC heap before
{Heap before GC invocations=60 (full 0):
 garbage-first heap   total 78848K, used 60166K [0x0000000080000000, 0x0000000100000000)
  region size 1024K, 9 young (9216K), 1 survivors (1024K)
 Metaspace       used 64362K, capacity 65789K, committed 65992K, reserved 1105920K
  class space    used 8132K, capacity 8680K, committed 8780K, reserved 1048576K
}
Event: 62.311 GC heap after
{Heap after GC invocations=61 (full 0):
 garbage-first heap   total 78848K, used 52416K [0x0000000080000000, 0x0000000100000000)
  region size 1024K, 1 young (1024K), 1 survivors (1024K)
 Metaspace       used 64362K, capacity 65789K, committed 65992K, reserved 1105920K
  class space    used 8132K, capacity 8680K, committed 8780K, reserved 1048576K
}
Event: 62.660 GC heap before
{Heap before GC invocations=62 (full 0):
 garbage-first heap   total 78848K, used 60608K [0x0000000080000000, 0x0000000100000000)
  region size 1024K, 9 young (9216K), 1 survivors (1024K)
 Metaspace       used 65075K, capacity 66584K, committed 66760K, reserved 1107968K
  class space    used 8216K, capacity 8753K, committed 8780K, reserved 1048576K
}
Event: 62.664 GC heap after
{Heap after GC invocations=63 (full 0):
 garbage-first heap   total 78848K, used 53032K [0x0000000080000000, 0x0000000100000000)
  region size 1024K, 2 young (2048K), 2 survivors (2048K)
 Metaspace       used 65075K, capacity 66584K, committed 66760K, reserved 1107968K
  class space    used 8216K, capacity 8753K, committed 8780K, reserved 1048576K
}
Event: 62.873 GC heap before
{Heap before GC invocations=63 (full 0):
 garbage-first heap   total 78848K, used 58152K [0x0000000080000000, 0x0000000100000000)
  region size 1024K, 9 young (9216K), 2 survivors (2048K)
 Metaspace       used 65598K, capacity 67083K, committed 67144K, reserved 1107968K
  class space    used 8303K, capacity 8853K, committed 8908K, reserved 1048576K
}
Event: 62.877 GC heap after
{Heap after GC invocations=64 (full 0):
 garbage-first heap   total 78848K, used 53601K [0x0000000080000000, 0x0000000100000000)
  region size 1024K, 2 young (2048K), 2 survivors (2048K)
 Metaspace       used 65598K, capacity 67083K, committed 67144K, reserved 1107968K
  class space    used 8303K, capacity 8853K, committed 8908K, reserved 1048576K
}
Event: 63.134 GC heap before
{Heap before GC invocations=65 (full 0):
 garbage-first heap   total 78848K, used 62817K [0x0000000080000000, 0x0000000100000000)
  region size 1024K, 10 young (10240K), 2 survivors (2048K)
 Metaspace       used 66252K, capacity 67720K, committed 68040K, reserved 1107968K
  class space    used 8398K, capacity 8954K, committed 9036K, reserved 1048576K
}

Deoptimization events (20 events):
Event: 62.984 Thread 0x000001bd1f342800 Uncommon trap: trap_request=0xffffff4d fr.pc=0x000001bd0f5d6618 relative=0x0000000000000638
Event: 62.984 Thread 0x000001bd1f342800 Uncommon trap: reason=unstable_if action=reinterpret pc=0x000001bd0f5d6618 method=java.lang.AbstractStringBuilder.appendChars(Ljava/lang/CharSequence;II)V @ 4 c2
Event: 62.984 Thread 0x000001bd1f342800 DEOPT PACKING pc=0x000001bd0f5d6618 sp=0x00000083795f69f0
Event: 62.984 Thread 0x000001bd1f342800 DEOPT UNPACKING pc=0x000001bd07a0a1af sp=0x00000083795f68d8 mode 2
Event: 62.984 Thread 0x000001bd1f342800 Uncommon trap: trap_request=0xffffff4d fr.pc=0x000001bd0f50a2c0 relative=0x0000000000000380
Event: 62.985 Thread 0x000001bd1f342800 Uncommon trap: reason=unstable_if action=reinterpret pc=0x000001bd0f50a2c0 method=java.lang.AbstractStringBuilder.isLatin1()Z @ 10 c2
Event: 62.985 Thread 0x000001bd1f342800 DEOPT PACKING pc=0x000001bd0f50a2c0 sp=0x00000083795f6a90
Event: 62.985 Thread 0x000001bd1f342800 DEOPT UNPACKING pc=0x000001bd07a0a1af sp=0x00000083795f6a10 mode 2
Event: 62.985 Thread 0x000001bd1f342800 Uncommon trap: trap_request=0xffffff4d fr.pc=0x000001bd0f4897d4 relative=0x0000000000000034
Event: 62.985 Thread 0x000001bd1f342800 Uncommon trap: reason=unstable_if action=reinterpret pc=0x000001bd0f4897d4 method=java.lang.StringLatin1.canEncode(I)Z @ 4 c2
Event: 62.985 Thread 0x000001bd1f342800 DEOPT PACKING pc=0x000001bd0f4897d4 sp=0x00000083795f6910
Event: 62.985 Thread 0x000001bd1f342800 DEOPT UNPACKING pc=0x000001bd07a0a1af sp=0x00000083795f68a0 mode 2
Event: 62.985 Thread 0x000001bd1f342800 Uncommon trap: trap_request=0xffffff4d fr.pc=0x000001bd0f4d79a8 relative=0x0000000000000468
Event: 62.985 Thread 0x000001bd1f342800 Uncommon trap: reason=unstable_if action=reinterpret pc=0x000001bd0f4d79a8 method=java.lang.AbstractStringBuilder.putStringAt(ILjava/lang/String;)V @ 8 c2
Event: 62.985 Thread 0x000001bd1f342800 DEOPT PACKING pc=0x000001bd0f4d79a8 sp=0x00000083795f69e0
Event: 62.985 Thread 0x000001bd1f342800 DEOPT UNPACKING pc=0x000001bd07a0a1af sp=0x00000083795f6940 mode 2
Event: 62.985 Thread 0x000001bd1f342800 Uncommon trap: trap_request=0xffffff4d fr.pc=0x000001bd0f4b516c relative=0x00000000000000cc
Event: 62.985 Thread 0x000001bd1f342800 Uncommon trap: reason=unstable_if action=reinterpret pc=0x000001bd0f4b516c method=java.lang.String.getBytes([BIB)V @ 5 c2
Event: 62.985 Thread 0x000001bd1f342800 DEOPT PACKING pc=0x000001bd0f4b516c sp=0x00000083795f68f0
Event: 62.985 Thread 0x000001bd1f342800 DEOPT UNPACKING pc=0x000001bd07a0a1af sp=0x00000083795f68b8 mode 2

Classes redefined (0 events):
No events

Internal exceptions (20 events):
Event: 55.318 Thread 0x000001bd1f342800 Exception <a 'java/lang/NoSuchMethodError'{0x00000000839dd3d8}: 'java.lang.Object java.lang.invoke.DirectMethodHandle$Holder.invokeSpecial(java.lang.Object, java.lang.Object, java.lang.Object, java.lang.Object, java.lang.Object, int)'> (0x00000000839dd3d8) thrown at [./src/hotspot/share/interpreter/linkResolver.cpp, line 773]
Event: 55.319 Thread 0x000001bd1f342800 Exception <a 'java/lang/NoSuchMethodError'{0x00000000839e1a18}: 'java.lang.Object java.lang.invoke.Invokers$Holder.linkToTargetMethod(java.lang.Object, java.lang.Object, java.lang.Object, int, java.lang.Object)'> (0x00000000839e1a18) thrown at [./src/hotspot/share/interpreter/linkResolver.cpp, line 773]
Event: 56.520 Thread 0x000001bd1f342800 Exception <a 'java/lang/NoSuchMethodError'{0x0000000083e76e28}: 'java.lang.Object java.lang.invoke.DirectMethodHandle$Holder.invokeSpecial(java.lang.Object, java.lang.Object, int, int, java.lang.Object, java.lang.Object, java.lang.Object)'> (0x0000000083e76e28) thrown at [./src/hotspot/share/interpreter/linkResolver.cpp, line 773]
Event: 56.521 Thread 0x000001bd1f342800 Exception <a 'java/lang/NoSuchMethodError'{0x0000000083e7b3a8}: 'java.lang.Object java.lang.invoke.DelegatingMethodHandle$Holder.reinvoke_L(java.lang.Object, int, int, java.lang.Object, java.lang.Object, java.lang.Object)'> (0x0000000083e7b3a8) thrown at [./src/hotspot/share/interpreter/linkResolver.cpp, line 773]
Event: 57.494 Thread 0x000001bd1f342800 Exception <a 'java/lang/NoSuchMethodError'{0x0000000083f018f8}: 'int java.lang.invoke.DirectMethodHandle$Holder.invokeInterface(java.lang.Object, java.lang.Object, java.lang.Object, java.lang.Object)'> (0x0000000083f018f8) thrown at [./src/hotspot/share/interpreter/linkResolver.cpp, line 773]
Event: 58.756 Thread 0x000001bd1f342800 Exception <a 'java/lang/NoSuchMethodError'{0x0000000083ed3f00}: 'void java.lang.invoke.DirectMethodHandle$Holder.invokeInterface(java.lang.Object, java.lang.Object, java.lang.Object, java.lang.Object)'> (0x0000000083ed3f00) thrown at [./src/hotspot/share/interpreter/linkResolver.cpp, line 773]
Event: 59.078 Thread 0x000001bd1f342800 Implicit null exception at 0x000001bd0f728c3f to 0x000001bd0f728e54
Event: 59.514 Thread 0x000001bd1f342800 Exception <a 'java/lang/IncompatibleClassChangeError'{0x0000000083c550a0}: Found class java.lang.Object, but interface was expected> (0x0000000083c550a0) thrown at [./src/hotspot/share/interpreter/linkResolver.cpp, line 839]
Event: 59.861 Thread 0x000001bd1f342800 Implicit null exception at 0x000001bd0f7ae5d4 to 0x000001bd0f7ae7b8
Event: 59.861 Thread 0x000001bd1f342800 Implicit null exception at 0x000001bd0f758eb3 to 0x000001bd0f75ac14
Event: 60.702 Thread 0x000001bd1f342800 Implicit null exception at 0x000001bd0f61632c to 0x000001bd0f6164da
Event: 61.077 Thread 0x000001bd1f342800 Exception <a 'sun/nio/fs/WindowsException'{0x0000000083e71a60}> (0x0000000083e71a60) thrown at [./src/hotspot/share/prims/jni.cpp, line 615]
Event: 62.299 Thread 0x000001bd1f342800 Exception <a 'java/lang/ClassNotFoundException'{0x00000000846c7128}: org/gradle/api/plugins/internal/DefaultBasePluginConventionBeanInfo> (0x00000000846c7128) thrown at [./src/hotspot/share/classfile/systemDictionary.cpp, line 231]
Event: 62.300 Thread 0x000001bd1f342800 Exception <a 'java/lang/ClassNotFoundException'{0x00000000845031b8}: org/gradle/api/plugins/BasePluginConventionBeanInfo> (0x00000000845031b8) thrown at [./src/hotspot/share/classfile/systemDictionary.cpp, line 231]
Event: 62.301 Thread 0x000001bd1f342800 Exception <a 'java/lang/ClassNotFoundException'{0x000000008453ec78}: org/gradle/api/plugins/BasePluginConventionCustomizer> (0x000000008453ec78) thrown at [./src/hotspot/share/classfile/systemDictionary.cpp, line 231]
Event: 62.303 Thread 0x000001bd1f342800 Exception <a 'java/lang/ClassNotFoundException'{0x000000008458be98}: org/gradle/api/plugins/internal/DefaultBasePluginConventionCustomizer> (0x000000008458be98) thrown at [./src/hotspot/share/classfile/systemDictionary.cpp, line 231]
Event: 62.311 Thread 0x000001bd1f342800 Exception <a 'java/lang/ClassNotFoundException'{0x0000000084c0c360}: org/gradle/api/plugins/internal/DefaultJavaPluginConventionBeanInfo> (0x0000000084c0c360) thrown at [./src/hotspot/share/classfile/systemDictionary.cpp, line 231]
Event: 62.313 Thread 0x000001bd1f342800 Exception <a 'java/lang/ClassNotFoundException'{0x0000000084c47c50}: org/gradle/api/plugins/JavaPluginConventionBeanInfo> (0x0000000084c47c50) thrown at [./src/hotspot/share/classfile/systemDictionary.cpp, line 231]
Event: 62.315 Thread 0x000001bd1f342800 Exception <a 'java/lang/ClassNotFoundException'{0x0000000084c83990}: org/gradle/api/plugins/JavaPluginConventionCustomizer> (0x0000000084c83990) thrown at [./src/hotspot/share/classfile/systemDictionary.cpp, line 231]
Event: 62.317 Thread 0x000001bd1f342800 Exception <a 'java/lang/ClassNotFoundException'{0x0000000084cdb268}: org/gradle/api/plugins/internal/DefaultJavaPluginConventionCustomizer> (0x0000000084cdb268) thrown at [./src/hotspot/share/classfile/systemDictionary.cpp, line 231]

Events (20 events):
Event: 63.127 loading class com/android/build/gradle/internal/lint/AndroidLintGlobalTask$GlobalCreationAction done
Event: 63.127 loading class com/android/build/gradle/internal/lint/AndroidLintGlobalTask$GlobalCreationAction$Companion
Event: 63.127 loading class com/android/build/gradle/internal/lint/AndroidLintGlobalTask$GlobalCreationAction$Companion done
Event: 63.128 loading class com/android/build/gradle/internal/lint/LintTaskManager$createBeforeEvaluateLintTasks$1
Event: 63.128 loading class com/android/build/gradle/internal/lint/LintTaskManager$createBeforeEvaluateLintTasks$1 done
Event: 63.128 loading class com/android/build/gradle/internal/TaskManager$ConfigAttrTask
Event: 63.128 loading class com/android/build/gradle/internal/TaskManager$ConfigAttrTask done
Event: 63.129 loading class com/android/build/gradle/internal/TaskManager$Companion$createTasksBeforeEvaluate$6
Event: 63.129 loading class com/android/build/gradle/internal/TaskManager$Companion$createTasksBeforeEvaluate$6 done
Event: 63.130 loading class com/android/build/gradle/internal/TaskManager$Companion$createTasksBeforeEvaluate$7
Event: 63.130 loading class com/android/build/gradle/internal/TaskManager$Companion$createTasksBeforeEvaluate$7 done
Event: 63.133 loading class org/gradle/api/Project
Event: 63.133 loading class org/gradle/api/Project done
Event: 63.133 loading class org/gradle/api/Project
Event: 63.133 loading class org/gradle/api/Project done
Event: 63.133 loading class com/android/build/gradle/internal/plugins/BasePlugin
Event: 63.133 loading class com/android/build/gradle/internal/plugins/BasePlugin done
Event: 63.134 loading class com/android/build/gradle/internal/crash/CrashReporting$afterEvaluate$1
Event: 63.134 loading class com/android/build/gradle/internal/crash/CrashReporting$afterEvaluate$1 done
Event: 63.134 Executing VM operation: G1CollectForAllocation


Dynamic libraries:
0x00007ff739af0000 - 0x00007ff739afa000 	C:\Program Files\Android\Android Studio\jre\bin\java.exe
0x00007ffbf0680000 - 0x00007ffbf086d000 	C:\Windows\SYSTEM32\ntdll.dll
0x00007ffbf00b0000 - 0x00007ffbf0163000 	C:\Windows\System32\KERNEL32.DLL
0x00007ffbecdd0000 - 0x00007ffbed063000 	C:\Windows\System32\KERNELBASE.dll
0x00007ffbeccb0000 - 0x00007ffbecdaa000 	C:\Windows\System32\ucrtbase.dll
0x00007ffbdeaf0000 - 0x00007ffbdeb09000 	C:\Program Files\Android\Android Studio\jre\bin\jli.dll
0x00007ffbc4c50000 - 0x00007ffbc4c67000 	C:\Program Files\Android\Android Studio\jre\bin\VCRUNTIME140.dll
0x00007ffbeda70000 - 0x00007ffbedc07000 	C:\Windows\System32\USER32.dll
0x00007ffbd78b0000 - 0x00007ffbd7b29000 	C:\Windows\WinSxS\amd64_microsoft.windows.common-controls_6595b64144ccf1df_6.0.17763.1039_none_de701650534c7021\COMCTL32.dll
0x00007ffbec820000 - 0x00007ffbec840000 	C:\Windows\System32\win32u.dll
0x00007ffbf0460000 - 0x00007ffbf04fe000 	C:\Windows\System32\msvcrt.dll
0x00007ffbf0390000 - 0x00007ffbf03b9000 	C:\Windows\System32\GDI32.dll
0x00007ffbeca70000 - 0x00007ffbecc09000 	C:\Windows\System32\gdi32full.dll
0x00007ffbefd70000 - 0x00007ffbf009c000 	C:\Windows\System32\combase.dll
0x00007ffbecc10000 - 0x00007ffbeccb0000 	C:\Windows\System32\msvcp_win.dll
0x00007ffbf0520000 - 0x00007ffbf0642000 	C:\Windows\System32\RPCRT4.dll
0x00007ffbec740000 - 0x00007ffbec7be000 	C:\Windows\System32\bcryptPrimitives.dll
0x00007ffbef5e0000 - 0x00007ffbef60e000 	C:\Windows\System32\IMM32.DLL
0x00007ffbbb9c0000 - 0x00007ffbbba5d000 	C:\Program Files\Android\Android Studio\jre\bin\msvcp140.dll
0x00007ffb99fd0000 - 0x00007ffb9aab5000 	C:\Program Files\Android\Android Studio\jre\bin\server\jvm.dll
0x00007ffbefcc0000 - 0x00007ffbefd63000 	C:\Windows\System32\ADVAPI32.dll
0x00007ffbf03c0000 - 0x00007ffbf045e000 	C:\Windows\System32\sechost.dll
0x00007ffbf0180000 - 0x00007ffbf0188000 	C:\Windows\System32\PSAPI.DLL
0x00007ffbd5b70000 - 0x00007ffbd5b79000 	C:\Windows\SYSTEM32\WSOCK32.dll
0x00007ffbe9f50000 - 0x00007ffbe9f74000 	C:\Windows\SYSTEM32\WINMM.dll
0x00007ffbf0190000 - 0x00007ffbf01fd000 	C:\Windows\System32\WS2_32.dll
0x00007ffbe1d20000 - 0x00007ffbe1d2a000 	C:\Windows\SYSTEM32\VERSION.dll
0x00007ffbe9f20000 - 0x00007ffbe9f4d000 	C:\Windows\SYSTEM32\WINMMBASE.dll
0x00007ffbec840000 - 0x00007ffbec88a000 	C:\Windows\System32\cfgmgr32.dll
0x00007ffbec6d0000 - 0x00007ffbec6e1000 	C:\Windows\System32\kernel.appcore.dll
0x00007ffbe28c0000 - 0x00007ffbe28d1000 	C:\Program Files\Android\Android Studio\jre\bin\verify.dll
0x00007ffbeb0e0000 - 0x00007ffbeb2cd000 	C:\Windows\SYSTEM32\DBGHELP.DLL
0x00007ffbccf50000 - 0x00007ffbccf7a000 	C:\Windows\SYSTEM32\dbgcore.DLL
0x00007ffbd6290000 - 0x00007ffbd62b9000 	C:\Program Files\Android\Android Studio\jre\bin\java.dll
0x00007ffbe8c40000 - 0x00007ffbe8c4b000 	C:\Program Files\Android\Android Studio\jre\bin\jimage.dll
0x00007ffbdf010000 - 0x00007ffbdf028000 	C:\Program Files\Android\Android Studio\jre\bin\zip.dll
0x00007ffbede80000 - 0x00007ffbef374000 	C:\Windows\System32\SHELL32.dll
0x00007ffbef530000 - 0x00007ffbef5d8000 	C:\Windows\System32\shcore.dll
0x00007ffbed070000 - 0x00007ffbed7bd000 	C:\Windows\System32\windows.storage.dll
0x00007ffbec710000 - 0x00007ffbec734000 	C:\Windows\System32\profapi.dll
0x00007ffbec670000 - 0x00007ffbec6cd000 	C:\Windows\System32\powrprof.dll
0x00007ffbefc00000 - 0x00007ffbefc52000 	C:\Windows\System32\shlwapi.dll
0x00007ffbecdb0000 - 0x00007ffbecdc7000 	C:\Windows\System32\cryptsp.dll
0x00007ffbdee60000 - 0x00007ffbdee7a000 	C:\Program Files\Android\Android Studio\jre\bin\net.dll
0x00007ffbdf7f0000 - 0x00007ffbdf8e2000 	C:\Windows\SYSTEM32\WINHTTP.dll
0x00007ffbebee0000 - 0x00007ffbebf47000 	C:\Windows\system32\mswsock.dll
0x00007ffbd6360000 - 0x00007ffbd6374000 	C:\Program Files\Android\Android Studio\jre\bin\nio.dll
0x00007ffbc4720000 - 0x00007ffbc4747000 	C:\Users\Danick Glishman\.gradle\native\e1d6ef7f7dcc3fd88c89a11ec53ec762bb8ba0a96d01ffa2cd45eb1d1d8dd5c5\windows-amd64\native-platform.dll
0x00007ffbb76b0000 - 0x00007ffbb77f4000 	C:\Users\Danick Glishman\.gradle\native\5664cfc778a61ccfe75a443a1ab52a65af34e5dc3c78e0209fed803814484fcb\windows-amd64\native-platform-file-events.dll
0x00007ffbe3290000 - 0x00007ffbe329a000 	C:\Program Files\Android\Android Studio\jre\bin\management.dll
0x00007ffbded80000 - 0x00007ffbded8d000 	C:\Program Files\Android\Android Studio\jre\bin\management_ext.dll
0x00007ffbeba60000 - 0x00007ffbeba93000 	C:\Windows\system32\rsaenh.dll
0x00007ffbed7c0000 - 0x00007ffbed7e6000 	C:\Windows\System32\bcrypt.dll
0x00007ffbec570000 - 0x00007ffbec598000 	C:\Windows\SYSTEM32\USERENV.dll
0x00007ffbec0b0000 - 0x00007ffbec0bc000 	C:\Windows\SYSTEM32\CRYPTBASE.dll
0x00007ffbebc00000 - 0x00007ffbebc3d000 	C:\Windows\SYSTEM32\IPHLPAPI.DLL
0x00007ffbf0170000 - 0x00007ffbf0178000 	C:\Windows\System32\NSI.dll
0x00007ffbe1670000 - 0x00007ffbe1686000 	C:\Windows\SYSTEM32\dhcpcsvc6.DLL
0x00007ffbe1650000 - 0x00007ffbe166c000 	C:\Windows\SYSTEM32\dhcpcsvc.DLL
0x00007ffbebc40000 - 0x00007ffbebd06000 	C:\Windows\SYSTEM32\DNSAPI.dll

dbghelp: loaded successfully - version: 4.0.5 - missing functions: none
symbol engine: initialized successfully - sym options: 0x614 - pdb path: .;C:\Program Files\Android\Android Studio\jre\bin;C:\Windows\SYSTEM32;C:\Windows\WinSxS\amd64_microsoft.windows.common-controls_6595b64144ccf1df_6.0.17763.1039_none_de701650534c7021;C:\Program Files\Android\Android Studio\jre\bin\server;C:\Users\Danick Glishman\.gradle\native\e1d6ef7f7dcc3fd88c89a11ec53ec762bb8ba0a96d01ffa2cd45eb1d1d8dd5c5\windows-amd64;C:\Users\Danick Glishman\.gradle\native\5664cfc778a61ccfe75a443a1ab52a65af34e5dc3c78e0209fed803814484fcb\windows-amd64

VM Arguments:
jvm_args: --add-opens=java.base/java.util=ALL-UNNAMED --add-opens=java.base/java.lang=ALL-UNNAMED --add-opens=java.base/java.lang.invoke=ALL-UNNAMED --add-opens=java.base/java.util=ALL-UNNAMED --add-opens=java.prefs/java.util.prefs=ALL-UNNAMED --add-opens=java.prefs/java.util.prefs=ALL-UNNAMED --add-opens=java.base/java.nio.charset=ALL-UNNAMED --add-opens=java.base/java.net=ALL-UNNAMED --add-opens=java.base/java.util.concurrent.atomic=ALL-UNNAMED -Xmx2048m -Dfile.encoding=UTF-8 -Duser.country=FR -Duser.language=fr -Duser.variant 
java_command: org.gradle.launcher.daemon.bootstrap.GradleDaemon 7.3.3
java_class_path (initial): C:\Users\Danick Glishman\.gradle\wrapper\dists\gradle-7.3.3-bin\6a41zxkdtcxs8rphpq6y0069z\gradle-7.3.3\lib\gradle-launcher-7.3.3.jar
Launcher Type: SUN_STANDARD

[Global flags]
     intx CICompilerCount                          = 3                                         {product} {ergonomic}
     uint ConcGCThreads                            = 1                                         {product} {ergonomic}
     uint G1ConcRefinementThreads                  = 4                                         {product} {ergonomic}
   size_t G1HeapRegionSize                         = 1048576                                   {product} {ergonomic}
    uintx GCDrainStackTargetSize                   = 64                                        {product} {ergonomic}
   size_t InitialHeapSize                          = 67108864                                  {product} {ergonomic}
   size_t MarkStackSize                            = 4194304                                   {product} {ergonomic}
   size_t MaxHeapSize                              = 2147483648                                {product} {command line}
   size_t MaxNewSize                               = 1287651328                                {product} {ergonomic}
   size_t MinHeapDeltaBytes                        = 1048576                                   {product} {ergonomic}
    uintx NonNMethodCodeHeapSize                   = 5830732                                {pd product} {ergonomic}
    uintx NonProfiledCodeHeapSize                  = 122913754                              {pd product} {ergonomic}
    uintx ProfiledCodeHeapSize                     = 122913754                              {pd product} {ergonomic}
    uintx ReservedCodeCacheSize                    = 251658240                              {pd product} {ergonomic}
     bool SegmentedCodeCache                       = true                                      {product} {ergonomic}
     bool UseCompressedClassPointers               = true                                 {lp64_product} {ergonomic}
     bool UseCompressedOops                        = true                                 {lp64_product} {ergonomic}
     bool UseG1GC                                  = true                                      {product} {ergonomic}
     bool UseLargePagesIndividualAllocation        = false                                  {pd product} {ergonomic}

Logging:
Log output configuration:
 #0: stdout all=warning uptime,level,tags
 #1: stderr all=off uptime,level,tags

Environment Variables:
PATH=C:\Program Files (x86)\Common Files\Oracle\Java\javapath;C:\Program Files (x86)\NVIDIA Corporation\PhysX\Common;C:\Windows\system32;C:\Windows;C:\Windows\System32\Wbem;C:\Windows\System32\WindowsPowerShell\v1.0\;C:\Windows\System32\OpenSSH\;C:\Program Files\Java\jdk-14.0.2\bin;C:\MinGW\bin;C:\Program Files\Git\cmd;C:\ProgramData\ComposerSetup\bin;C:\php;C:\Program Files\Java\jre1.8.0_281;C:\Program Files\Java\jre1.8.0_281\bin\server;C:\Program Files\Java\jdk1.8.0_281\bin;C:\Program Files (x86)\nodejs;C:\Program Files (x86)\nodejs\node_modules\npm\bin;C:\Users\Danick Glishman\AppData\Local\Programs\Python\Python37\Scripts\;C:\Users\Danick Glishman\AppData\Local\Programs\Python\Python37\;C:\Users\Danick Glishman\AppData\Local\Microsoft\WindowsApps;C:\Users\Danick Glishman\AppData\Local\Programs\Microsoft VS Code\bin;C:\Users\Danick Glishman\AppData\Local\GitHubDesktop\bin;C:\Users\Danick Glishman\AppData\Roaming\Composer\vendor\bin;C:\Users\Danick Glishman\AppData\Roaming\npm;C:\Program Files\php-8.0.17-src\php-8.0.17-src;C:\Program Files\Java\jre1.8.0_281;C:\Program Files\Java\jre1.8.0_281\bin\server;C:\Program Files\Java\jdk1.8.0_281\bin;C:\Program Files (x86)\nodejs;C:\Program Files (x86)\nodejs\node_modules\npm\bin;;C:\Program Files\JetBrains\PyCharm Community Edition 2022.1.1\bin;
USERNAME=Danick Glishman
OS=Windows_NT
PROCESSOR_IDENTIFIER=Intel64 Family 6 Model 142 Stepping 10, GenuineIntel



---------------  S Y S T E M  ---------------

OS: Windows 10 , 64 bit Build 17763 (10.0.17763.475)
OS uptime: 2 days 22:31 hours

CPU:total 4 (initial active 4) (2 cores per cpu, 2 threads per core) family 6 model 142 stepping 10 microcode 0x96, cmov, cx8, fxsr, mmx, sse, sse2, sse3, ssse3, sse4.1, sse4.2, popcnt, avx, avx2, aes, clmul, erms, 3dnowpref, lzcnt, ht, tsc, tscinvbit, bmi1, bmi2, adx, fma

Memory: 4k page, system-wide physical 4005M (302M free)
TotalPageFile size 8005M (AvailPageFile size 68M)
current process WorkingSet (physical memory assigned to process): 241M, peak: 242M
current process commit charge ("private bytes"): 291M, peak: 402M

vm_info: OpenJDK 64-Bit Server VM (11.0.12+7-b1504.28-7817840) for windows-amd64 JRE (11.0.12+7-b1504.28-7817840), built on Oct 13 2021 22:12:33 by "builder" with MS VC++ 14.0 (VS2015)

END.
