#
# There is insufficient memory for the Java Runtime Environment to continue.
# Native memory allocation (malloc) failed to allocate 2095536 bytes for Chunk::new
# Possible reasons:
#   The system is out of physical RAM or swap space
#   The process is running with CompressedOops enabled, and the Java Heap may be blocking the growth of the native heap
# Possible solutions:
#   Reduce memory load on the system
#   Increase physical memory or swap space
#   Check if swap backing store is full
#   Decrease Java heap size (-Xmx/-Xms)
#   Decrease number of Java threads
#   Decrease Java thread stack sizes (-Xss)
#   Set larger code cache with -XX:ReservedCodeCacheSize=
#   JVM is running with Unscaled Compressed Oops mode in which the Java heap is
#     placed in the first 4GB address space. The Java Heap base address is the
#     maximum limit for the native heap growth. Please use -XX:HeapBaseMinAddress
#     to set the Java Heap base and to place the Java Heap above 4GB virtual address.
# This output file may be truncated or incomplete.
#
#  Out of Memory Error (./src/hotspot/share/memory/arena.cpp:197), pid=6172, tid=4920
#
# JRE version: OpenJDK Runtime Environment (11.0.12+7) (build 11.0.12+7-b1504.28-7817840)
# Java VM: OpenJDK 64-Bit Server VM (11.0.12+7-b1504.28-7817840, mixed mode, tiered, compressed oops, g1 gc, windows-amd64)
# No core dump will be written. Minidumps are not enabled by default on client versions of Windows
#

---------------  S U M M A R Y ------------

Command Line: --add-opens=java.base/java.util=ALL-UNNAMED --add-opens=java.base/java.lang=ALL-UNNAMED --add-opens=java.base/java.lang.invoke=ALL-UNNAMED --add-opens=java.base/java.util=ALL-UNNAMED --add-opens=java.prefs/java.util.prefs=ALL-UNNAMED --add-opens=java.prefs/java.util.prefs=ALL-UNNAMED --add-opens=java.base/java.nio.charset=ALL-UNNAMED --add-opens=java.base/java.net=ALL-UNNAMED --add-opens=java.base/java.util.concurrent.atomic=ALL-UNNAMED -Xmx2048m -Dfile.encoding=UTF-8 -Duser.country=FR -Duser.language=fr -Duser.variant org.gradle.launcher.daemon.bootstrap.GradleDaemon 7.3.3

Host: Intel(R) Core(TM) i3-7020U CPU @ 2.30GHz, 4 cores, 3G,  Windows 10 , 64 bit Build 17763 (10.0.17763.475)
Time: Sun May 29 17:08:13 2022 Paris, Madrid (heure d?été) elapsed time: 60.173023 seconds (0d 0h 1m 0s)

---------------  T H R E A D  ---------------

Current thread (0x000001fe86da0000):  JavaThread "C2 CompilerThread0" daemon [_thread_in_native, id=4920, stack(0x00000031cb700000,0x00000031cb800000)]


Current CompileTask:
C2:  60173 11820       4       com.android.tools.r8.internal.xa::a (4216 bytes)

Stack: [0x00000031cb700000,0x00000031cb800000]
Native frames: (J=compiled Java code, j=interpreted, Vv=VM code, C=native code)
V  [jvm.dll+0x5fbcea]
V  [jvm.dll+0x731905]
V  [jvm.dll+0x732f1d]
V  [jvm.dll+0x7335d3]
V  [jvm.dll+0x247bf8]
V  [jvm.dll+0xc018c]
V  [jvm.dll+0xc06cc]
V  [jvm.dll+0x35b2db]
V  [jvm.dll+0x328803]
V  [jvm.dll+0x327cfa]
V  [jvm.dll+0x200602]
V  [jvm.dll+0x1ff794]
V  [jvm.dll+0x18868c]
V  [jvm.dll+0x20e0d7]
V  [jvm.dll+0x20c901]
V  [jvm.dll+0x6f9b7f]
V  [jvm.dll+0x6f26a5]
V  [jvm.dll+0x5fabf6]
C  [ucrtbase.dll+0x21ffa]
C  [KERNEL32.DLL+0x17974]
C  [ntdll.dll+0x6a261]


---------------  P R O C E S S  ---------------

Threads class SMR info:
_java_thread_list=0x000001fe941fb170, length=86, elements={
0x000001feec7c3800, 0x000001fe863eb000, 0x000001fe863f6000, 0x000001fe86d95800,
0x000001fe86d97800, 0x000001fe86d99000, 0x000001fe86da0000, 0x000001fe86409800,
0x000001fe8640e800, 0x000001fe86ef3000, 0x000001fe88344000, 0x000001fe880c3000,
0x000001fe87fbe800, 0x000001fe88389800, 0x000001fe8838a800, 0x000001fe88e4b000,
0x000001fe88e4c000, 0x000001fe87f31800, 0x000001fe8735a000, 0x000001fe87597000,
0x000001fe87591800, 0x000001fe87596000, 0x000001fe87595800, 0x000001fe87598000,
0x000001fe87592000, 0x000001fe87594800, 0x000001fe87593800, 0x000001fe87593000,
0x000001fe8b1ad800, 0x000001fe8b1ae800, 0x000001fe8b1b0000, 0x000001fe8b1b1000,
0x000001fe8b1ac000, 0x000001fe8b1b2000, 0x000001fe8b1ad000, 0x000001fe8b1b6800,
0x000001fe8b1b5000, 0x000001fe8b1b6000, 0x000001fe8b1b4800, 0x000001fe8b1b9000,
0x000001fe8b1b7800, 0x000001fe8b1b8800, 0x000001fe8b1b3800, 0x000001fe8b1ba000,
0x000001fe88fa8000, 0x000001fe88fac800, 0x000001fe88fa6800, 0x000001fe88fad000,
0x000001fe88fa7800, 0x000001fe88faa000, 0x000001fe88faa800, 0x000001fe88fab800,
0x000001fe88fae000, 0x000001fe88fae800, 0x000001fe88fa9000, 0x000001fe88faf800,
0x000001fe88fb0800, 0x000001fe88fb1000, 0x000001fe88fb4800, 0x000001fe88fb5000,
0x000001fe88fb2000, 0x000001fe88fb3800, 0x000001fe88fb3000, 0x000001fe89c81800,
0x000001fe89c82800, 0x000001fe89c7e800, 0x000001fe89c83000, 0x000001fe89c84000,
0x000001fe89c85000, 0x000001fe89c80800, 0x000001fe89c7f000, 0x000001fe89c85800,
0x000001fe89c80000, 0x000001fe89c88000, 0x000001fe89c89800, 0x000001fe89c8a800,
0x000001fe89c8b800, 0x000001fe89c86800, 0x000001fe89c8c000, 0x000001fe89c8d000,
0x000001fe89c89000, 0x000001fe915fd800, 0x000001fe915fb000, 0x000001fe915ff000,
0x000001fe915f9800, 0x000001fe915fc800
}

Java Threads: ( => current thread )
  0x000001feec7c3800 JavaThread "main" [_thread_blocked, id=1196, stack(0x00000031cab00000,0x00000031cac00000)]
  0x000001fe863eb000 JavaThread "Reference Handler" daemon [_thread_blocked, id=6860, stack(0x00000031cb200000,0x00000031cb300000)]
  0x000001fe863f6000 JavaThread "Finalizer" daemon [_thread_blocked, id=1288, stack(0x00000031cb300000,0x00000031cb400000)]
  0x000001fe86d95800 JavaThread "Signal Dispatcher" daemon [_thread_blocked, id=8724, stack(0x00000031cb400000,0x00000031cb500000)]
  0x000001fe86d97800 JavaThread "Attach Listener" daemon [_thread_blocked, id=12024, stack(0x00000031cb500000,0x00000031cb600000)]
  0x000001fe86d99000 JavaThread "Service Thread" daemon [_thread_blocked, id=10316, stack(0x00000031cb600000,0x00000031cb700000)]
=>0x000001fe86da0000 JavaThread "C2 CompilerThread0" daemon [_thread_in_native, id=4920, stack(0x00000031cb700000,0x00000031cb800000)]
  0x000001fe86409800 JavaThread "C1 CompilerThread0" daemon [_thread_in_vm, id=11320, stack(0x00000031cb800000,0x00000031cb900000)]
  0x000001fe8640e800 JavaThread "Sweeper thread" daemon [_thread_blocked, id=6564, stack(0x00000031cb900000,0x00000031cba00000)]
  0x000001fe86ef3000 JavaThread "Common-Cleaner" daemon [_thread_blocked, id=632, stack(0x00000031cba00000,0x00000031cbb00000)]
  0x000001fe88344000 JavaThread "Daemon health stats" [_thread_blocked, id=13184, stack(0x00000031cbc00000,0x00000031cbd00000)]
  0x000001fe880c3000 JavaThread "Incoming local TCP Connector on port 64819" [_thread_in_native, id=8144, stack(0x00000031cbe00000,0x00000031cbf00000)]
  0x000001fe87fbe800 JavaThread "Daemon periodic checks" [_thread_blocked, id=4392, stack(0x00000031cbf00000,0x00000031cc000000)]
  0x000001fe88389800 JavaThread "Daemon" [_thread_blocked, id=2724, stack(0x00000031cc000000,0x00000031cc100000)]
  0x000001fe8838a800 JavaThread "Handler for socket connection from /127.0.0.1:64819 to /127.0.0.1:64820" [_thread_in_native, id=768, stack(0x00000031cc100000,0x00000031cc200000)]
  0x000001fe88e4b000 JavaThread "Cancel handler" [_thread_blocked, id=11976, stack(0x00000031cc200000,0x00000031cc300000)]
  0x000001fe88e4c000 JavaThread "Daemon worker" [_thread_blocked, id=9560, stack(0x00000031cc300000,0x00000031cc400000)]
  0x000001fe87f31800 JavaThread "Asynchronous log dispatcher for DefaultDaemonConnection: socket connection from /127.0.0.1:64819 to /127.0.0.1:64820" [_thread_blocked, id=8852, stack(0x00000031cc400000,0x00000031cc500000)]
  0x000001fe8735a000 JavaThread "Stdin handler" [_thread_blocked, id=7160, stack(0x00000031cc500000,0x00000031cc600000)]
  0x000001fe87597000 JavaThread "Daemon client event forwarder" [_thread_blocked, id=3940, stack(0x00000031cc800000,0x00000031cc900000)]
  0x000001fe87591800 JavaThread "Cache worker for journal cache (C:\Users\Danick Glishman\.gradle\caches\journal-1)" [_thread_blocked, id=10148, stack(0x00000031cc900000,0x00000031cca00000)]
  0x000001fe87596000 JavaThread "File lock request listener" [_thread_in_native, id=908, stack(0x00000031cca00000,0x00000031ccb00000)]
  0x000001fe87595800 JavaThread "Cache worker for file hash cache (C:\Users\Danick Glishman\.gradle\caches\7.3.3\fileHashes)" [_thread_blocked, id=6504, stack(0x00000031ccb00000,0x00000031ccc00000)]
  0x000001fe87598000 JavaThread "Cache worker for file hash cache (C:\Users\Danick Glishman\AndroidStudioProjects\CalculatorDanick\.gradle\7.3.3\fileHashes)" [_thread_blocked, id=3212, stack(0x00000031ccd00000,0x00000031cce00000)]
  0x000001fe87592000 JavaThread "File watcher server" daemon [_thread_in_native, id=13060, stack(0x00000031ccc00000,0x00000031ccd00000)]
  0x000001fe87594800 JavaThread "File watcher consumer" daemon [_thread_blocked, id=5392, stack(0x00000031cce00000,0x00000031ccf00000)]
  0x000001fe87593800 JavaThread "Cache worker for checksums cache (C:\Users\Danick Glishman\AndroidStudioProjects\CalculatorDanick\.gradle\7.3.3\checksums)" [_thread_blocked, id=2268, stack(0x00000031ccf00000,0x00000031cd000000)]
  0x000001fe87593000 JavaThread "Cache worker for cache directory md-supplier (C:\Users\Danick Glishman\.gradle\caches\7.3.3\md-supplier)" [_thread_blocked, id=6344, stack(0x00000031cd000000,0x00000031cd100000)]
  0x000001fe8b1ad800 JavaThread "Cache worker for cache directory md-rule (C:\Users\Danick Glishman\.gradle\caches\7.3.3\md-rule)" [_thread_blocked, id=844, stack(0x00000031cd200000,0x00000031cd300000)]
  0x000001fe8b1ae800 JavaThread "Cache worker for execution history cache (C:\Users\Danick Glishman\.gradle\caches\7.3.3\executionHistory)" [_thread_blocked, id=1832, stack(0x00000031cd300000,0x00000031cd400000)]
  0x000001fe8b1b0000 JavaThread "jar transforms" [_thread_blocked, id=6168, stack(0x00000031cd400000,0x00000031cd500000)]
  0x000001fe8b1b1000 JavaThread "Cache worker for file content cache (C:\Users\Danick Glishman\.gradle\caches\7.3.3\fileContent)" [_thread_blocked, id=6672, stack(0x00000031cd500000,0x00000031cd600000)]
  0x000001fe8b1ac000 JavaThread "jar transforms Thread 2" [_thread_blocked, id=10896, stack(0x00000031cd600000,0x00000031cd700000)]
  0x000001fe8b1b2000 JavaThread "Cache worker for dependencies-accessors (C:\Users\Danick Glishman\AndroidStudioProjects\CalculatorDanick\.gradle\7.3.3\dependencies-accessors)" [_thread_blocked, id=11876, stack(0x00000031cd700000,0x00000031cd800000)]
  0x000001fe8b1ad000 JavaThread "jar transforms Thread 3" [_thread_blocked, id=12472, stack(0x00000031cd100000,0x00000031cd200000)]
  0x000001fe8b1b6800 JavaThread "Cache worker for Build Output Cleanup Cache (C:\Users\Danick Glishman\AndroidStudioProjects\CalculatorDanick\.gradle\buildOutputCleanup)" [_thread_blocked, id=2400, stack(0x00000031cd900000,0x00000031cda00000)]
  0x000001fe8b1b5000 JavaThread "Unconstrained build operations" [_thread_blocked, id=11956, stack(0x00000031cd800000,0x00000031cd900000)]
  0x000001fe8b1b6000 JavaThread "Unconstrained build operations Thread 2" [_thread_blocked, id=504, stack(0x00000031cda00000,0x00000031cdb00000)]
  0x000001fe8b1b4800 JavaThread "Unconstrained build operations Thread 3" [_thread_blocked, id=2488, stack(0x00000031cdb00000,0x00000031cdc00000)]
  0x000001fe8b1b9000 JavaThread "Unconstrained build operations Thread 4" [_thread_blocked, id=9068, stack(0x00000031cdc00000,0x00000031cdd00000)]
  0x000001fe8b1b7800 JavaThread "Unconstrained build operations Thread 5" [_thread_blocked, id=10208, stack(0x00000031cdd00000,0x00000031cde00000)]
  0x000001fe8b1b8800 JavaThread "Unconstrained build operations Thread 6" [_thread_blocked, id=11660, stack(0x00000031cde00000,0x00000031cdf00000)]
  0x000001fe8b1b3800 JavaThread "Unconstrained build operations Thread 7" [_thread_blocked, id=11120, stack(0x00000031cdf00000,0x00000031ce000000)]
  0x000001fe8b1ba000 JavaThread "Unconstrained build operations Thread 8" [_thread_blocked, id=10384, stack(0x00000031ce000000,0x00000031ce100000)]
  0x000001fe88fa8000 JavaThread "Unconstrained build operations Thread 9" [_thread_blocked, id=7532, stack(0x00000031ce100000,0x00000031ce200000)]
  0x000001fe88fac800 JavaThread "Unconstrained build operations Thread 10" [_thread_in_native, id=6668, stack(0x00000031ce200000,0x00000031ce300000)]
  0x000001fe88fa6800 JavaThread "Unconstrained build operations Thread 11" [_thread_blocked, id=7192, stack(0x00000031ce300000,0x00000031ce400000)]
  0x000001fe88fad000 JavaThread "Unconstrained build operations Thread 12" [_thread_blocked, id=5524, stack(0x00000031ce400000,0x00000031ce500000)]
  0x000001fe88fa7800 JavaThread "Unconstrained build operations Thread 13" [_thread_blocked, id=2904, stack(0x00000031ce500000,0x00000031ce600000)]
  0x000001fe88faa000 JavaThread "Unconstrained build operations Thread 14" [_thread_blocked, id=2656, stack(0x00000031ce600000,0x00000031ce700000)]
  0x000001fe88faa800 JavaThread "Unconstrained build operations Thread 15" [_thread_in_Java, id=12400, stack(0x00000031ce700000,0x00000031ce800000)]
  0x000001fe88fab800 JavaThread "Unconstrained build operations Thread 16" [_thread_blocked, id=256, stack(0x00000031ce800000,0x00000031ce900000)]
  0x000001fe88fae000 JavaThread "Unconstrained build operations Thread 17" [_thread_blocked, id=12936, stack(0x00000031ce900000,0x00000031cea00000)]
  0x000001fe88fae800 JavaThread "Unconstrained build operations Thread 18" [_thread_blocked, id=3028, stack(0x00000031cea00000,0x00000031ceb00000)]
  0x000001fe88fa9000 JavaThread "Unconstrained build operations Thread 19" [_thread_blocked, id=11376, stack(0x00000031ceb00000,0x00000031cec00000)]
  0x000001fe88faf800 JavaThread "Unconstrained build operations Thread 20" [_thread_blocked, id=6196, stack(0x00000031cec00000,0x00000031ced00000)]
  0x000001fe88fb0800 JavaThread "Unconstrained build operations Thread 21" [_thread_blocked, id=12328, stack(0x00000031ced00000,0x00000031cee00000)]
  0x000001fe88fb1000 JavaThread "Unconstrained build operations Thread 22" [_thread_blocked, id=7556, stack(0x00000031cee00000,0x00000031cef00000)]
  0x000001fe88fb4800 JavaThread "Unconstrained build operations Thread 23" [_thread_blocked, id=3552, stack(0x00000031cef00000,0x00000031cf000000)]
  0x000001fe88fb5000 JavaThread "Unconstrained build operations Thread 24" [_thread_blocked, id=3676, stack(0x00000031cf000000,0x00000031cf100000)]
  0x000001fe88fb2000 JavaThread "Unconstrained build operations Thread 25" [_thread_blocked, id=8596, stack(0x00000031cf100000,0x00000031cf200000)]
  0x000001fe88fb3800 JavaThread "Unconstrained build operations Thread 26" [_thread_in_native, id=11308, stack(0x00000031cf200000,0x00000031cf300000)]
  0x000001fe88fb3000 JavaThread "Unconstrained build operations Thread 27" [_thread_blocked, id=5220, stack(0x00000031cf300000,0x00000031cf400000)]
  0x000001fe89c81800 JavaThread "Unconstrained build operations Thread 28" [_thread_blocked, id=4868, stack(0x00000031cf400000,0x00000031cf500000)]
  0x000001fe89c82800 JavaThread "Unconstrained build operations Thread 29" [_thread_blocked, id=4320, stack(0x00000031cf500000,0x00000031cf600000)]
  0x000001fe89c7e800 JavaThread "Unconstrained build operations Thread 30" [_thread_blocked, id=5492, stack(0x00000031cf600000,0x00000031cf700000)]
  0x000001fe89c83000 JavaThread "Unconstrained build operations Thread 31" [_thread_blocked, id=4504, stack(0x00000031cf700000,0x00000031cf800000)]
  0x000001fe89c84000 JavaThread "Unconstrained build operations Thread 32" [_thread_blocked, id=1040, stack(0x00000031cf800000,0x00000031cf900000)]
  0x000001fe89c85000 JavaThread "Unconstrained build operations Thread 33" [_thread_blocked, id=3880, stack(0x00000031cf900000,0x00000031cfa00000)]
  0x000001fe89c80800 JavaThread "Unconstrained build operations Thread 34" [_thread_blocked, id=1540, stack(0x00000031cfa00000,0x00000031cfb00000)]
  0x000001fe89c7f000 JavaThread "Unconstrained build operations Thread 35" [_thread_blocked, id=6768, stack(0x00000031cfb00000,0x00000031cfc00000)]
  0x000001fe89c85800 JavaThread "Unconstrained build operations Thread 36" [_thread_blocked, id=12224, stack(0x00000031cfc00000,0x00000031cfd00000)]
  0x000001fe89c80000 JavaThread "Unconstrained build operations Thread 37" [_thread_blocked, id=7724, stack(0x00000031cfd00000,0x00000031cfe00000)]
  0x000001fe89c88000 JavaThread "Unconstrained build operations Thread 38" [_thread_blocked, id=6880, stack(0x00000031cfe00000,0x00000031cff00000)]
  0x000001fe89c89800 JavaThread "Unconstrained build operations Thread 39" [_thread_blocked, id=10956, stack(0x00000031cff00000,0x00000031d0000000)]
  0x000001fe89c8a800 JavaThread "Unconstrained build operations Thread 40" [_thread_blocked, id=9456, stack(0x00000031d0000000,0x00000031d0100000)]
  0x000001fe89c8b800 JavaThread "jar transforms Thread 4" [_thread_blocked, id=4696, stack(0x00000031d0100000,0x00000031d0200000)]
  0x000001fe89c86800 JavaThread "Memory manager" [_thread_blocked, id=6984, stack(0x00000031d0300000,0x00000031d0400000)]
  0x000001fe89c8c000 JavaThread "build event listener" [_thread_blocked, id=10932, stack(0x00000031d0600000,0x00000031d0700000)]
  0x000001fe89c8d000 JavaThread "pool-3-thread-1" [_thread_blocked, id=3460, stack(0x00000031d0700000,0x00000031d0800000)]
  0x000001fe89c89000 JavaThread "build event listener" [_thread_blocked, id=1848, stack(0x00000031d0800000,0x00000031d0900000)]
  0x000001fe915fd800 JavaThread "Execution worker for ':'" [_thread_blocked, id=8964, stack(0x00000031d0900000,0x00000031d0a00000)]
  0x000001fe915fb000 JavaThread "Execution worker for ':' Thread 2" [_thread_blocked, id=7628, stack(0x00000031d0a00000,0x00000031d0b00000)]
  0x000001fe915ff000 JavaThread "Execution worker for ':' Thread 3" [_thread_blocked, id=888, stack(0x00000031d0b00000,0x00000031d0c00000)]
  0x000001fe915f9800 JavaThread "Cache worker for execution history cache (C:\Users\Danick Glishman\AndroidStudioProjects\CalculatorDanick\.gradle\7.3.3\executionHistory)" [_thread_blocked, id=10832, stack(0x00000031d0c00000,0x00000031d0d00000)]
  0x000001fe915fc800 JavaThread "WorkerExecutor Queue" [_thread_blocked, id=9348, stack(0x00000031d0d00000,0x00000031d0e00000)]

Other Threads:
  0x000001fe863e8000 VMThread "VM Thread" [stack: 0x00000031cb100000,0x00000031cb200000] [id=10996]
  0x000001fe86f00800 WatcherThread [stack: 0x00000031cbb00000,0x00000031cbc00000] [id=2076]
  0x000001feec7da000 GCTaskThread "GC Thread#0" [stack: 0x00000031cac00000,0x00000031cad00000] [id=12632]
  0x000001fe8794e800 GCTaskThread "GC Thread#1" [stack: 0x00000031cbd00000,0x00000031cbe00000] [id=11404]
  0x000001fe8714d800 GCTaskThread "GC Thread#2" [stack: 0x00000031cc600000,0x00000031cc700000] [id=2080]
  0x000001fe87efc800 GCTaskThread "GC Thread#3" [stack: 0x00000031cc700000,0x00000031cc800000] [id=10988]
  0x000001feec80c800 ConcurrentGCThread "G1 Main Marker" [stack: 0x00000031cad00000,0x00000031cae00000] [id=11924]
  0x000001feec80f000 ConcurrentGCThread "G1 Conc#0" [stack: 0x00000031cae00000,0x00000031caf00000] [id=8072]
  0x000001fe86233800 ConcurrentGCThread "G1 Refine#0" [stack: 0x00000031caf00000,0x00000031cb000000] [id=444]
  0x000001fe86236000 ConcurrentGCThread "G1 Young RemSet Sampling" [stack: 0x00000031cb000000,0x00000031cb100000] [id=7200]

Threads with active compile tasks:
C2 CompilerThread0  61001 11820       4       com.android.tools.r8.internal.xa::a (4216 bytes)
C1 CompilerThread0  61001 12978       2       com.android.tools.r8.internal.qb::n (691 bytes)

VM state:not at safepoint (normal execution)

VM Mutex/Monitor currently owned by a thread: None

Heap address: 0x0000000080000000, size: 2048 MB, Compressed Oops mode: 32-bit
Narrow klass base: 0x0000000000000000, Narrow klass shift: 3
Compressed class space size: 1073741824 Address: 0x0000000100000000

Heap:
 garbage-first heap   total 280576K, used 160793K [0x0000000080000000, 0x0000000100000000)
  region size 1024K, 20 young (20480K), 6 survivors (6144K)
 Metaspace       used 101350K, capacity 103757K, committed 103936K, reserved 1138688K
  class space    used 13115K, capacity 14063K, committed 14080K, reserved 1048576K
Heap Regions: E=young(eden), S=young(survivor), O=old, HS=humongous(starts), HC=humongous(continues), CS=collection set, F=free, A=archive, TAMS=top-at-mark-start (previous, next)
|   0|0x0000000080000000, 0x0000000080100000, 0x0000000080100000|100%|HS|  |TAMS 0x0000000080100000, 0x0000000080100000| Complete 
|   1|0x0000000080100000, 0x0000000080200000, 0x0000000080200000|100%|HC|  |TAMS 0x0000000080200000, 0x0000000080200000| Complete 
|   2|0x0000000080200000, 0x0000000080300000, 0x0000000080300000|100%|HC|  |TAMS 0x0000000080300000, 0x0000000080300000| Complete 
|   3|0x0000000080300000, 0x0000000080400000, 0x0000000080400000|100%| O|  |TAMS 0x0000000080400000, 0x0000000080400000| Untracked 
|   4|0x0000000080400000, 0x0000000080500000, 0x0000000080500000|100%| O|  |TAMS 0x0000000080500000, 0x0000000080500000| Untracked 
|   5|0x0000000080500000, 0x0000000080600000, 0x0000000080600000|100%| O|  |TAMS 0x0000000080600000, 0x0000000080600000| Untracked 
|   6|0x0000000080600000, 0x0000000080700000, 0x0000000080700000|100%| O|  |TAMS 0x0000000080700000, 0x0000000080700000| Untracked 
|   7|0x0000000080700000, 0x0000000080800000, 0x0000000080800000|100%| O|  |TAMS 0x0000000080800000, 0x0000000080800000| Untracked 
|   8|0x0000000080800000, 0x0000000080900000, 0x0000000080900000|100%| O|  |TAMS 0x0000000080900000, 0x0000000080900000| Untracked 
|   9|0x0000000080900000, 0x0000000080a00000, 0x0000000080a00000|100%| O|  |TAMS 0x0000000080a00000, 0x0000000080a00000| Untracked 
|  10|0x0000000080a00000, 0x0000000080b00000, 0x0000000080b00000|100%| O|  |TAMS 0x0000000080b00000, 0x0000000080b00000| Untracked 
|  11|0x0000000080b00000, 0x0000000080c00000, 0x0000000080c00000|100%| O|  |TAMS 0x0000000080c00000, 0x0000000080c00000| Untracked 
|  12|0x0000000080c00000, 0x0000000080d00000, 0x0000000080d00000|100%| O|  |TAMS 0x0000000080d00000, 0x0000000080d00000| Untracked 
|  13|0x0000000080d00000, 0x0000000080e00000, 0x0000000080e00000|100%| O|  |TAMS 0x0000000080e00000, 0x0000000080e00000| Untracked 
|  14|0x0000000080e00000, 0x0000000080f00000, 0x0000000080f00000|100%| O|  |TAMS 0x0000000080f00000, 0x0000000080f00000| Untracked 
|  15|0x0000000080f00000, 0x0000000081000000, 0x0000000081000000|100%| O|  |TAMS 0x0000000081000000, 0x0000000081000000| Untracked 
|  16|0x0000000081000000, 0x0000000081100000, 0x0000000081100000|100%| O|  |TAMS 0x0000000081100000, 0x0000000081100000| Untracked 
|  17|0x0000000081100000, 0x0000000081200000, 0x0000000081200000|100%| O|  |TAMS 0x0000000081200000, 0x0000000081200000| Untracked 
|  18|0x0000000081200000, 0x0000000081300000, 0x0000000081300000|100%| O|  |TAMS 0x0000000081300000, 0x0000000081300000| Untracked 
|  19|0x0000000081300000, 0x0000000081400000, 0x0000000081400000|100%| O|  |TAMS 0x0000000081400000, 0x0000000081400000| Untracked 
|  20|0x0000000081400000, 0x0000000081500000, 0x0000000081500000|100%| O|  |TAMS 0x0000000081500000, 0x0000000081500000| Untracked 
|  21|0x0000000081500000, 0x0000000081600000, 0x0000000081600000|100%| O|  |TAMS 0x0000000081600000, 0x0000000081600000| Untracked 
|  22|0x0000000081600000, 0x0000000081700000, 0x0000000081700000|100%| O|  |TAMS 0x0000000081700000, 0x0000000081700000| Untracked 
|  23|0x0000000081700000, 0x0000000081800000, 0x0000000081800000|100%| O|  |TAMS 0x0000000081800000, 0x0000000081800000| Untracked 
|  24|0x0000000081800000, 0x0000000081900000, 0x0000000081900000|100%| O|  |TAMS 0x0000000081900000, 0x0000000081900000| Untracked 
|  25|0x0000000081900000, 0x0000000081a00000, 0x0000000081a00000|100%| O|  |TAMS 0x0000000081a00000, 0x0000000081a00000| Untracked 
|  26|0x0000000081a00000, 0x0000000081b00000, 0x0000000081b00000|100%| O|  |TAMS 0x0000000081b00000, 0x0000000081b00000| Untracked 
|  27|0x0000000081b00000, 0x0000000081c00000, 0x0000000081c00000|100%| O|  |TAMS 0x0000000081c00000, 0x0000000081c00000| Untracked 
|  28|0x0000000081c00000, 0x0000000081d00000, 0x0000000081d00000|100%| O|  |TAMS 0x0000000081d00000, 0x0000000081d00000| Untracked 
|  29|0x0000000081d00000, 0x0000000081e00000, 0x0000000081e00000|100%|HS|  |TAMS 0x0000000081e00000, 0x0000000081e00000| Complete 
|  30|0x0000000081e00000, 0x0000000081f00000, 0x0000000081f00000|100%|HS|  |TAMS 0x0000000081f00000, 0x0000000081f00000| Complete 
|  31|0x0000000081f00000, 0x0000000082000000, 0x0000000082000000|100%|HS|  |TAMS 0x0000000082000000, 0x0000000082000000| Complete 
|  32|0x0000000082000000, 0x0000000082100000, 0x0000000082100000|100%|HC|  |TAMS 0x0000000082100000, 0x0000000082100000| Complete 
|  33|0x0000000082100000, 0x0000000082200000, 0x0000000082200000|100%| O|  |TAMS 0x0000000082200000, 0x0000000082200000| Untracked 
|  34|0x0000000082200000, 0x0000000082300000, 0x0000000082300000|100%| O|  |TAMS 0x0000000082300000, 0x0000000082300000| Untracked 
|  35|0x0000000082300000, 0x0000000082400000, 0x0000000082400000|100%| O|  |TAMS 0x0000000082400000, 0x0000000082400000| Untracked 
|  36|0x0000000082400000, 0x0000000082500000, 0x0000000082500000|100%| O|  |TAMS 0x0000000082500000, 0x0000000082500000| Untracked 
|  37|0x0000000082500000, 0x0000000082600000, 0x0000000082600000|100%| O|  |TAMS 0x0000000082600000, 0x0000000082600000| Untracked 
|  38|0x0000000082600000, 0x0000000082700000, 0x0000000082700000|100%| O|  |TAMS 0x0000000082700000, 0x0000000082700000| Untracked 
|  39|0x0000000082700000, 0x0000000082800000, 0x0000000082800000|100%| O|  |TAMS 0x0000000082800000, 0x0000000082800000| Untracked 
|  40|0x0000000082800000, 0x0000000082900000, 0x0000000082900000|100%| O|  |TAMS 0x0000000082900000, 0x0000000082900000| Untracked 
|  41|0x0000000082900000, 0x0000000082a00000, 0x0000000082a00000|100%| O|  |TAMS 0x0000000082a00000, 0x0000000082a00000| Untracked 
|  42|0x0000000082a00000, 0x0000000082b00000, 0x0000000082b00000|100%| O|  |TAMS 0x0000000082b00000, 0x0000000082b00000| Untracked 
|  43|0x0000000082b00000, 0x0000000082c00000, 0x0000000082c00000|100%| O|  |TAMS 0x0000000082c00000, 0x0000000082c00000| Untracked 
|  44|0x0000000082c00000, 0x0000000082d00000, 0x0000000082d00000|100%| O|  |TAMS 0x0000000082d00000, 0x0000000082d00000| Untracked 
|  45|0x0000000082d00000, 0x0000000082e00000, 0x0000000082e00000|100%| O|  |TAMS 0x0000000082e00000, 0x0000000082e00000| Untracked 
|  46|0x0000000082e00000, 0x0000000082f00000, 0x0000000082f00000|100%| O|  |TAMS 0x0000000082f00000, 0x0000000082f00000| Untracked 
|  47|0x0000000082f00000, 0x0000000083000000, 0x0000000083000000|100%| O|  |TAMS 0x0000000083000000, 0x0000000083000000| Untracked 
|  48|0x0000000083000000, 0x0000000083100000, 0x0000000083100000|100%| O|  |TAMS 0x0000000083100000, 0x0000000083100000| Untracked 
|  49|0x0000000083100000, 0x0000000083200000, 0x0000000083200000|100%| O|  |TAMS 0x0000000083200000, 0x0000000083200000| Untracked 
|  50|0x0000000083200000, 0x0000000083300000, 0x0000000083300000|100%| O|  |TAMS 0x0000000083300000, 0x0000000083300000| Untracked 
|  51|0x0000000083300000, 0x0000000083400000, 0x0000000083400000|100%| O|  |TAMS 0x0000000083400000, 0x0000000083400000| Untracked 
|  52|0x0000000083400000, 0x0000000083500000, 0x0000000083500000|100%| O|  |TAMS 0x0000000083500000, 0x0000000083500000| Untracked 
|  53|0x0000000083500000, 0x0000000083600000, 0x0000000083600000|100%| O|  |TAMS 0x0000000083600000, 0x0000000083600000| Untracked 
|  54|0x0000000083600000, 0x0000000083700000, 0x0000000083700000|100%| O|  |TAMS 0x0000000083700000, 0x0000000083700000| Untracked 
|  55|0x0000000083700000, 0x0000000083800000, 0x0000000083800000|100%| O|  |TAMS 0x0000000083800000, 0x0000000083800000| Untracked 
|  56|0x0000000083800000, 0x0000000083900000, 0x0000000083900000|100%| O|  |TAMS 0x0000000083900000, 0x0000000083900000| Untracked 
|  57|0x0000000083900000, 0x0000000083a00000, 0x0000000083a00000|100%| O|  |TAMS 0x0000000083a00000, 0x0000000083a00000| Untracked 
|  58|0x0000000083a00000, 0x0000000083b00000, 0x0000000083b00000|100%| O|  |TAMS 0x0000000083b00000, 0x0000000083b00000| Untracked 
|  59|0x0000000083b00000, 0x0000000083c00000, 0x0000000083c00000|100%| O|  |TAMS 0x0000000083c00000, 0x0000000083c00000| Untracked 
|  60|0x0000000083c00000, 0x0000000083d00000, 0x0000000083d00000|100%| O|  |TAMS 0x0000000083d00000, 0x0000000083d00000| Untracked 
|  61|0x0000000083d00000, 0x0000000083e00000, 0x0000000083e00000|100%| O|  |TAMS 0x0000000083e00000, 0x0000000083e00000| Untracked 
|  62|0x0000000083e00000, 0x0000000083f00000, 0x0000000083f00000|100%| O|  |TAMS 0x0000000083f00000, 0x0000000083f00000| Untracked 
|  63|0x0000000083f00000, 0x0000000084000000, 0x0000000084000000|100%| O|  |TAMS 0x0000000084000000, 0x0000000084000000| Untracked 
|  64|0x0000000084000000, 0x0000000084100000, 0x0000000084100000|100%| O|  |TAMS 0x0000000084100000, 0x0000000084100000| Untracked 
|  65|0x0000000084100000, 0x0000000084200000, 0x0000000084200000|100%| O|  |TAMS 0x0000000084200000, 0x0000000084200000| Untracked 
|  66|0x0000000084200000, 0x0000000084300000, 0x0000000084300000|100%| O|  |TAMS 0x0000000084300000, 0x0000000084300000| Untracked 
|  67|0x0000000084300000, 0x0000000084400000, 0x0000000084400000|100%| O|  |TAMS 0x0000000084400000, 0x0000000084400000| Untracked 
|  68|0x0000000084400000, 0x0000000084500000, 0x0000000084500000|100%| O|  |TAMS 0x0000000084500000, 0x0000000084500000| Untracked 
|  69|0x0000000084500000, 0x0000000084600000, 0x0000000084600000|100%| O|  |TAMS 0x0000000084600000, 0x0000000084600000| Untracked 
|  70|0x0000000084600000, 0x0000000084700000, 0x0000000084700000|100%| O|  |TAMS 0x0000000084700000, 0x0000000084700000| Untracked 
|  71|0x0000000084700000, 0x0000000084800000, 0x0000000084800000|100%| O|  |TAMS 0x0000000084800000, 0x0000000084800000| Untracked 
|  72|0x0000000084800000, 0x0000000084900000, 0x0000000084900000|100%| O|  |TAMS 0x0000000084900000, 0x0000000084900000| Untracked 
|  73|0x0000000084900000, 0x0000000084a00000, 0x0000000084a00000|100%| O|  |TAMS 0x0000000084a00000, 0x0000000084a00000| Untracked 
|  74|0x0000000084a00000, 0x0000000084b00000, 0x0000000084b00000|100%| O|  |TAMS 0x0000000084b00000, 0x0000000084b00000| Untracked 
|  75|0x0000000084b00000, 0x0000000084c00000, 0x0000000084c00000|100%| O|  |TAMS 0x0000000084c00000, 0x0000000084c00000| Untracked 
|  76|0x0000000084c00000, 0x0000000084d00000, 0x0000000084d00000|100%| O|  |TAMS 0x0000000084d00000, 0x0000000084d00000| Untracked 
|  77|0x0000000084d00000, 0x0000000084e00000, 0x0000000084e00000|100%| O|  |TAMS 0x0000000084e00000, 0x0000000084e00000| Untracked 
|  78|0x0000000084e00000, 0x0000000084f00000, 0x0000000084f00000|100%|HS|  |TAMS 0x0000000084f00000, 0x0000000084f00000| Complete 
|  79|0x0000000084f00000, 0x0000000085000000, 0x0000000085000000|100%|HC|  |TAMS 0x0000000085000000, 0x0000000085000000| Complete 
|  80|0x0000000085000000, 0x0000000085100000, 0x0000000085100000|100%| O|  |TAMS 0x0000000085100000, 0x0000000085100000| Untracked 
|  81|0x0000000085100000, 0x0000000085200000, 0x0000000085200000|100%| O|  |TAMS 0x0000000085200000, 0x0000000085200000| Untracked 
|  82|0x0000000085200000, 0x0000000085300000, 0x0000000085300000|100%| O|  |TAMS 0x0000000085300000, 0x0000000085300000| Untracked 
|  83|0x0000000085300000, 0x0000000085400000, 0x0000000085400000|100%| O|  |TAMS 0x0000000085400000, 0x0000000085400000| Untracked 
|  84|0x0000000085400000, 0x0000000085500000, 0x0000000085500000|100%| O|  |TAMS 0x0000000085500000, 0x0000000085500000| Untracked 
|  85|0x0000000085500000, 0x0000000085600000, 0x0000000085600000|100%| O|  |TAMS 0x0000000085600000, 0x0000000085600000| Untracked 
|  86|0x0000000085600000, 0x0000000085700000, 0x0000000085700000|100%| O|  |TAMS 0x0000000085700000, 0x0000000085700000| Untracked 
|  87|0x0000000085700000, 0x0000000085800000, 0x0000000085800000|100%| O|  |TAMS 0x0000000085800000, 0x0000000085800000| Untracked 
|  88|0x0000000085800000, 0x0000000085900000, 0x0000000085900000|100%| O|  |TAMS 0x0000000085900000, 0x0000000085900000| Untracked 
|  89|0x0000000085900000, 0x0000000085a00000, 0x0000000085a00000|100%| O|  |TAMS 0x0000000085a00000, 0x0000000085a00000| Untracked 
|  90|0x0000000085a00000, 0x0000000085b00000, 0x0000000085b00000|100%| O|  |TAMS 0x0000000085b00000, 0x0000000085b00000| Untracked 
|  91|0x0000000085b00000, 0x0000000085c00000, 0x0000000085c00000|100%| O|  |TAMS 0x0000000085c00000, 0x0000000085c00000| Untracked 
|  92|0x0000000085c00000, 0x0000000085d00000, 0x0000000085d00000|100%| O|  |TAMS 0x0000000085d00000, 0x0000000085d00000| Untracked 
|  93|0x0000000085d00000, 0x0000000085e00000, 0x0000000085e00000|100%| O|  |TAMS 0x0000000085e00000, 0x0000000085e00000| Untracked 
|  94|0x0000000085e00000, 0x0000000085f00000, 0x0000000085f00000|100%| O|  |TAMS 0x0000000085f00000, 0x0000000085f00000| Untracked 
|  95|0x0000000085f00000, 0x0000000086000000, 0x0000000086000000|100%| O|  |TAMS 0x0000000086000000, 0x0000000086000000| Untracked 
|  96|0x0000000086000000, 0x0000000086100000, 0x0000000086100000|100%| O|  |TAMS 0x0000000086100000, 0x0000000086100000| Untracked 
|  97|0x0000000086100000, 0x0000000086200000, 0x0000000086200000|100%| O|  |TAMS 0x0000000086200000, 0x0000000086200000| Untracked 
|  98|0x0000000086200000, 0x0000000086300000, 0x0000000086300000|100%| O|  |TAMS 0x0000000086300000, 0x0000000086300000| Untracked 
|  99|0x0000000086300000, 0x0000000086400000, 0x0000000086400000|100%| O|  |TAMS 0x0000000086400000, 0x0000000086400000| Untracked 
| 100|0x0000000086400000, 0x0000000086500000, 0x0000000086500000|100%| O|  |TAMS 0x0000000086500000, 0x0000000086500000| Untracked 
| 101|0x0000000086500000, 0x0000000086600000, 0x0000000086600000|100%| O|  |TAMS 0x0000000086600000, 0x0000000086600000| Untracked 
| 102|0x0000000086600000, 0x0000000086700000, 0x0000000086700000|100%| O|  |TAMS 0x0000000086700000, 0x0000000086700000| Untracked 
| 103|0x0000000086700000, 0x0000000086800000, 0x0000000086800000|100%| O|  |TAMS 0x0000000086800000, 0x0000000086800000| Untracked 
| 104|0x0000000086800000, 0x0000000086900000, 0x0000000086900000|100%| O|  |TAMS 0x0000000086900000, 0x0000000086900000| Untracked 
| 105|0x0000000086900000, 0x0000000086a00000, 0x0000000086a00000|100%| O|  |TAMS 0x0000000086a00000, 0x0000000086a00000| Untracked 
| 106|0x0000000086a00000, 0x0000000086b00000, 0x0000000086b00000|100%| O|  |TAMS 0x0000000086b00000, 0x0000000086b00000| Untracked 
| 107|0x0000000086b00000, 0x0000000086c00000, 0x0000000086c00000|100%| O|  |TAMS 0x0000000086c00000, 0x0000000086c00000| Untracked 
| 108|0x0000000086c00000, 0x0000000086d00000, 0x0000000086d00000|100%| O|  |TAMS 0x0000000086d00000, 0x0000000086d00000| Untracked 
| 109|0x0000000086d00000, 0x0000000086e00000, 0x0000000086e00000|100%| O|  |TAMS 0x0000000086e00000, 0x0000000086e00000| Untracked 
| 110|0x0000000086e00000, 0x0000000086f00000, 0x0000000086f00000|100%| O|  |TAMS 0x0000000086f00000, 0x0000000086f00000| Untracked 
| 111|0x0000000086f00000, 0x0000000087000000, 0x0000000087000000|100%| O|  |TAMS 0x0000000087000000, 0x0000000087000000| Untracked 
| 112|0x0000000087000000, 0x0000000087100000, 0x0000000087100000|100%| O|  |TAMS 0x0000000087100000, 0x0000000087100000| Untracked 
| 113|0x0000000087100000, 0x0000000087200000, 0x0000000087200000|100%| O|  |TAMS 0x0000000087200000, 0x0000000087200000| Untracked 
| 114|0x0000000087200000, 0x0000000087300000, 0x0000000087300000|100%| O|  |TAMS 0x0000000087300000, 0x0000000087300000| Untracked 
| 115|0x0000000087300000, 0x0000000087400000, 0x0000000087400000|100%| O|  |TAMS 0x0000000087400000, 0x0000000087400000| Untracked 
| 116|0x0000000087400000, 0x0000000087500000, 0x0000000087500000|100%| O|  |TAMS 0x0000000087500000, 0x0000000087500000| Untracked 
| 117|0x0000000087500000, 0x0000000087600000, 0x0000000087600000|100%| O|  |TAMS 0x0000000087600000, 0x0000000087600000| Untracked 
| 118|0x0000000087600000, 0x0000000087700000, 0x0000000087700000|100%| O|  |TAMS 0x0000000087700000, 0x0000000087700000| Untracked 
| 119|0x0000000087700000, 0x0000000087800000, 0x0000000087800000|100%| O|  |TAMS 0x0000000087800000, 0x0000000087800000| Untracked 
| 120|0x0000000087800000, 0x0000000087900000, 0x0000000087900000|100%| O|  |TAMS 0x0000000087900000, 0x0000000087900000| Untracked 
| 121|0x0000000087900000, 0x0000000087a00000, 0x0000000087a00000|100%| O|  |TAMS 0x0000000087a00000, 0x0000000087a00000| Untracked 
| 122|0x0000000087a00000, 0x0000000087b00000, 0x0000000087b00000|100%| O|  |TAMS 0x0000000087b00000, 0x0000000087b00000| Untracked 
| 123|0x0000000087b00000, 0x0000000087c00000, 0x0000000087c00000|100%| O|  |TAMS 0x0000000087c00000, 0x0000000087c00000| Untracked 
| 124|0x0000000087c00000, 0x0000000087d00000, 0x0000000087d00000|100%| O|  |TAMS 0x0000000087d00000, 0x0000000087d00000| Untracked 
| 125|0x0000000087d00000, 0x0000000087e00000, 0x0000000087e00000|100%| O|  |TAMS 0x0000000087e00000, 0x0000000087e00000| Untracked 
| 126|0x0000000087e00000, 0x0000000087f00000, 0x0000000087f00000|100%| O|  |TAMS 0x0000000087f00000, 0x0000000087f00000| Untracked 
| 127|0x0000000087f00000, 0x0000000088000000, 0x0000000088000000|100%| O|  |TAMS 0x0000000088000000, 0x0000000088000000| Untracked 
| 128|0x0000000088000000, 0x0000000088100000, 0x0000000088100000|100%| O|  |TAMS 0x0000000088100000, 0x0000000088100000| Untracked 
| 129|0x0000000088100000, 0x0000000088200000, 0x0000000088200000|100%| O|  |TAMS 0x0000000088200000, 0x0000000088200000| Untracked 
| 130|0x0000000088200000, 0x0000000088300000, 0x0000000088300000|100%| O|  |TAMS 0x0000000088300000, 0x0000000088300000| Untracked 
| 131|0x0000000088300000, 0x0000000088400000, 0x0000000088400000|100%| O|  |TAMS 0x0000000088400000, 0x0000000088400000| Untracked 
| 132|0x0000000088400000, 0x0000000088500000, 0x0000000088500000|100%| O|  |TAMS 0x0000000088500000, 0x0000000088500000| Untracked 
| 133|0x0000000088500000, 0x0000000088600000, 0x0000000088600000|100%| O|  |TAMS 0x0000000088600000, 0x0000000088600000| Untracked 
| 134|0x0000000088600000, 0x0000000088700000, 0x0000000088700000|100%| O|  |TAMS 0x00000000886eec00, 0x0000000088700000| Untracked 
| 135|0x0000000088700000, 0x0000000088800000, 0x0000000088800000|100%| O|  |TAMS 0x0000000088700000, 0x0000000088800000| Untracked 
| 136|0x0000000088800000, 0x0000000088900000, 0x0000000088900000|100%| O|  |TAMS 0x0000000088800000, 0x0000000088900000| Untracked 
| 137|0x0000000088900000, 0x0000000088a00000, 0x0000000088a00000|100%| O|  |TAMS 0x0000000088900000, 0x0000000088a00000| Untracked 
| 138|0x0000000088a00000, 0x0000000088b00000, 0x0000000088b00000|100%| O|  |TAMS 0x0000000088a00000, 0x0000000088b00000| Untracked 
| 139|0x0000000088b00000, 0x0000000088bba600, 0x0000000088c00000| 72%| O|  |TAMS 0x0000000088b00000, 0x0000000088bba600| Untracked 
| 140|0x0000000088c00000, 0x0000000088c00000, 0x0000000088d00000|  0%| F|  |TAMS 0x0000000088c00000, 0x0000000088c00000| Untracked 
| 141|0x0000000088d00000, 0x0000000088d00000, 0x0000000088e00000|  0%| F|  |TAMS 0x0000000088d00000, 0x0000000088d00000| Untracked 
| 142|0x0000000088e00000, 0x0000000088e00000, 0x0000000088f00000|  0%| F|  |TAMS 0x0000000088e00000, 0x0000000088e00000| Untracked 
| 143|0x0000000088f00000, 0x0000000088f00000, 0x0000000089000000|  0%| F|  |TAMS 0x0000000088f00000, 0x0000000088f00000| Untracked 
| 144|0x0000000089000000, 0x0000000089000000, 0x0000000089100000|  0%| F|  |TAMS 0x0000000089000000, 0x0000000089000000| Untracked 
| 145|0x0000000089100000, 0x0000000089100000, 0x0000000089200000|  0%| F|  |TAMS 0x0000000089100000, 0x0000000089100000| Untracked 
| 146|0x0000000089200000, 0x0000000089200000, 0x0000000089300000|  0%| F|  |TAMS 0x0000000089200000, 0x0000000089200000| Untracked 
| 147|0x0000000089300000, 0x0000000089300000, 0x0000000089400000|  0%| F|  |TAMS 0x0000000089300000, 0x0000000089300000| Untracked 
| 148|0x0000000089400000, 0x0000000089400000, 0x0000000089500000|  0%| F|  |TAMS 0x0000000089400000, 0x0000000089400000| Untracked 
| 149|0x0000000089500000, 0x0000000089500000, 0x0000000089600000|  0%| F|  |TAMS 0x0000000089500000, 0x0000000089500000| Untracked 
| 150|0x0000000089600000, 0x0000000089600000, 0x0000000089700000|  0%| F|  |TAMS 0x0000000089600000, 0x0000000089600000| Untracked 
| 151|0x0000000089700000, 0x0000000089700000, 0x0000000089800000|  0%| F|  |TAMS 0x0000000089700000, 0x0000000089700000| Untracked 
| 152|0x0000000089800000, 0x0000000089800000, 0x0000000089900000|  0%| F|  |TAMS 0x0000000089800000, 0x0000000089800000| Untracked 
| 153|0x0000000089900000, 0x0000000089900000, 0x0000000089a00000|  0%| F|  |TAMS 0x0000000089900000, 0x0000000089900000| Untracked 
| 154|0x0000000089a00000, 0x0000000089a00000, 0x0000000089b00000|  0%| F|  |TAMS 0x0000000089a00000, 0x0000000089a00000| Untracked 
| 155|0x0000000089b00000, 0x0000000089b00000, 0x0000000089c00000|  0%| F|  |TAMS 0x0000000089b00000, 0x0000000089b00000| Untracked 
| 156|0x0000000089c00000, 0x0000000089c00000, 0x0000000089d00000|  0%| F|  |TAMS 0x0000000089c00000, 0x0000000089c00000| Untracked 
| 157|0x0000000089d00000, 0x0000000089d00000, 0x0000000089e00000|  0%| F|  |TAMS 0x0000000089d00000, 0x0000000089d00000| Untracked 
| 158|0x0000000089e00000, 0x0000000089e00000, 0x0000000089f00000|  0%| F|  |TAMS 0x0000000089e00000, 0x0000000089e00000| Untracked 
| 159|0x0000000089f00000, 0x0000000089f00000, 0x000000008a000000|  0%| F|  |TAMS 0x0000000089f00000, 0x0000000089f00000| Untracked 
| 160|0x000000008a000000, 0x000000008a000000, 0x000000008a100000|  0%| F|  |TAMS 0x000000008a000000, 0x000000008a000000| Untracked 
| 161|0x000000008a100000, 0x000000008a100000, 0x000000008a200000|  0%| F|  |TAMS 0x000000008a100000, 0x000000008a100000| Untracked 
| 162|0x000000008a200000, 0x000000008a200000, 0x000000008a300000|  0%| F|  |TAMS 0x000000008a200000, 0x000000008a200000| Untracked 
| 163|0x000000008a300000, 0x000000008a300000, 0x000000008a400000|  0%| F|  |TAMS 0x000000008a300000, 0x000000008a300000| Untracked 
| 164|0x000000008a400000, 0x000000008a400000, 0x000000008a500000|  0%| F|  |TAMS 0x000000008a400000, 0x000000008a400000| Untracked 
| 165|0x000000008a500000, 0x000000008a500000, 0x000000008a600000|  0%| F|  |TAMS 0x000000008a500000, 0x000000008a500000| Untracked 
| 166|0x000000008a600000, 0x000000008a600000, 0x000000008a700000|  0%| F|  |TAMS 0x000000008a600000, 0x000000008a600000| Untracked 
| 167|0x000000008a700000, 0x000000008a700000, 0x000000008a800000|  0%| F|  |TAMS 0x000000008a700000, 0x000000008a700000| Untracked 
| 168|0x000000008a800000, 0x000000008a800000, 0x000000008a900000|  0%| F|  |TAMS 0x000000008a800000, 0x000000008a800000| Untracked 
| 169|0x000000008a900000, 0x000000008a900000, 0x000000008aa00000|  0%| F|  |TAMS 0x000000008a900000, 0x000000008a900000| Untracked 
| 170|0x000000008aa00000, 0x000000008aa00000, 0x000000008ab00000|  0%| F|  |TAMS 0x000000008aa00000, 0x000000008aa00000| Untracked 
| 171|0x000000008ab00000, 0x000000008ab00000, 0x000000008ac00000|  0%| F|  |TAMS 0x000000008ab00000, 0x000000008ab00000| Untracked 
| 172|0x000000008ac00000, 0x000000008ac00000, 0x000000008ad00000|  0%| F|  |TAMS 0x000000008ac00000, 0x000000008ac00000| Untracked 
| 173|0x000000008ad00000, 0x000000008ad00000, 0x000000008ae00000|  0%| F|  |TAMS 0x000000008ad00000, 0x000000008ad00000| Untracked 
| 174|0x000000008ae00000, 0x000000008ae00000, 0x000000008af00000|  0%| F|  |TAMS 0x000000008ae00000, 0x000000008ae00000| Untracked 
| 175|0x000000008af00000, 0x000000008af00000, 0x000000008b000000|  0%| F|  |TAMS 0x000000008af00000, 0x000000008af00000| Untracked 
| 176|0x000000008b000000, 0x000000008b000000, 0x000000008b100000|  0%| F|  |TAMS 0x000000008b000000, 0x000000008b000000| Untracked 
| 177|0x000000008b100000, 0x000000008b100000, 0x000000008b200000|  0%| F|  |TAMS 0x000000008b100000, 0x000000008b100000| Untracked 
| 178|0x000000008b200000, 0x000000008b200000, 0x000000008b300000|  0%| F|  |TAMS 0x000000008b200000, 0x000000008b200000| Untracked 
| 179|0x000000008b300000, 0x000000008b300000, 0x000000008b400000|  0%| F|  |TAMS 0x000000008b300000, 0x000000008b300000| Untracked 
| 180|0x000000008b400000, 0x000000008b400000, 0x000000008b500000|  0%| F|  |TAMS 0x000000008b400000, 0x000000008b400000| Untracked 
| 181|0x000000008b500000, 0x000000008b500000, 0x000000008b600000|  0%| F|  |TAMS 0x000000008b500000, 0x000000008b500000| Untracked 
| 182|0x000000008b600000, 0x000000008b600000, 0x000000008b700000|  0%| F|  |TAMS 0x000000008b600000, 0x000000008b600000| Untracked 
| 183|0x000000008b700000, 0x000000008b700000, 0x000000008b800000|  0%| F|  |TAMS 0x000000008b700000, 0x000000008b700000| Untracked 
| 184|0x000000008b800000, 0x000000008b800000, 0x000000008b900000|  0%| F|  |TAMS 0x000000008b800000, 0x000000008b800000| Untracked 
| 185|0x000000008b900000, 0x000000008b900000, 0x000000008ba00000|  0%| F|  |TAMS 0x000000008b900000, 0x000000008b900000| Untracked 
| 186|0x000000008ba00000, 0x000000008ba00000, 0x000000008bb00000|  0%| F|  |TAMS 0x000000008ba00000, 0x000000008ba00000| Untracked 
| 187|0x000000008bb00000, 0x000000008bb00000, 0x000000008bc00000|  0%| F|  |TAMS 0x000000008bb00000, 0x000000008bb00000| Untracked 
| 188|0x000000008bc00000, 0x000000008bc00000, 0x000000008bd00000|  0%| F|  |TAMS 0x000000008bc00000, 0x000000008bc00000| Untracked 
| 189|0x000000008bd00000, 0x000000008bd00000, 0x000000008be00000|  0%| F|  |TAMS 0x000000008bd00000, 0x000000008bd00000| Untracked 
| 190|0x000000008be00000, 0x000000008be00000, 0x000000008bf00000|  0%| F|  |TAMS 0x000000008be00000, 0x000000008be00000| Untracked 
| 191|0x000000008bf00000, 0x000000008bf00000, 0x000000008c000000|  0%| F|  |TAMS 0x000000008bf00000, 0x000000008bf00000| Untracked 
| 192|0x000000008c000000, 0x000000008c000000, 0x000000008c100000|  0%| F|  |TAMS 0x000000008c000000, 0x000000008c000000| Untracked 
| 193|0x000000008c100000, 0x000000008c100000, 0x000000008c200000|  0%| F|  |TAMS 0x000000008c100000, 0x000000008c100000| Untracked 
| 194|0x000000008c200000, 0x000000008c200000, 0x000000008c300000|  0%| F|  |TAMS 0x000000008c200000, 0x000000008c200000| Untracked 
| 195|0x000000008c300000, 0x000000008c300000, 0x000000008c400000|  0%| F|  |TAMS 0x000000008c300000, 0x000000008c300000| Untracked 
| 196|0x000000008c400000, 0x000000008c400000, 0x000000008c500000|  0%| F|  |TAMS 0x000000008c400000, 0x000000008c400000| Untracked 
| 197|0x000000008c500000, 0x000000008c500000, 0x000000008c600000|  0%| F|  |TAMS 0x000000008c500000, 0x000000008c500000| Untracked 
| 198|0x000000008c600000, 0x000000008c600000, 0x000000008c700000|  0%| F|  |TAMS 0x000000008c600000, 0x000000008c600000| Untracked 
| 199|0x000000008c700000, 0x000000008c700000, 0x000000008c800000|  0%| F|  |TAMS 0x000000008c700000, 0x000000008c700000| Untracked 
| 200|0x000000008c800000, 0x000000008c800000, 0x000000008c900000|  0%| F|  |TAMS 0x000000008c800000, 0x000000008c800000| Untracked 
| 201|0x000000008c900000, 0x000000008c900000, 0x000000008ca00000|  0%| F|  |TAMS 0x000000008c900000, 0x000000008c900000| Untracked 
| 202|0x000000008ca00000, 0x000000008ca00000, 0x000000008cb00000|  0%| F|  |TAMS 0x000000008ca00000, 0x000000008ca00000| Untracked 
| 203|0x000000008cb00000, 0x000000008cb00000, 0x000000008cc00000|  0%| F|  |TAMS 0x000000008cb00000, 0x000000008cb00000| Untracked 
| 204|0x000000008cc00000, 0x000000008cc00000, 0x000000008cd00000|  0%| F|  |TAMS 0x000000008cc00000, 0x000000008cc00000| Untracked 
| 205|0x000000008cd00000, 0x000000008cd00000, 0x000000008ce00000|  0%| F|  |TAMS 0x000000008cd00000, 0x000000008cd00000| Untracked 
| 206|0x000000008ce00000, 0x000000008ce00000, 0x000000008cf00000|  0%| F|  |TAMS 0x000000008ce00000, 0x000000008ce00000| Untracked 
| 207|0x000000008cf00000, 0x000000008cf00000, 0x000000008d000000|  0%| F|  |TAMS 0x000000008cf00000, 0x000000008cf00000| Untracked 
| 208|0x000000008d000000, 0x000000008d000000, 0x000000008d100000|  0%| F|  |TAMS 0x000000008d000000, 0x000000008d000000| Untracked 
| 209|0x000000008d100000, 0x000000008d100000, 0x000000008d200000|  0%| F|  |TAMS 0x000000008d100000, 0x000000008d100000| Untracked 
| 210|0x000000008d200000, 0x000000008d200000, 0x000000008d300000|  0%| F|  |TAMS 0x000000008d200000, 0x000000008d200000| Untracked 
| 211|0x000000008d300000, 0x000000008d300000, 0x000000008d400000|  0%| F|  |TAMS 0x000000008d300000, 0x000000008d300000| Untracked 
| 212|0x000000008d400000, 0x000000008d400000, 0x000000008d500000|  0%| F|  |TAMS 0x000000008d400000, 0x000000008d400000| Untracked 
| 213|0x000000008d500000, 0x000000008d500000, 0x000000008d600000|  0%| F|  |TAMS 0x000000008d500000, 0x000000008d500000| Untracked 
| 214|0x000000008d600000, 0x000000008d600000, 0x000000008d700000|  0%| F|  |TAMS 0x000000008d600000, 0x000000008d600000| Untracked 
| 215|0x000000008d700000, 0x000000008d700000, 0x000000008d800000|  0%| F|  |TAMS 0x000000008d700000, 0x000000008d700000| Untracked 
| 216|0x000000008d800000, 0x000000008d800000, 0x000000008d900000|  0%| F|  |TAMS 0x000000008d800000, 0x000000008d800000| Untracked 
| 217|0x000000008d900000, 0x000000008d900000, 0x000000008da00000|  0%| F|  |TAMS 0x000000008d900000, 0x000000008d900000| Untracked 
| 218|0x000000008da00000, 0x000000008da4be90, 0x000000008db00000| 29%| S|CS|TAMS 0x000000008da00000, 0x000000008da00000| Complete 
| 219|0x000000008db00000, 0x000000008dc00000, 0x000000008dc00000|100%| S|CS|TAMS 0x000000008db00000, 0x000000008db00000| Complete 
| 220|0x000000008dc00000, 0x000000008dd00000, 0x000000008dd00000|100%| S|CS|TAMS 0x000000008dc00000, 0x000000008dc00000| Complete 
| 221|0x000000008dd00000, 0x000000008de00000, 0x000000008de00000|100%| S|CS|TAMS 0x000000008dd00000, 0x000000008dd00000| Complete 
| 222|0x000000008de00000, 0x000000008df00000, 0x000000008df00000|100%| S|CS|TAMS 0x000000008de00000, 0x000000008de00000| Complete 
| 223|0x000000008df00000, 0x000000008e000000, 0x000000008e000000|100%| S|CS|TAMS 0x000000008df00000, 0x000000008df00000| Complete 
| 224|0x000000008e000000, 0x000000008e000000, 0x000000008e100000|  0%| F|  |TAMS 0x000000008e000000, 0x000000008e000000| Untracked 
| 225|0x000000008e100000, 0x000000008e100000, 0x000000008e200000|  0%| F|  |TAMS 0x000000008e100000, 0x000000008e100000| Untracked 
| 226|0x000000008e200000, 0x000000008e200000, 0x000000008e300000|  0%| F|  |TAMS 0x000000008e200000, 0x000000008e200000| Untracked 
| 227|0x000000008e300000, 0x000000008e300000, 0x000000008e400000|  0%| F|  |TAMS 0x000000008e300000, 0x000000008e300000| Untracked 
| 228|0x000000008e400000, 0x000000008e400000, 0x000000008e500000|  0%| F|  |TAMS 0x000000008e400000, 0x000000008e400000| Untracked 
| 229|0x000000008e500000, 0x000000008e500000, 0x000000008e600000|  0%| F|  |TAMS 0x000000008e500000, 0x000000008e500000| Untracked 
| 230|0x000000008e600000, 0x000000008e600000, 0x000000008e700000|  0%| F|  |TAMS 0x000000008e600000, 0x000000008e600000| Untracked 
| 231|0x000000008e700000, 0x000000008e700000, 0x000000008e800000|  0%| F|  |TAMS 0x000000008e700000, 0x000000008e700000| Untracked 
| 232|0x000000008e800000, 0x000000008e800000, 0x000000008e900000|  0%| F|  |TAMS 0x000000008e800000, 0x000000008e800000| Untracked 
| 233|0x000000008e900000, 0x000000008e900000, 0x000000008ea00000|  0%| F|  |TAMS 0x000000008e900000, 0x000000008e900000| Untracked 
| 234|0x000000008ea00000, 0x000000008ea00000, 0x000000008eb00000|  0%| F|  |TAMS 0x000000008ea00000, 0x000000008ea00000| Untracked 
| 235|0x000000008eb00000, 0x000000008eb00000, 0x000000008ec00000|  0%| F|  |TAMS 0x000000008eb00000, 0x000000008eb00000| Untracked 
| 236|0x000000008ec00000, 0x000000008ec00000, 0x000000008ed00000|  0%| F|  |TAMS 0x000000008ec00000, 0x000000008ec00000| Untracked 
| 237|0x000000008ed00000, 0x000000008ed00000, 0x000000008ee00000|  0%| F|  |TAMS 0x000000008ed00000, 0x000000008ed00000| Untracked 
| 238|0x000000008ee00000, 0x000000008ee00000, 0x000000008ef00000|  0%| F|  |TAMS 0x000000008ee00000, 0x000000008ee00000| Untracked 
| 239|0x000000008ef00000, 0x000000008ef00000, 0x000000008f000000|  0%| F|  |TAMS 0x000000008ef00000, 0x000000008ef00000| Untracked 
| 240|0x000000008f000000, 0x000000008f000000, 0x000000008f100000|  0%| F|  |TAMS 0x000000008f000000, 0x000000008f000000| Untracked 
| 241|0x000000008f100000, 0x000000008f100000, 0x000000008f200000|  0%| F|  |TAMS 0x000000008f100000, 0x000000008f100000| Untracked 
| 242|0x000000008f200000, 0x000000008f200000, 0x000000008f300000|  0%| F|  |TAMS 0x000000008f200000, 0x000000008f200000| Untracked 
| 243|0x000000008f300000, 0x000000008f300000, 0x000000008f400000|  0%| F|  |TAMS 0x000000008f300000, 0x000000008f300000| Untracked 
| 244|0x000000008f400000, 0x000000008f400000, 0x000000008f500000|  0%| F|  |TAMS 0x000000008f400000, 0x000000008f400000| Untracked 
| 245|0x000000008f500000, 0x000000008f500000, 0x000000008f600000|  0%| F|  |TAMS 0x000000008f500000, 0x000000008f500000| Untracked 
| 246|0x000000008f600000, 0x000000008f600000, 0x000000008f700000|  0%| F|  |TAMS 0x000000008f600000, 0x000000008f600000| Untracked 
| 247|0x000000008f700000, 0x000000008f700000, 0x000000008f800000|  0%| F|  |TAMS 0x000000008f700000, 0x000000008f700000| Untracked 
| 248|0x000000008f800000, 0x000000008f800000, 0x000000008f900000|  0%| F|  |TAMS 0x000000008f800000, 0x000000008f800000| Untracked 
| 249|0x000000008f900000, 0x000000008f900000, 0x000000008fa00000|  0%| F|  |TAMS 0x000000008f900000, 0x000000008f900000| Untracked 
| 250|0x000000008fa00000, 0x000000008fa00000, 0x000000008fb00000|  0%| F|  |TAMS 0x000000008fa00000, 0x000000008fa00000| Untracked 
| 251|0x000000008fb00000, 0x000000008fb00000, 0x000000008fc00000|  0%| F|  |TAMS 0x000000008fb00000, 0x000000008fb00000| Untracked 
| 252|0x000000008fc00000, 0x000000008fc00000, 0x000000008fd00000|  0%| F|  |TAMS 0x000000008fc00000, 0x000000008fc00000| Untracked 
| 253|0x000000008fd00000, 0x000000008fd00000, 0x000000008fe00000|  0%| F|  |TAMS 0x000000008fd00000, 0x000000008fd00000| Untracked 
| 254|0x000000008fe00000, 0x000000008fe00000, 0x000000008ff00000|  0%| F|  |TAMS 0x000000008fe00000, 0x000000008fe00000| Untracked 
| 255|0x000000008ff00000, 0x000000008ff3ff18, 0x0000000090000000| 24%| E|  |TAMS 0x000000008ff00000, 0x000000008ff00000| Complete 
| 256|0x0000000090000000, 0x0000000090100000, 0x0000000090100000|100%| E|CS|TAMS 0x0000000090000000, 0x0000000090000000| Complete 
| 257|0x0000000090100000, 0x0000000090200000, 0x0000000090200000|100%| E|CS|TAMS 0x0000000090100000, 0x0000000090100000| Complete 
| 258|0x0000000090200000, 0x0000000090300000, 0x0000000090300000|100%| E|CS|TAMS 0x0000000090200000, 0x0000000090200000| Complete 
| 259|0x0000000090300000, 0x0000000090400000, 0x0000000090400000|100%| E|CS|TAMS 0x0000000090300000, 0x0000000090300000| Complete 
| 260|0x0000000090400000, 0x0000000090500000, 0x0000000090500000|100%| E|CS|TAMS 0x0000000090400000, 0x0000000090400000| Complete 
| 261|0x0000000090500000, 0x0000000090600000, 0x0000000090600000|100%| E|CS|TAMS 0x0000000090500000, 0x0000000090500000| Complete 
| 262|0x0000000090600000, 0x0000000090700000, 0x0000000090700000|100%| E|CS|TAMS 0x0000000090600000, 0x0000000090600000| Complete 
| 263|0x0000000090700000, 0x0000000090800000, 0x0000000090800000|100%| E|CS|TAMS 0x0000000090700000, 0x0000000090700000| Complete 
| 264|0x0000000090800000, 0x0000000090900000, 0x0000000090900000|100%| E|CS|TAMS 0x0000000090800000, 0x0000000090800000| Complete 
| 265|0x0000000090900000, 0x0000000090a00000, 0x0000000090a00000|100%| E|CS|TAMS 0x0000000090900000, 0x0000000090900000| Complete 
| 266|0x0000000090a00000, 0x0000000090b00000, 0x0000000090b00000|100%| E|CS|TAMS 0x0000000090a00000, 0x0000000090a00000| Complete 
| 267|0x0000000090b00000, 0x0000000090c00000, 0x0000000090c00000|100%| E|CS|TAMS 0x0000000090b00000, 0x0000000090b00000| Complete 
| 268|0x0000000090c00000, 0x0000000090d00000, 0x0000000090d00000|100%| E|CS|TAMS 0x0000000090c00000, 0x0000000090c00000| Complete 
| 269|0x0000000090d00000, 0x0000000090e00000, 0x0000000090e00000|100%| E|CS|TAMS 0x0000000090d00000, 0x0000000090d00000| Complete 
| 270|0x0000000090e00000, 0x0000000090f00000, 0x0000000090f00000|100%| E|  |TAMS 0x0000000090e00000, 0x0000000090e00000| Complete 
| 271|0x0000000090f00000, 0x0000000091000000, 0x0000000091000000|100%| E|CS|TAMS 0x0000000090f00000, 0x0000000090f00000| Complete 
| 272|0x0000000091000000, 0x0000000091100000, 0x0000000091100000|100%| E|CS|TAMS 0x0000000091000000, 0x0000000091000000| Complete 
| 273|0x0000000091100000, 0x0000000091200000, 0x0000000091200000|100%| E|CS|TAMS 0x0000000091100000, 0x0000000091100000| Complete 

Card table byte_map: [0x000001feff6c0000,0x000001feffac0000] _byte_map_base: 0x000001feff2c0000

Marking Bits (Prev, Next): (CMBitMap*) 0x000001feec803b90, (CMBitMap*) 0x000001feec803b58
 Prev Bits: [0x000001fe82000000, 0x000001fe84000000)
 Next Bits: [0x000001fe80000000, 0x000001fe82000000)

Polling page: 0x000001feea640000

Metaspace:

Usage:
  Non-class:     87.59 MB capacity,    86.17 MB ( 98%) used,     1.12 MB (  1%) free+waste,   307.88 KB ( <1%) overhead. 
      Class:     13.73 MB capacity,    12.81 MB ( 93%) used,   808.13 KB (  6%) free+waste,   138.94 KB ( <1%) overhead. 
       Both:    101.33 MB capacity,    98.98 MB ( 98%) used,     1.91 MB (  2%) free+waste,   446.81 KB ( <1%) overhead. 

Virtual space:
  Non-class space:       88.00 MB reserved,      87.75 MB (>99%) committed 
      Class space:        1.00 GB reserved,      13.75 MB (  1%) committed 
             Both:        1.09 GB reserved,     101.50 MB (  9%) committed 

Chunk freelists:
   Non-Class:  34.00 KB
       Class:  17.00 KB
        Both:  51.00 KB

MaxMetaspaceSize: 17179869184.00 GB
CompressedClassSpaceSize: 1.00 GB
Initial GC threshold: 20.80 MB
Current GC threshold: 166.04 MB
CDS: off

CodeHeap 'non-profiled nmethods': size=120064Kb used=7538Kb max_used=7538Kb free=112525Kb
 bounds [0x000001fef7d80000, 0x000001fef84e0000, 0x000001feff2c0000]
CodeHeap 'profiled nmethods': size=120000Kb used=28516Kb max_used=28516Kb free=91483Kb
 bounds [0x000001fef0850000, 0x000001fef2430000, 0x000001fef7d80000]
CodeHeap 'non-nmethods': size=5696Kb used=2402Kb max_used=2473Kb free=3293Kb
 bounds [0x000001fef02c0000, 0x000001fef0530000, 0x000001fef0850000]
 total_blobs=13731 nmethods=12809 adapters=833
 compilation: enabled
              stopped_count=0, restarted_count=0
 full_count=0

Compilation events (20 events):
Event: 59.968 Thread 0x000001fe86409800 nmethod 12412 0x000001fef224ed10 code [0x000001fef224eee0, 0x000001fef224f0c8]
Event: 59.968 Thread 0x000001fe86409800 12421       2       com.android.tools.r8.ir.regalloc.b::a (149 bytes)
Event: 59.969 Thread 0x000001fe86409800 nmethod 12421 0x000001fef224f210 code [0x000001fef224f420, 0x000001fef224f8c8]
Event: 59.969 Thread 0x000001fe86409800 12423       2       com.android.tools.r8.internal.kn::c (216 bytes)
Event: 59.970 Thread 0x000001fe86409800 nmethod 12423 0x000001fef224fc10 code [0x000001fef224fe60, 0x000001fef22504e8]
Event: 59.970 Thread 0x000001fe86409800 12422       2       com.android.tools.r8.ir.regalloc.b::a (270 bytes)
Event: 59.973 Thread 0x000001fe86409800 nmethod 12422 0x000001fef2250890 code [0x000001fef2250c00, 0x000001fef2251b78]
Event: 59.973 Thread 0x000001fe86409800 12430       2       java.util.TreeMap::deleteEntry (246 bytes)
Event: 59.974 Thread 0x000001fe86409800 nmethod 12430 0x000001fef2252590 code [0x000001fef22527a0, 0x000001fef2252dc8]
Event: 59.974 Thread 0x000001fe86409800 12420       2       com.android.tools.r8.ir.regalloc.c::w (28 bytes)
Event: 59.974 Thread 0x000001fe86409800 nmethod 12420 0x000001fef2252f90 code [0x000001fef2253140, 0x000001fef2253278]
Event: 59.974 Thread 0x000001fe86409800 12425       2       java.util.TreeMap::firstKey (8 bytes)
Event: 59.975 Thread 0x000001fe86409800 nmethod 12425 0x000001fef2253310 code [0x000001fef22534e0, 0x000001fef2253708]
Event: 59.975 Thread 0x000001fe86409800 12424       2       com.android.tools.r8.internal.kn::a (89 bytes)
Event: 59.975 Thread 0x000001fe86409800 nmethod 12424 0x000001fef2253890 code [0x000001fef2253a60, 0x000001fef2253e28]
Event: 59.975 Thread 0x000001fe86409800 12416       2       com.android.tools.r8.graph.p0::u1 (12 bytes)
Event: 59.976 Thread 0x000001fe86409800 nmethod 12416 0x000001fef2254010 code [0x000001fef22541c0, 0x000001fef22542d8]
Event: 59.976 Thread 0x000001fe86409800 12435 %     3       com.android.tools.r8.graph.c1::a @ 2 (158 bytes)
Event: 59.976 Thread 0x000001fe86409800 nmethod 12435% 0x000001fef2254390 code [0x000001fef2254580, 0x000001fef2254ad8]
Event: 59.976 Thread 0x000001fe86409800 12409       2       com.android.tools.r8.internal.l8::c (37 bytes)

GC Heap History (20 events):
Event: 54.402 GC heap before
{Heap before GC invocations=64 (full 0):
 garbage-first heap   total 146432K, used 118685K [0x0000000080000000, 0x0000000100000000)
  region size 1024K, 28 young (28672K), 4 survivors (4096K)
 Metaspace       used 93881K, capacity 96097K, committed 96256K, reserved 1132544K
  class space    used 12127K, capacity 12979K, committed 13056K, reserved 1048576K
}
Event: 54.429 GC heap after
{Heap after GC invocations=65 (full 0):
 garbage-first heap   total 146432K, used 100224K [0x0000000080000000, 0x0000000100000000)
  region size 1024K, 4 young (4096K), 4 survivors (4096K)
 Metaspace       used 93881K, capacity 96097K, committed 96256K, reserved 1132544K
  class space    used 12127K, capacity 12979K, committed 13056K, reserved 1048576K
}
Event: 54.687 GC heap before
{Heap before GC invocations=65 (full 0):
 garbage-first heap   total 146432K, used 119680K [0x0000000080000000, 0x0000000100000000)
  region size 1024K, 24 young (24576K), 4 survivors (4096K)
 Metaspace       used 93963K, capacity 96233K, committed 96512K, reserved 1132544K
  class space    used 12134K, capacity 12980K, committed 13056K, reserved 1048576K
}
Event: 54.709 GC heap after
{Heap after GC invocations=66 (full 0):
 garbage-first heap   total 176128K, used 106326K [0x0000000080000000, 0x0000000100000000)
  region size 1024K, 3 young (3072K), 3 survivors (3072K)
 Metaspace       used 93963K, capacity 96233K, committed 96512K, reserved 1132544K
  class space    used 12134K, capacity 12980K, committed 13056K, reserved 1048576K
}
Event: 55.111 GC heap before
{Heap before GC invocations=67 (full 0):
 garbage-first heap   total 176128K, used 136022K [0x0000000080000000, 0x0000000100000000)
  region size 1024K, 32 young (32768K), 3 survivors (3072K)
 Metaspace       used 94747K, capacity 97002K, committed 97152K, reserved 1132544K
  class space    used 12238K, capacity 13086K, committed 13184K, reserved 1048576K
}
Event: 55.139 GC heap after
{Heap after GC invocations=68 (full 0):
 garbage-first heap   total 176128K, used 112929K [0x0000000080000000, 0x0000000100000000)
  region size 1024K, 4 young (4096K), 4 survivors (4096K)
 Metaspace       used 94747K, capacity 97002K, committed 97152K, reserved 1132544K
  class space    used 12238K, capacity 13086K, committed 13184K, reserved 1048576K
}
Event: 55.323 GC heap before
{Heap before GC invocations=68 (full 0):
 garbage-first heap   total 176128K, used 139553K [0x0000000080000000, 0x0000000100000000)
  region size 1024K, 30 young (30720K), 4 survivors (4096K)
 Metaspace       used 95462K, capacity 97742K, committed 97920K, reserved 1134592K
  class space    used 12328K, capacity 13182K, committed 13184K, reserved 1048576K
}
Event: 55.345 GC heap after
{Heap after GC invocations=69 (full 0):
 garbage-first heap   total 176128K, used 117760K [0x0000000080000000, 0x0000000100000000)
  region size 1024K, 4 young (4096K), 4 survivors (4096K)
 Metaspace       used 95462K, capacity 97742K, committed 97920K, reserved 1134592K
  class space    used 12328K, capacity 13182K, committed 13184K, reserved 1048576K
}
Event: 56.026 GC heap before
{Heap before GC invocations=70 (full 0):
 garbage-first heap   total 176128K, used 142336K [0x0000000080000000, 0x0000000100000000)
  region size 1024K, 29 young (29696K), 4 survivors (4096K)
 Metaspace       used 96139K, capacity 98331K, committed 98560K, reserved 1134592K
  class space    used 12398K, capacity 13252K, committed 13312K, reserved 1048576K
}
Event: 56.047 GC heap after
{Heap after GC invocations=71 (full 0):
 garbage-first heap   total 176128K, used 122319K [0x0000000080000000, 0x0000000100000000)
  region size 1024K, 4 young (4096K), 4 survivors (4096K)
 Metaspace       used 96139K, capacity 98331K, committed 98560K, reserved 1134592K
  class space    used 12398K, capacity 13252K, committed 13312K, reserved 1048576K
}
Event: 56.183 GC heap before
{Heap before GC invocations=71 (full 0):
 garbage-first heap   total 176128K, used 143823K [0x0000000080000000, 0x0000000100000000)
  region size 1024K, 26 young (26624K), 4 survivors (4096K)
 Metaspace       used 96313K, capacity 98557K, committed 98816K, reserved 1134592K
  class space    used 12418K, capacity 13303K, committed 13312K, reserved 1048576K
}
Event: 56.204 GC heap after
{Heap after GC invocations=72 (full 0):
 garbage-first heap   total 211968K, used 126823K [0x0000000080000000, 0x0000000100000000)
  region size 1024K, 4 young (4096K), 4 survivors (4096K)
 Metaspace       used 96313K, capacity 98557K, committed 98816K, reserved 1134592K
  class space    used 12418K, capacity 13303K, committed 13312K, reserved 1048576K
}
Event: 56.744 GC heap before
{Heap before GC invocations=72 (full 0):
 garbage-first heap   total 211968K, used 159591K [0x0000000080000000, 0x0000000100000000)
  region size 1024K, 36 young (36864K), 4 survivors (4096K)
 Metaspace       used 96875K, capacity 99127K, committed 99200K, reserved 1134592K
  class space    used 12527K, capacity 13406K, committed 13440K, reserved 1048576K
}
Event: 56.776 GC heap after
{Heap after GC invocations=73 (full 0):
 garbage-first heap   total 211968K, used 132505K [0x0000000080000000, 0x0000000100000000)
  region size 1024K, 5 young (5120K), 5 survivors (5120K)
 Metaspace       used 96875K, capacity 99127K, committed 99200K, reserved 1134592K
  class space    used 12527K, capacity 13406K, committed 13440K, reserved 1048576K
}
Event: 57.133 GC heap before
{Heap before GC invocations=74 (full 0):
 garbage-first heap   total 211968K, used 164249K [0x0000000080000000, 0x0000000100000000)
  region size 1024K, 36 young (36864K), 5 survivors (5120K)
 Metaspace       used 97054K, capacity 99329K, committed 99584K, reserved 1134592K
  class space    used 12557K, capacity 13452K, committed 13568K, reserved 1048576K
}
Event: 57.161 GC heap after
{Heap after GC invocations=75 (full 0):
 garbage-first heap   total 211968K, used 138026K [0x0000000080000000, 0x0000000100000000)
  region size 1024K, 5 young (5120K), 5 survivors (5120K)
 Metaspace       used 97054K, capacity 99329K, committed 99584K, reserved 1134592K
  class space    used 12557K, capacity 13452K, committed 13568K, reserved 1048576K
}
Event: 58.529 GC heap before
{Heap before GC invocations=75 (full 0):
 garbage-first heap   total 211968K, used 167722K [0x0000000080000000, 0x0000000100000000)
  region size 1024K, 35 young (35840K), 5 survivors (5120K)
 Metaspace       used 98595K, capacity 100953K, committed 101120K, reserved 1136640K
  class space    used 12807K, capacity 13747K, committed 13824K, reserved 1048576K
}
Event: 58.551 GC heap after
{Heap after GC invocations=76 (full 0):
 garbage-first heap   total 211968K, used 142767K [0x0000000080000000, 0x0000000100000000)
  region size 1024K, 5 young (5120K), 5 survivors (5120K)
 Metaspace       used 98595K, capacity 100953K, committed 101120K, reserved 1136640K
  class space    used 12807K, capacity 13747K, committed 13824K, reserved 1048576K
}
Event: 59.600 GC heap before
{Heap before GC invocations=77 (full 0):
 garbage-first heap   total 211968K, used 171439K [0x0000000080000000, 0x0000000100000000)
  region size 1024K, 34 young (34816K), 5 survivors (5120K)
 Metaspace       used 100244K, capacity 102714K, committed 102912K, reserved 1138688K
  class space    used 13049K, capacity 14024K, committed 14080K, reserved 1048576K
}
Event: 59.622 GC heap after
{Heap after GC invocations=78 (full 0):
 garbage-first heap   total 280576K, used 145627K [0x0000000080000000, 0x0000000100000000)
  region size 1024K, 3 young (3072K), 3 survivors (3072K)
 Metaspace       used 100244K, capacity 102714K, committed 102912K, reserved 1138688K
  class space    used 13049K, capacity 14024K, committed 14080K, reserved 1048576K
}

Deoptimization events (20 events):
Event: 58.909 Thread 0x000001fe88faa800 DEOPT PACKING pc=0x000001fef8437f88 sp=0x00000031ce7f9020
Event: 58.909 Thread 0x000001fe88faa800 DEOPT UNPACKING pc=0x000001fef030a1af sp=0x00000031ce7f90f8 mode 2
Event: 59.246 Thread 0x000001fe88fb5000 Uncommon trap: trap_request=0xffffff4d fr.pc=0x000001fef84403b0 relative=0x0000000000001190
Event: 59.246 Thread 0x000001fe88fb5000 Uncommon trap: reason=unstable_if action=reinterpret pc=0x000001fef84403b0 method=com.android.tools.r8.graph.p2.c()V @ 86 c2
Event: 59.246 Thread 0x000001fe88fb5000 DEOPT PACKING pc=0x000001fef84403b0 sp=0x00000031cf0f8ad0
Event: 59.246 Thread 0x000001fe88fb5000 DEOPT UNPACKING pc=0x000001fef030a1af sp=0x00000031cf0f8b18 mode 2
Event: 59.407 Thread 0x000001fe88fac800 DEOPT PACKING pc=0x000001fef218f3e3 sp=0x00000031ce2f9d40
Event: 59.407 Thread 0x000001fe88fac800 DEOPT UNPACKING pc=0x000001fef030a95e sp=0x00000031ce2f91d8 mode 0
Event: 59.537 Thread 0x000001fe88faa800 Uncommon trap: trap_request=0xffffff7e fr.pc=0x000001fef8406e64 relative=0x0000000000000244
Event: 59.537 Thread 0x000001fe88faa800 Uncommon trap: reason=predicate action=maybe_recompile pc=0x000001fef8406e64 method=com.android.tools.r8.graph.c1.a([C)I @ 8 c2
Event: 59.537 Thread 0x000001fe88faa800 DEOPT PACKING pc=0x000001fef8406e64 sp=0x00000031ce7f9bc0
Event: 59.537 Thread 0x000001fe88faa800 DEOPT UNPACKING pc=0x000001fef030a1af sp=0x00000031ce7f9b48 mode 2
Event: 59.581 Thread 0x000001fe88fb5000 Uncommon trap: trap_request=0xffffff4d fr.pc=0x000001fef817b264 relative=0x0000000000000664
Event: 59.581 Thread 0x000001fe88fb5000 Uncommon trap: reason=unstable_if action=reinterpret pc=0x000001fef817b264 method=java.util.HashMap$HashIterator.<init>(Ljava/util/HashMap;)V @ 45 c2
Event: 59.581 Thread 0x000001fe88fb5000 DEOPT PACKING pc=0x000001fef817b264 sp=0x00000031cf0f96e0
Event: 59.581 Thread 0x000001fe88fb5000 DEOPT UNPACKING pc=0x000001fef030a1af sp=0x00000031cf0f9568 mode 2
Event: 59.581 Thread 0x000001fe88fb5000 Uncommon trap: trap_request=0xffffff4d fr.pc=0x000001fef8169a60 relative=0x0000000000000340
Event: 59.581 Thread 0x000001fe88fb5000 Uncommon trap: reason=unstable_if action=reinterpret pc=0x000001fef8169a60 method=java.util.HashMap$HashIterator.<init>(Ljava/util/HashMap;)V @ 45 c2
Event: 59.581 Thread 0x000001fe88fb5000 DEOPT PACKING pc=0x000001fef8169a60 sp=0x00000031cf0f9610
Event: 59.581 Thread 0x000001fe88fb5000 DEOPT UNPACKING pc=0x000001fef030a1af sp=0x00000031cf0f95c8 mode 2

Classes redefined (0 events):
No events

Internal exceptions (20 events):
Event: 52.485 Thread 0x000001fe88fac800 Exception <a 'sun/nio/fs/WindowsException'{0x0000000086c0c990}> (0x0000000086c0c990) thrown at [./src/hotspot/share/prims/jni.cpp, line 615]
Event: 52.795 Thread 0x000001fe88faa800 Exception <a 'sun/nio/fs/WindowsException'{0x0000000087f0bc50}> (0x0000000087f0bc50) thrown at [./src/hotspot/share/prims/jni.cpp, line 615]
Event: 52.863 Thread 0x000001fe88fb3800 Exception <a 'sun/nio/fs/WindowsException'{0x0000000087b88cd0}> (0x0000000087b88cd0) thrown at [./src/hotspot/share/prims/jni.cpp, line 615]
Event: 53.306 Thread 0x000001fe88fb5000 Exception <a 'sun/nio/fs/WindowsException'{0x0000000088a41068}> (0x0000000088a41068) thrown at [./src/hotspot/share/prims/jni.cpp, line 615]
Event: 53.646 Thread 0x000001fe88faa800 Exception <a 'java/lang/NoSuchMethodError'{0x0000000088767e50}: 'java.lang.Object java.lang.invoke.DirectMethodHandle$Holder.invokeStaticInit(java.lang.Object, java.lang.Object, java.lang.Object, java.lang.Object, java.lang.Object, java.lang.Object, java.lang.Object, java.lang.Object, java.lang.Object, java.lang.Object, java.lang.Object, java.lang.Object, java.lang.Object, java.lang.Object, java.lang.Object, java.lang.Object, java.lang.Object, java.lang.Object, int, java.lang.Object, java.lang.Object)'> (0
Event: 53.789 Thread 0x000001fe88fac800 Exception <a 'java/lang/IncompatibleClassChangeError'{0x000000008860c6a0}: Found class java.lang.Object, but interface was expected> (0x000000008860c6a0) thrown at [./src/hotspot/share/interpreter/linkResolver.cpp, line 839]
Event: 53.789 Thread 0x000001fe88fb5000 Exception <a 'java/lang/IncompatibleClassChangeError'{0x00000000886879e0}: Found class java.lang.Object, but interface was expected> (0x00000000886879e0) thrown at [./src/hotspot/share/interpreter/linkResolver.cpp, line 839]
Event: 53.789 Thread 0x000001fe88faa800 Exception <a 'java/lang/IncompatibleClassChangeError'{0x00000000886a4130}: Found class java.lang.Object, but interface was expected> (0x00000000886a4130) thrown at [./src/hotspot/share/interpreter/linkResolver.cpp, line 839]
Event: 53.789 Thread 0x000001fe88fb3800 Exception <a 'java/lang/IncompatibleClassChangeError'{0x000000008868f018}: Found class java.lang.Object, but interface was expected> (0x000000008868f018) thrown at [./src/hotspot/share/interpreter/linkResolver.cpp, line 839]
Event: 53.944 Thread 0x000001fe88fb3800 Exception <a 'java/lang/NoSuchMethodError'{0x0000000088394ca8}: 'java.lang.Object java.lang.invoke.DirectMethodHandle$Holder.invokeStatic(java.lang.Object, long)'> (0x0000000088394ca8) thrown at [./src/hotspot/share/interpreter/linkResolver.cpp, line 773]
Event: 54.398 Thread 0x000001fe88fac800 Exception <a 'java/lang/NoSuchMethodError'{0x000000008778b5d8}: 'long java.lang.invoke.DirectMethodHandle$Holder.invokeStatic(java.lang.Object, java.lang.Object)'> (0x000000008778b5d8) thrown at [./src/hotspot/share/interpreter/linkResolver.cpp, line 773]
Event: 54.773 Thread 0x000001fe88faa800 Exception <a 'java/lang/IncompatibleClassChangeError'{0x000000008a5de440}: Found class java.lang.Object, but interface was expected> (0x000000008a5de440) thrown at [./src/hotspot/share/interpreter/linkResolver.cpp, line 839]
Event: 54.799 Thread 0x000001fe88faa800 Exception <a 'java/lang/NoSuchMethodError'{0x000000008a5e6df8}: 'java.lang.Object java.lang.invoke.DirectMethodHandle$Holder.newInvokeSpecial(java.lang.Object, int)'> (0x000000008a5e6df8) thrown at [./src/hotspot/share/interpreter/linkResolver.cpp, line 773]
Event: 54.801 Thread 0x000001fe88faa800 Exception <a 'java/lang/IncompatibleClassChangeError'{0x000000008a5f30f8}: Found class java.lang.Object, but interface was expected> (0x000000008a5f30f8) thrown at [./src/hotspot/share/interpreter/linkResolver.cpp, line 839]
Event: 54.804 Thread 0x000001fe88faa800 Exception <a 'java/lang/IncompatibleClassChangeError'{0x000000008a5fb870}: Found class java.lang.Object, but interface was expected> (0x000000008a5fb870) thrown at [./src/hotspot/share/interpreter/linkResolver.cpp, line 839]
Event: 54.912 Thread 0x000001fe88fb3800 Exception <a 'java/lang/IncompatibleClassChangeError'{0x0000000089c85490}: Found class java.lang.Object, but interface was expected> (0x0000000089c85490) thrown at [./src/hotspot/share/interpreter/linkResolver.cpp, line 839]
Event: 55.902 Thread 0x000001fe88faa800 Exception <a 'java/lang/NoSuchMethodError'{0x0000000089755b40}: 'java.lang.Object java.lang.invoke.DirectMethodHandle$Holder.invokeStatic(java.lang.Object, int, java.lang.Object, java.lang.Object)'> (0x0000000089755b40) thrown at [./src/hotspot/share/interpreter/linkResolver.cpp, line 773]
Event: 58.369 Thread 0x000001fe88faa800 Exception <a 'java/lang/NoSuchMethodError'{0x000000008b5953d0}: 'void java.lang.invoke.DirectMethodHandle$Holder.invokeSpecial(java.lang.Object, java.lang.Object, int, java.lang.Object)'> (0x000000008b5953d0) thrown at [./src/hotspot/share/interpreter/linkResolver.cpp, line 773]
Event: 58.369 Thread 0x000001fe88fac800 Exception <a 'java/lang/NoSuchMethodError'{0x000000008b56fb88}: 'void java.lang.invoke.DirectMethodHandle$Holder.invokeSpecial(java.lang.Object, java.lang.Object, int, java.lang.Object)'> (0x000000008b56fb88) thrown at [./src/hotspot/share/interpreter/linkResolver.cpp, line 773]
Event: 58.369 Thread 0x000001fe88fb5000 Exception <a 'java/lang/NoSuchMethodError'{0x000000008b656b08}: 'void java.lang.invoke.DirectMethodHandle$Holder.invokeSpecial(java.lang.Object, java.lang.Object, int, java.lang.Object)'> (0x000000008b656b08) thrown at [./src/hotspot/share/interpreter/linkResolver.cpp, line 773]

Events (20 events):
Event: 59.625 loading class com/android/tools/r8/code/m0
Event: 59.625 loading class com/android/tools/r8/code/m0 done
Event: 59.626 loading class com/android/tools/r8/code/j0
Event: 59.626 loading class com/android/tools/r8/code/j0 done
Event: 59.626 loading class com/android/tools/r8/code/o0
Event: 59.626 loading class com/android/tools/r8/code/o0 done
Event: 59.627 loading class com/android/tools/r8/code/l0
Event: 59.627 loading class com/android/tools/r8/code/l0 done
Event: 59.628 loading class com/android/tools/r8/code/s0
Event: 59.628 loading class com/android/tools/r8/code/s0 done
Event: 59.628 loading class com/android/tools/r8/code/p0
Event: 59.628 loading class com/android/tools/r8/code/p0 done
Event: 59.629 loading class com/android/tools/r8/code/n0
Event: 59.629 loading class com/android/tools/r8/code/n0 done
Event: 59.629 loading class com/android/tools/r8/code/k0
Event: 59.629 loading class com/android/tools/r8/code/k0 done
Event: 59.634 loading class com/android/tools/r8/code/r0
Event: 59.634 loading class com/android/tools/r8/code/r0 done
Event: 59.634 loading class com/android/tools/r8/code/q0
Event: 59.634 loading class com/android/tools/r8/code/q0 done


Dynamic libraries:
0x00007ff7dc730000 - 0x00007ff7dc73a000 	C:\Program Files\Android\Android Studio\jre\bin\java.exe
0x00007ffbf0680000 - 0x00007ffbf086d000 	C:\Windows\SYSTEM32\ntdll.dll
0x00007ffbf00b0000 - 0x00007ffbf0163000 	C:\Windows\System32\KERNEL32.DLL
0x00007ffbecdd0000 - 0x00007ffbed063000 	C:\Windows\System32\KERNELBASE.dll
0x00007ffbeccb0000 - 0x00007ffbecdaa000 	C:\Windows\System32\ucrtbase.dll
0x00007ffbdef90000 - 0x00007ffbdefa7000 	C:\Program Files\Android\Android Studio\jre\bin\VCRUNTIME140.dll
0x00007ffbe1770000 - 0x00007ffbe1789000 	C:\Program Files\Android\Android Studio\jre\bin\jli.dll
0x00007ffbeda70000 - 0x00007ffbedc07000 	C:\Windows\System32\USER32.dll
0x00007ffbec820000 - 0x00007ffbec840000 	C:\Windows\System32\win32u.dll
0x00007ffbd78b0000 - 0x00007ffbd7b29000 	C:\Windows\WinSxS\amd64_microsoft.windows.common-controls_6595b64144ccf1df_6.0.17763.1039_none_de701650534c7021\COMCTL32.dll
0x00007ffbf0390000 - 0x00007ffbf03b9000 	C:\Windows\System32\GDI32.dll
0x00007ffbf0460000 - 0x00007ffbf04fe000 	C:\Windows\System32\msvcrt.dll
0x00007ffbeca70000 - 0x00007ffbecc09000 	C:\Windows\System32\gdi32full.dll
0x00007ffbefd70000 - 0x00007ffbf009c000 	C:\Windows\System32\combase.dll
0x00007ffbecc10000 - 0x00007ffbeccb0000 	C:\Windows\System32\msvcp_win.dll
0x00007ffbf0520000 - 0x00007ffbf0642000 	C:\Windows\System32\RPCRT4.dll
0x00007ffbec740000 - 0x00007ffbec7be000 	C:\Windows\System32\bcryptPrimitives.dll
0x00007ffbef5e0000 - 0x00007ffbef60e000 	C:\Windows\System32\IMM32.DLL
0x00007ffbbcaf0000 - 0x00007ffbbcb8d000 	C:\Program Files\Android\Android Studio\jre\bin\msvcp140.dll
0x00007ffb99fd0000 - 0x00007ffb9aab5000 	C:\Program Files\Android\Android Studio\jre\bin\server\jvm.dll
0x00007ffbefcc0000 - 0x00007ffbefd63000 	C:\Windows\System32\ADVAPI32.dll
0x00007ffbf03c0000 - 0x00007ffbf045e000 	C:\Windows\System32\sechost.dll
0x00007ffbf0180000 - 0x00007ffbf0188000 	C:\Windows\System32\PSAPI.DLL
0x00007ffbd5b70000 - 0x00007ffbd5b79000 	C:\Windows\SYSTEM32\WSOCK32.dll
0x00007ffbe1d20000 - 0x00007ffbe1d2a000 	C:\Windows\SYSTEM32\VERSION.dll
0x00007ffbe9f50000 - 0x00007ffbe9f74000 	C:\Windows\SYSTEM32\WINMM.dll
0x00007ffbf0190000 - 0x00007ffbf01fd000 	C:\Windows\System32\WS2_32.dll
0x00007ffbe9f20000 - 0x00007ffbe9f4d000 	C:\Windows\SYSTEM32\winmmbase.dll
0x00007ffbec840000 - 0x00007ffbec88a000 	C:\Windows\System32\cfgmgr32.dll
0x00007ffbec6d0000 - 0x00007ffbec6e1000 	C:\Windows\System32\kernel.appcore.dll
0x00007ffbe28c0000 - 0x00007ffbe28d1000 	C:\Program Files\Android\Android Studio\jre\bin\verify.dll
0x00007ffbeb0e0000 - 0x00007ffbeb2cd000 	C:\Windows\SYSTEM32\DBGHELP.DLL
0x00007ffbccf50000 - 0x00007ffbccf7a000 	C:\Windows\SYSTEM32\dbgcore.DLL
0x00007ffbd6290000 - 0x00007ffbd62b9000 	C:\Program Files\Android\Android Studio\jre\bin\java.dll
0x00007ffbe8c40000 - 0x00007ffbe8c4b000 	C:\Program Files\Android\Android Studio\jre\bin\jimage.dll
0x00007ffbdf010000 - 0x00007ffbdf028000 	C:\Program Files\Android\Android Studio\jre\bin\zip.dll
0x00007ffbede80000 - 0x00007ffbef374000 	C:\Windows\System32\SHELL32.dll
0x00007ffbef530000 - 0x00007ffbef5d8000 	C:\Windows\System32\shcore.dll
0x00007ffbed070000 - 0x00007ffbed7bd000 	C:\Windows\System32\windows.storage.dll
0x00007ffbec710000 - 0x00007ffbec734000 	C:\Windows\System32\profapi.dll
0x00007ffbec670000 - 0x00007ffbec6cd000 	C:\Windows\System32\powrprof.dll
0x00007ffbefc00000 - 0x00007ffbefc52000 	C:\Windows\System32\shlwapi.dll
0x00007ffbecdb0000 - 0x00007ffbecdc7000 	C:\Windows\System32\cryptsp.dll
0x00007ffbdee60000 - 0x00007ffbdee7a000 	C:\Program Files\Android\Android Studio\jre\bin\net.dll
0x00007ffbdf7f0000 - 0x00007ffbdf8e2000 	C:\Windows\SYSTEM32\WINHTTP.dll
0x00007ffbebee0000 - 0x00007ffbebf47000 	C:\Windows\system32\mswsock.dll
0x00007ffbd6360000 - 0x00007ffbd6374000 	C:\Program Files\Android\Android Studio\jre\bin\nio.dll
0x00007ffbc4720000 - 0x00007ffbc4747000 	C:\Users\Danick Glishman\.gradle\native\e1d6ef7f7dcc3fd88c89a11ec53ec762bb8ba0a96d01ffa2cd45eb1d1d8dd5c5\windows-amd64\native-platform.dll
0x00007ffbb98e0000 - 0x00007ffbb9a24000 	C:\Users\Danick Glishman\.gradle\native\5664cfc778a61ccfe75a443a1ab52a65af34e5dc3c78e0209fed803814484fcb\windows-amd64\native-platform-file-events.dll
0x00007ffbe3290000 - 0x00007ffbe329a000 	C:\Program Files\Android\Android Studio\jre\bin\management.dll
0x00007ffbded80000 - 0x00007ffbded8d000 	C:\Program Files\Android\Android Studio\jre\bin\management_ext.dll
0x00007ffbeba60000 - 0x00007ffbeba93000 	C:\Windows\system32\rsaenh.dll
0x00007ffbed7c0000 - 0x00007ffbed7e6000 	C:\Windows\System32\bcrypt.dll
0x00007ffbec570000 - 0x00007ffbec598000 	C:\Windows\SYSTEM32\USERENV.dll
0x00007ffbec0b0000 - 0x00007ffbec0bc000 	C:\Windows\SYSTEM32\CRYPTBASE.dll
0x00007ffbebc00000 - 0x00007ffbebc3d000 	C:\Windows\SYSTEM32\IPHLPAPI.DLL
0x00007ffbf0170000 - 0x00007ffbf0178000 	C:\Windows\System32\NSI.dll
0x00007ffbe1670000 - 0x00007ffbe1686000 	C:\Windows\SYSTEM32\dhcpcsvc6.DLL
0x00007ffbe1650000 - 0x00007ffbe166c000 	C:\Windows\SYSTEM32\dhcpcsvc.DLL
0x00007ffbebc40000 - 0x00007ffbebd06000 	C:\Windows\SYSTEM32\DNSAPI.dll

dbghelp: loaded successfully - version: 4.0.5 - missing functions: none
symbol engine: initialized successfully - sym options: 0x614 - pdb path: .;C:\Program Files\Android\Android Studio\jre\bin;C:\Windows\SYSTEM32;C:\Windows\WinSxS\amd64_microsoft.windows.common-controls_6595b64144ccf1df_6.0.17763.1039_none_de701650534c7021;C:\Program Files\Android\Android Studio\jre\bin\server;C:\Users\Danick Glishman\.gradle\native\e1d6ef7f7dcc3fd88c89a11ec53ec762bb8ba0a96d01ffa2cd45eb1d1d8dd5c5\windows-amd64;C:\Users\Danick Glishman\.gradle\native\5664cfc778a61ccfe75a443a1ab52a65af34e5dc3c78e0209fed803814484fcb\windows-amd64

VM Arguments:
jvm_args: --add-opens=java.base/java.util=ALL-UNNAMED --add-opens=java.base/java.lang=ALL-UNNAMED --add-opens=java.base/java.lang.invoke=ALL-UNNAMED --add-opens=java.base/java.util=ALL-UNNAMED --add-opens=java.prefs/java.util.prefs=ALL-UNNAMED --add-opens=java.prefs/java.util.prefs=ALL-UNNAMED --add-opens=java.base/java.nio.charset=ALL-UNNAMED --add-opens=java.base/java.net=ALL-UNNAMED --add-opens=java.base/java.util.concurrent.atomic=ALL-UNNAMED -Xmx2048m -Dfile.encoding=UTF-8 -Duser.country=FR -Duser.language=fr -Duser.variant 
java_command: org.gradle.launcher.daemon.bootstrap.GradleDaemon 7.3.3
java_class_path (initial): C:\Users\Danick Glishman\.gradle\wrapper\dists\gradle-7.3.3-bin\6a41zxkdtcxs8rphpq6y0069z\gradle-7.3.3\lib\gradle-launcher-7.3.3.jar
Launcher Type: SUN_STANDARD

[Global flags]
     intx CICompilerCount                          = 3                                         {product} {ergonomic}
     uint ConcGCThreads                            = 1                                         {product} {ergonomic}
     uint G1ConcRefinementThreads                  = 4                                         {product} {ergonomic}
   size_t G1HeapRegionSize                         = 1048576                                   {product} {ergonomic}
    uintx GCDrainStackTargetSize                   = 64                                        {product} {ergonomic}
   size_t InitialHeapSize                          = 67108864                                  {product} {ergonomic}
   size_t MarkStackSize                            = 4194304                                   {product} {ergonomic}
   size_t MaxHeapSize                              = 2147483648                                {product} {command line}
   size_t MaxNewSize                               = 1287651328                                {product} {ergonomic}
   size_t MinHeapDeltaBytes                        = 1048576                                   {product} {ergonomic}
    uintx NonNMethodCodeHeapSize                   = 5830732                                {pd product} {ergonomic}
    uintx NonProfiledCodeHeapSize                  = 122913754                              {pd product} {ergonomic}
    uintx ProfiledCodeHeapSize                     = 122913754                              {pd product} {ergonomic}
    uintx ReservedCodeCacheSize                    = 251658240                              {pd product} {ergonomic}
     bool SegmentedCodeCache                       = true                                      {product} {ergonomic}
     bool UseCompressedClassPointers               = true                                 {lp64_product} {ergonomic}
     bool UseCompressedOops                        = true                                 {lp64_product} {ergonomic}
     bool UseG1GC                                  = true                                      {product} {ergonomic}
     bool UseLargePagesIndividualAllocation        = false                                  {pd product} {ergonomic}

Logging:
Log output configuration:
 #0: stdout all=warning uptime,level,tags
 #1: stderr all=off uptime,level,tags

Environment Variables:
PATH=C:\Program Files (x86)\Common Files\Oracle\Java\javapath;C:\Program Files (x86)\NVIDIA Corporation\PhysX\Common;C:\Windows\system32;C:\Windows;C:\Windows\System32\Wbem;C:\Windows\System32\WindowsPowerShell\v1.0\;C:\Windows\System32\OpenSSH\;C:\Program Files\Java\jdk-14.0.2\bin;C:\MinGW\bin;C:\Program Files\Git\cmd;C:\ProgramData\ComposerSetup\bin;C:\php;C:\Program Files\Java\jre1.8.0_281;C:\Program Files\Java\jre1.8.0_281\bin\server;C:\Program Files\Java\jdk1.8.0_281\bin;C:\Program Files (x86)\nodejs;C:\Program Files (x86)\nodejs\node_modules\npm\bin;C:\Users\Danick Glishman\AppData\Local\Programs\Python\Python37\Scripts\;C:\Users\Danick Glishman\AppData\Local\Programs\Python\Python37\;C:\Users\Danick Glishman\AppData\Local\Microsoft\WindowsApps;C:\Users\Danick Glishman\AppData\Local\Programs\Microsoft VS Code\bin;C:\Users\Danick Glishman\AppData\Local\GitHubDesktop\bin;C:\Users\Danick Glishman\AppData\Roaming\Composer\vendor\bin;C:\Users\Danick Glishman\AppData\Roaming\npm;C:\Program Files\php-8.0.17-src\php-8.0.17-src;C:\Program Files\Java\jre1.8.0_281;C:\Program Files\Java\jre1.8.0_281\bin\server;C:\Program Files\Java\jdk1.8.0_281\bin;C:\Program Files (x86)\nodejs;C:\Program Files (x86)\nodejs\node_modules\npm\bin;;C:\Program Files\JetBrains\PyCharm Community Edition 2022.1.1\bin;
USERNAME=Danick Glishman
OS=Windows_NT
PROCESSOR_IDENTIFIER=Intel64 Family 6 Model 142 Stepping 10, GenuineIntel



---------------  S Y S T E M  ---------------

OS: Windows 10 , 64 bit Build 17763 (10.0.17763.475)
OS uptime: 2 days 22:39 hours

CPU:total 4 (initial active 4) (2 cores per cpu, 2 threads per core) family 6 model 142 stepping 10 microcode 0x96, cmov, cx8, fxsr, mmx, sse, sse2, sse3, ssse3, sse4.1, sse4.2, popcnt, avx, avx2, aes, clmul, erms, 3dnowpref, lzcnt, ht, tsc, tscinvbit, bmi1, bmi2, adx, fma

Memory: 4k page, system-wide physical 4005M (321M free)
TotalPageFile size 8005M (AvailPageFile size 4M)
current process WorkingSet (physical memory assigned to process): 562M, peak: 562M
current process commit charge ("private bytes"): 642M, peak: 642M

vm_info: OpenJDK 64-Bit Server VM (11.0.12+7-b1504.28-7817840) for windows-amd64 JRE (11.0.12+7-b1504.28-7817840), built on Oct 13 2021 22:12:33 by "builder" with MS VC++ 14.0 (VS2015)

END.
