#
# There is insufficient memory for the Java Runtime Environment to continue.
# Native memory allocation (mmap) failed to map 191889408 bytes for Failed to commit area from 0x000000008b700000 to 0x0000000096e00000 of length 191889408.
# Possible reasons:
#   The system is out of physical RAM or swap space
#   The process is running with CompressedOops enabled, and the Java Heap may be blocking the growth of the native heap
# Possible solutions:
#   Reduce memory load on the system
#   Increase physical memory or swap space
#   Check if swap backing store is full
#   Decrease Java heap size (-Xmx/-Xms)
#   Decrease number of Java threads
#   Decrease Java thread stack sizes (-Xss)
#   Set larger code cache with -XX:ReservedCodeCacheSize=
#   JVM is running with Unscaled Compressed Oops mode in which the Java heap is
#     placed in the first 4GB address space. The Java Heap base address is the
#     maximum limit for the native heap growth. Please use -XX:HeapBaseMinAddress
#     to set the Java Heap base and to place the Java Heap above 4GB virtual address.
# This output file may be truncated or incomplete.
#
#  Out of Memory Error (./src/hotspot/os/windows/os_windows.cpp:3521), pid=11768, tid=1308
#
# JRE version: OpenJDK Runtime Environment (11.0.12+7) (build 11.0.12+7-b1504.28-7817840)
# Java VM: OpenJDK 64-Bit Server VM (11.0.12+7-b1504.28-7817840, mixed mode, tiered, compressed oops, g1 gc, windows-amd64)
# No core dump will be written. Minidumps are not enabled by default on client versions of Windows
#

---------------  S U M M A R Y ------------

Command Line: --add-opens=java.base/java.util=ALL-UNNAMED --add-opens=java.base/java.lang=ALL-UNNAMED --add-opens=java.base/java.lang.invoke=ALL-UNNAMED --add-opens=java.base/java.util=ALL-UNNAMED --add-opens=java.prefs/java.util.prefs=ALL-UNNAMED --add-opens=java.prefs/java.util.prefs=ALL-UNNAMED --add-opens=java.base/java.nio.charset=ALL-UNNAMED --add-opens=java.base/java.net=ALL-UNNAMED --add-opens=java.base/java.util.concurrent.atomic=ALL-UNNAMED -Xmx2048m -Dfile.encoding=UTF-8 -Duser.country=FR -Duser.language=fr -Duser.variant org.gradle.launcher.daemon.bootstrap.GradleDaemon 7.3.3

Host: Intel(R) Core(TM) i3-7020U CPU @ 2.30GHz, 4 cores, 3G,  Windows 10 , 64 bit Build 17763 (10.0.17763.475)
Time: Sun May 29 16:54:11 2022 Paris, Madrid (heure d?été) elapsed time: 56.422955 seconds (0d 0h 0m 56s)

---------------  T H R E A D  ---------------

Current thread (0x00000206ea8ee800):  VMThread "VM Thread" [stack: 0x0000009195400000,0x0000009195500000] [id=1308]

Stack: [0x0000009195400000,0x0000009195500000]
[error occurred during error reporting (printing stack bounds), id 0xc0000005, EXCEPTION_ACCESS_VIOLATION (0xc0000005) at pc=0x00000206ee32112d]

Native frames: (J=compiled Java code, j=interpreted, Vv=VM code, C=native code)
V  [jvm.dll+0x5fbcea]
V  [jvm.dll+0x731905]
V  [jvm.dll+0x732f1d]
V  [jvm.dll+0x733535]
V  [jvm.dll+0x7334eb]
V  [jvm.dll+0x5fb080]
V  [jvm.dll+0x5fb818]
C  [ntdll.dll+0xa478f]
C  [ntdll.dll+0x4bef]
C  [ntdll.dll+0xa34fe]
C  0x00000206ee32112d

VM_Operation (0x0000009198cf8ff0): G1CollectForAllocation, mode: safepoint, requested by thread 0x0000020688244000


---------------  P R O C E S S  ---------------

Threads class SMR info:
_java_thread_list=0x000002068a6ed8f0, length=86, elements={
0x00000206ea823000, 0x00000206844c3000, 0x00000206844c6800, 0x0000020684ea3800,
0x00000206844df000, 0x00000206844e3800, 0x00000206844e4800, 0x00000206844ec000,
0x00000206844ef000, 0x0000020684fcb800, 0x000002068704f000, 0x0000020687cf7000,
0x0000020688713000, 0x0000020687300000, 0x0000020686eca800, 0x0000020688347800,
0x0000020688230800, 0x00000206877d4000, 0x00000206877d5800, 0x00000206877d7000,
0x00000206877d8000, 0x00000206877d9800, 0x00000206877da800, 0x00000206877d4800,
0x00000206877d8800, 0x00000206877d6000, 0x00000206872bf800, 0x00000206872c1000,
0x00000206872c5800, 0x00000206872c2000, 0x00000206872c6000, 0x00000206872c3800,
0x00000206872c7800, 0x00000206872ca000, 0x00000206872cb000, 0x00000206872cc000,
0x00000206872cc800, 0x00000206872c8800, 0x00000206872c9800, 0x00000206872c7000,
0x00000206872cd800, 0x00000206872ce000, 0x000002068823b800, 0x000002068823c800,
0x000002068823f000, 0x000002068823b000, 0x000002068823d800, 0x0000020688239000,
0x000002068823e000, 0x000002068823f800, 0x000002068823a000, 0x0000020688243000,
0x0000020688244000, 0x0000020688244800, 0x0000020688240800, 0x0000020688241800,
0x0000020688245800, 0x0000020688246800, 0x0000020688247000, 0x0000020688248000,
0x0000020688242000, 0x000002068847b800, 0x000002068847a800, 0x0000020688479800,
0x000002068847c000, 0x000002068847d000, 0x000002068847e000, 0x0000020688478000,
0x000002068847e800, 0x0000020688479000, 0x000002068529c000, 0x000002068529d800,
0x00000206852a1800, 0x00000206852a2800, 0x000002068529f000, 0x00000206852a0000,
0x000002068529c800, 0x00000206852a0800, 0x00000206852a4000, 0x000002068529e800,
0x00000206852aa800, 0x00000206852a9800, 0x00000206852a5800, 0x00000206852a7000,
0x00000206852a5000, 0x00000206852a6800
}

Java Threads: ( => current thread )
  0x00000206ea823000 JavaThread "main" [_thread_blocked, id=12384, stack(0x0000009194e00000,0x0000009194f00000)]
  0x00000206844c3000 JavaThread "Reference Handler" daemon [_thread_blocked, id=1960, stack(0x0000009195500000,0x0000009195600000)]
  0x00000206844c6800 JavaThread "Finalizer" daemon [_thread_blocked, id=10052, stack(0x0000009195600000,0x0000009195700000)]
  0x0000020684ea3800 JavaThread "Signal Dispatcher" daemon [_thread_blocked, id=7468, stack(0x0000009195700000,0x0000009195800000)]
  0x00000206844df000 JavaThread "Attach Listener" daemon [_thread_blocked, id=12612, stack(0x0000009195800000,0x0000009195900000)]
  0x00000206844e3800 JavaThread "Service Thread" daemon [_thread_blocked, id=1152, stack(0x0000009195900000,0x0000009195a00000)]
  0x00000206844e4800 JavaThread "C2 CompilerThread0" daemon [_thread_in_native, id=3504, stack(0x0000009195a00000,0x0000009195b00000)]
  0x00000206844ec000 JavaThread "C1 CompilerThread0" daemon [_thread_blocked, id=6944, stack(0x0000009195b00000,0x0000009195c00000)]
  0x00000206844ef000 JavaThread "Sweeper thread" daemon [_thread_blocked, id=10780, stack(0x0000009195c00000,0x0000009195d00000)]
  0x0000020684fcb800 JavaThread "Common-Cleaner" daemon [_thread_blocked, id=6792, stack(0x0000009195d00000,0x0000009195e00000)]
  0x000002068704f000 JavaThread "Daemon health stats" [_thread_blocked, id=7840, stack(0x0000009196100000,0x0000009196200000)]
  0x0000020687cf7000 JavaThread "Incoming local TCP Connector on port 64731" [_thread_in_native, id=9232, stack(0x0000009195f00000,0x0000009196000000)]
  0x0000020688713000 JavaThread "Daemon" [_thread_blocked, id=6460, stack(0x0000009196400000,0x0000009196500000)]
  0x0000020687300000 JavaThread "Daemon periodic checks" [_thread_blocked, id=12728, stack(0x0000009196500000,0x0000009196600000)]
  0x0000020686eca800 JavaThread "Handler for socket connection from /127.0.0.1:64731 to /127.0.0.1:64732" [_thread_in_native, id=11996, stack(0x0000009196600000,0x0000009196700000)]
  0x0000020688347800 JavaThread "Cancel handler" [_thread_blocked, id=10816, stack(0x0000009196700000,0x0000009196800000)]
  0x0000020688230800 JavaThread "Daemon worker" [_thread_blocked, id=8152, stack(0x0000009196800000,0x0000009196900000)]
  0x00000206877d4000 JavaThread "Asynchronous log dispatcher for DefaultDaemonConnection: socket connection from /127.0.0.1:64731 to /127.0.0.1:64732" [_thread_blocked, id=6584, stack(0x0000009196900000,0x0000009196a00000)]
  0x00000206877d5800 JavaThread "Stdin handler" [_thread_blocked, id=11924, stack(0x0000009196a00000,0x0000009196b00000)]
  0x00000206877d7000 JavaThread "Daemon client event forwarder" [_thread_blocked, id=9320, stack(0x0000009196b00000,0x0000009196c00000)]
  0x00000206877d8000 JavaThread "Cache worker for journal cache (C:\Users\Danick Glishman\.gradle\caches\journal-1)" [_thread_blocked, id=4964, stack(0x0000009196c00000,0x0000009196d00000)]
  0x00000206877d9800 JavaThread "File lock request listener" [_thread_in_native, id=8184, stack(0x0000009196d00000,0x0000009196e00000)]
  0x00000206877da800 JavaThread "Cache worker for file hash cache (C:\Users\Danick Glishman\.gradle\caches\7.3.3\fileHashes)" [_thread_blocked, id=11896, stack(0x0000009196e00000,0x0000009196f00000)]
  0x00000206877d4800 JavaThread "Cache worker for file hash cache (C:\Users\Danick Glishman\AndroidStudioProjects\CalculatorDanick\.gradle\7.3.3\fileHashes)" [_thread_blocked, id=12212, stack(0x0000009196f00000,0x0000009197000000)]
  0x00000206877d8800 JavaThread "File watcher server" daemon [_thread_blocked, id=7848, stack(0x0000009197000000,0x0000009197100000)]
  0x00000206877d6000 JavaThread "File watcher consumer" daemon [_thread_blocked, id=11520, stack(0x0000009197100000,0x0000009197200000)]
  0x00000206872bf800 JavaThread "Cache worker for checksums cache (C:\Users\Danick Glishman\AndroidStudioProjects\CalculatorDanick\.gradle\7.3.3\checksums)" [_thread_blocked, id=2080, stack(0x0000009197200000,0x0000009197300000)]
  0x00000206872c1000 JavaThread "Cache worker for cache directory md-supplier (C:\Users\Danick Glishman\.gradle\caches\7.3.3\md-supplier)" [_thread_blocked, id=13112, stack(0x0000009197300000,0x0000009197400000)]
  0x00000206872c5800 JavaThread "Cache worker for cache directory md-rule (C:\Users\Danick Glishman\.gradle\caches\7.3.3\md-rule)" [_thread_blocked, id=12996, stack(0x0000009197400000,0x0000009197500000)]
  0x00000206872c2000 JavaThread "Cache worker for execution history cache (C:\Users\Danick Glishman\.gradle\caches\7.3.3\executionHistory)" [_thread_blocked, id=1196, stack(0x0000009197500000,0x0000009197600000)]
  0x00000206872c6000 JavaThread "jar transforms" [_thread_blocked, id=12328, stack(0x0000009197600000,0x0000009197700000)]
  0x00000206872c3800 JavaThread "Cache worker for file content cache (C:\Users\Danick Glishman\.gradle\caches\7.3.3\fileContent)" [_thread_blocked, id=10060, stack(0x0000009197700000,0x0000009197800000)]
  0x00000206872c7800 JavaThread "jar transforms Thread 2" [_thread_blocked, id=4156, stack(0x0000009197800000,0x0000009197900000)]
  0x00000206872ca000 JavaThread "Cache worker for dependencies-accessors (C:\Users\Danick Glishman\AndroidStudioProjects\CalculatorDanick\.gradle\7.3.3\dependencies-accessors)" [_thread_blocked, id=1840, stack(0x0000009197900000,0x0000009197a00000)]
  0x00000206872cb000 JavaThread "jar transforms Thread 3" [_thread_blocked, id=6680, stack(0x0000009197a00000,0x0000009197b00000)]
  0x00000206872cc000 JavaThread "Cache worker for Build Output Cleanup Cache (C:\Users\Danick Glishman\AndroidStudioProjects\CalculatorDanick\.gradle\buildOutputCleanup)" [_thread_blocked, id=11752, stack(0x0000009197b00000,0x0000009197c00000)]
  0x00000206872cc800 JavaThread "Unconstrained build operations" [_thread_blocked, id=9236, stack(0x0000009197c00000,0x0000009197d00000)]
  0x00000206872c8800 JavaThread "Unconstrained build operations Thread 2" [_thread_blocked, id=12688, stack(0x0000009197d00000,0x0000009197e00000)]
  0x00000206872c9800 JavaThread "Unconstrained build operations Thread 3" [_thread_blocked, id=4756, stack(0x0000009197e00000,0x0000009197f00000)]
  0x00000206872c7000 JavaThread "Unconstrained build operations Thread 4" [_thread_blocked, id=11832, stack(0x0000009197f00000,0x0000009198000000)]
  0x00000206872cd800 JavaThread "Unconstrained build operations Thread 5" [_thread_blocked, id=11968, stack(0x0000009198000000,0x0000009198100000)]
  0x00000206872ce000 JavaThread "Unconstrained build operations Thread 6" [_thread_blocked, id=1616, stack(0x0000009198100000,0x0000009198200000)]
  0x000002068823b800 JavaThread "Unconstrained build operations Thread 7" [_thread_blocked, id=11392, stack(0x0000009198200000,0x0000009198300000)]
  0x000002068823c800 JavaThread "Unconstrained build operations Thread 8" [_thread_blocked, id=4360, stack(0x0000009198300000,0x0000009198400000)]
  0x000002068823f000 JavaThread "Unconstrained build operations Thread 9" [_thread_blocked, id=8560, stack(0x0000009198400000,0x0000009198500000)]
  0x000002068823b000 JavaThread "Unconstrained build operations Thread 10" [_thread_blocked, id=9292, stack(0x0000009198500000,0x0000009198600000)]
  0x000002068823d800 JavaThread "Unconstrained build operations Thread 11" [_thread_blocked, id=10264, stack(0x0000009198600000,0x0000009198700000)]
  0x0000020688239000 JavaThread "Unconstrained build operations Thread 12" [_thread_blocked, id=1640, stack(0x0000009198700000,0x0000009198800000)]
  0x000002068823e000 JavaThread "Unconstrained build operations Thread 13" [_thread_blocked, id=5760, stack(0x0000009198800000,0x0000009198900000)]
  0x000002068823f800 JavaThread "Unconstrained build operations Thread 14" [_thread_blocked, id=4524, stack(0x0000009198900000,0x0000009198a00000)]
  0x000002068823a000 JavaThread "Unconstrained build operations Thread 15" [_thread_blocked, id=7084, stack(0x0000009198a00000,0x0000009198b00000)]
  0x0000020688243000 JavaThread "Unconstrained build operations Thread 16" [_thread_blocked, id=11668, stack(0x0000009198b00000,0x0000009198c00000)]
  0x0000020688244000 JavaThread "Unconstrained build operations Thread 17" [_thread_blocked, id=11744, stack(0x0000009198c00000,0x0000009198d00000)]
  0x0000020688244800 JavaThread "Unconstrained build operations Thread 18" [_thread_blocked, id=13124, stack(0x0000009198d00000,0x0000009198e00000)]
  0x0000020688240800 JavaThread "Unconstrained build operations Thread 19" [_thread_blocked, id=2656, stack(0x0000009198e00000,0x0000009198f00000)]
  0x0000020688241800 JavaThread "Unconstrained build operations Thread 20" [_thread_blocked, id=5220, stack(0x0000009198f00000,0x0000009199000000)]
  0x0000020688245800 JavaThread "Unconstrained build operations Thread 21" [_thread_blocked, id=13096, stack(0x0000009199000000,0x0000009199100000)]
  0x0000020688246800 JavaThread "Unconstrained build operations Thread 22" [_thread_blocked, id=11600, stack(0x0000009199100000,0x0000009199200000)]
  0x0000020688247000 JavaThread "Unconstrained build operations Thread 23" [_thread_blocked, id=3492, stack(0x0000009199200000,0x0000009199300000)]
  0x0000020688248000 JavaThread "Unconstrained build operations Thread 24" [_thread_blocked, id=9992, stack(0x0000009199300000,0x0000009199400000)]
  0x0000020688242000 JavaThread "Unconstrained build operations Thread 25" [_thread_blocked, id=10592, stack(0x0000009199400000,0x0000009199500000)]
  0x000002068847b800 JavaThread "Unconstrained build operations Thread 26" [_thread_blocked, id=2624, stack(0x0000009199500000,0x0000009199600000)]
  0x000002068847a800 JavaThread "Unconstrained build operations Thread 27" [_thread_blocked, id=13100, stack(0x0000009199600000,0x0000009199700000)]
  0x0000020688479800 JavaThread "Unconstrained build operations Thread 28" [_thread_blocked, id=12900, stack(0x0000009199700000,0x0000009199800000)]
  0x000002068847c000 JavaThread "Unconstrained build operations Thread 29" [_thread_blocked, id=12632, stack(0x0000009199800000,0x0000009199900000)]
  0x000002068847d000 JavaThread "Unconstrained build operations Thread 30" [_thread_blocked, id=7900, stack(0x0000009199900000,0x0000009199a00000)]
  0x000002068847e000 JavaThread "Unconstrained build operations Thread 31" [_thread_blocked, id=11384, stack(0x0000009199a00000,0x0000009199b00000)]
  0x0000020688478000 JavaThread "Unconstrained build operations Thread 32" [_thread_blocked, id=6480, stack(0x0000009199b00000,0x0000009199c00000)]
  0x000002068847e800 JavaThread "Unconstrained build operations Thread 33" [_thread_blocked, id=7160, stack(0x0000009199c00000,0x0000009199d00000)]
  0x0000020688479000 JavaThread "Unconstrained build operations Thread 34" [_thread_blocked, id=10768, stack(0x0000009199d00000,0x0000009199e00000)]
  0x000002068529c000 JavaThread "Unconstrained build operations Thread 35" [_thread_blocked, id=7652, stack(0x0000009199e00000,0x0000009199f00000)]
  0x000002068529d800 JavaThread "Unconstrained build operations Thread 36" [_thread_blocked, id=13128, stack(0x0000009199f00000,0x000000919a000000)]
  0x00000206852a1800 JavaThread "Unconstrained build operations Thread 37" [_thread_blocked, id=5416, stack(0x000000919a000000,0x000000919a100000)]
  0x00000206852a2800 JavaThread "Unconstrained build operations Thread 38" [_thread_blocked, id=1248, stack(0x000000919a100000,0x000000919a200000)]
  0x000002068529f000 JavaThread "Unconstrained build operations Thread 39" [_thread_blocked, id=2752, stack(0x000000919a200000,0x000000919a300000)]
  0x00000206852a0000 JavaThread "Unconstrained build operations Thread 40" [_thread_blocked, id=5316, stack(0x000000919a300000,0x000000919a400000)]
  0x000002068529c800 JavaThread "jar transforms Thread 4" [_thread_blocked, id=7952, stack(0x000000919a400000,0x000000919a500000)]
  0x00000206852a0800 JavaThread "Memory manager" [_thread_blocked, id=8616, stack(0x000000919a500000,0x000000919a600000)]
  0x00000206852a4000 JavaThread "build event listener" [_thread_blocked, id=4720, stack(0x000000919a800000,0x000000919a900000)]
  0x000002068529e800 JavaThread "pool-3-thread-1" [_thread_blocked, id=7812, stack(0x000000919a900000,0x000000919aa00000)]
  0x00000206852aa800 JavaThread "build event listener" [_thread_blocked, id=1736, stack(0x000000919aa00000,0x000000919ab00000)]
  0x00000206852a9800 JavaThread "Execution worker for ':'" [_thread_blocked, id=8044, stack(0x000000919ab00000,0x000000919ac00000)]
  0x00000206852a5800 JavaThread "Execution worker for ':' Thread 2" [_thread_blocked, id=7884, stack(0x000000919ac00000,0x000000919ad00000)]
  0x00000206852a7000 JavaThread "Execution worker for ':' Thread 3" [_thread_blocked, id=7132, stack(0x000000919ad00000,0x000000919ae00000)]
  0x00000206852a5000 JavaThread "Cache worker for execution history cache (C:\Users\Danick Glishman\AndroidStudioProjects\CalculatorDanick\.gradle\7.3.3\executionHistory)" [_thread_blocked, id=2648, stack(0x000000919ae00000,0x000000919af00000)]
  0x00000206852a6800 JavaThread "WorkerExecutor Queue" [_thread_blocked, id=3648, stack(0x000000919af00000,0x000000919b000000)]

Other Threads:
=>0x00000206ea8ee800 VMThread "VM Thread" [stack: 0x0000009195400000,0x0000009195500000] [id=1308]
  0x0000020684ff2000 WatcherThread [stack: 0x0000009195e00000,0x0000009195f00000] [id=4604]
  0x00000206ea83b800 GCTaskThread "GC Thread#0" [stack: 0x0000009194f00000,0x0000009195000000] [id=10320]
  0x0000020685b28000 GCTaskThread "GC Thread#1" [stack: 0x0000009196000000,0x0000009196100000] [id=12812]
  0x0000020686725000 GCTaskThread "GC Thread#2" [stack: 0x0000009196200000,0x0000009196300000] [id=4636]
  0x0000020687576000 GCTaskThread "GC Thread#3" [stack: 0x0000009196300000,0x0000009196400000] [id=2004]
  0x00000206ea86e000 ConcurrentGCThread "G1 Main Marker" [stack: 0x0000009195000000,0x0000009195100000] [id=11860]
  0x00000206ea86f000 ConcurrentGCThread "G1 Conc#0" [stack: 0x0000009195100000,0x0000009195200000] [id=11540]
  0x00000206ea8c7000 ConcurrentGCThread "G1 Refine#0" [stack: 0x0000009195200000,0x0000009195300000] [id=9588]
  0x00000206ea8c8000 ConcurrentGCThread "G1 Young RemSet Sampling" [stack: 0x0000009195300000,0x0000009195400000] [id=10480]

Threads with active compile tasks:
C2 CompilerThread0  56667 10937 %     4       com.android.tools.r8.internal.xa::a @ 3205 (4216 bytes)

VM state:at safepoint (normal execution)

VM Mutex/Monitor currently owned by a thread:  ([mutex/lock_event])
[0x00000206ea81e260] Threads_lock - owner thread: 0x00000206ea8ee800
[0x00000206ea81ebf0] Heap_lock - owner thread: 0x0000020688244000

Heap address: 0x0000000080000000, size: 2048 MB, Compressed Oops mode: 32-bit
Narrow klass base: 0x0000000000000000, Narrow klass shift: 3
Compressed class space size: 1073741824 Address: 0x0000000100000000

Heap:
 garbage-first heap   total 374784K, used 120832K [0x0000000080000000, 0x0000000100000000)
  region size 1024K, 4 young (4096K), 4 survivors (4096K)
 Metaspace       used 94936K, capacity 97204K, committed 97408K, reserved 1134592K
  class space    used 12269K, capacity 13110K, committed 13184K, reserved 1048576K
Heap Regions: E=young(eden), S=young(survivor), O=old, HS=humongous(starts), HC=humongous(continues), CS=collection set, F=free, A=archive, TAMS=top-at-mark-start (previous, next)
|   0|0x0000000080000000, 0x0000000080100000, 0x0000000080100000|100%|HS|  |TAMS 0x0000000080100000, 0x0000000080100000| Complete 
|   1|0x0000000080100000, 0x0000000080200000, 0x0000000080200000|100%|HC|  |TAMS 0x0000000080200000, 0x0000000080200000| Complete 
|   2|0x0000000080200000, 0x0000000080300000, 0x0000000080300000|100%|HC|  |TAMS 0x0000000080300000, 0x0000000080300000| Complete 
|   3|0x0000000080300000, 0x0000000080400000, 0x0000000080400000|100%| O|  |TAMS 0x0000000080400000, 0x0000000080400000| Untracked 
|   4|0x0000000080400000, 0x0000000080500000, 0x0000000080500000|100%| O|  |TAMS 0x0000000080500000, 0x0000000080500000| Untracked 
|   5|0x0000000080500000, 0x0000000080600000, 0x0000000080600000|100%| O|  |TAMS 0x0000000080600000, 0x0000000080600000| Untracked 
|   6|0x0000000080600000, 0x0000000080700000, 0x0000000080700000|100%| O|  |TAMS 0x0000000080700000, 0x0000000080700000| Untracked 
|   7|0x0000000080700000, 0x0000000080800000, 0x0000000080800000|100%| O|  |TAMS 0x0000000080800000, 0x0000000080800000| Untracked 
|   8|0x0000000080800000, 0x0000000080900000, 0x0000000080900000|100%| O|  |TAMS 0x0000000080900000, 0x0000000080900000| Untracked 
|   9|0x0000000080900000, 0x0000000080a00000, 0x0000000080a00000|100%| O|  |TAMS 0x0000000080a00000, 0x0000000080a00000| Untracked 
|  10|0x0000000080a00000, 0x0000000080b00000, 0x0000000080b00000|100%| O|  |TAMS 0x0000000080b00000, 0x0000000080b00000| Untracked 
|  11|0x0000000080b00000, 0x0000000080c00000, 0x0000000080c00000|100%| O|  |TAMS 0x0000000080c00000, 0x0000000080c00000| Untracked 
|  12|0x0000000080c00000, 0x0000000080d00000, 0x0000000080d00000|100%| O|  |TAMS 0x0000000080d00000, 0x0000000080d00000| Untracked 
|  13|0x0000000080d00000, 0x0000000080e00000, 0x0000000080e00000|100%| O|  |TAMS 0x0000000080e00000, 0x0000000080e00000| Untracked 
|  14|0x0000000080e00000, 0x0000000080f00000, 0x0000000080f00000|100%| O|  |TAMS 0x0000000080f00000, 0x0000000080f00000| Untracked 
|  15|0x0000000080f00000, 0x0000000081000000, 0x0000000081000000|100%| O|  |TAMS 0x0000000081000000, 0x0000000081000000| Untracked 
|  16|0x0000000081000000, 0x0000000081100000, 0x0000000081100000|100%| O|  |TAMS 0x0000000081100000, 0x0000000081100000| Untracked 
|  17|0x0000000081100000, 0x0000000081200000, 0x0000000081200000|100%| O|  |TAMS 0x0000000081200000, 0x0000000081200000| Untracked 
|  18|0x0000000081200000, 0x0000000081300000, 0x0000000081300000|100%| O|  |TAMS 0x0000000081300000, 0x0000000081300000| Untracked 
|  19|0x0000000081300000, 0x0000000081400000, 0x0000000081400000|100%| O|  |TAMS 0x0000000081400000, 0x0000000081400000| Untracked 
|  20|0x0000000081400000, 0x0000000081500000, 0x0000000081500000|100%| O|  |TAMS 0x0000000081500000, 0x0000000081500000| Untracked 
|  21|0x0000000081500000, 0x0000000081600000, 0x0000000081600000|100%| O|  |TAMS 0x0000000081600000, 0x0000000081600000| Untracked 
|  22|0x0000000081600000, 0x0000000081700000, 0x0000000081700000|100%| O|  |TAMS 0x0000000081700000, 0x0000000081700000| Untracked 
|  23|0x0000000081700000, 0x0000000081800000, 0x0000000081800000|100%| O|  |TAMS 0x0000000081800000, 0x0000000081800000| Untracked 
|  24|0x0000000081800000, 0x0000000081900000, 0x0000000081900000|100%| O|  |TAMS 0x0000000081900000, 0x0000000081900000| Untracked 
|  25|0x0000000081900000, 0x0000000081a00000, 0x0000000081a00000|100%| O|  |TAMS 0x0000000081a00000, 0x0000000081a00000| Untracked 
|  26|0x0000000081a00000, 0x0000000081b00000, 0x0000000081b00000|100%| O|  |TAMS 0x0000000081b00000, 0x0000000081b00000| Untracked 
|  27|0x0000000081b00000, 0x0000000081c00000, 0x0000000081c00000|100%| O|  |TAMS 0x0000000081c00000, 0x0000000081c00000| Untracked 
|  28|0x0000000081c00000, 0x0000000081d00000, 0x0000000081d00000|100%|HS|  |TAMS 0x0000000081d00000, 0x0000000081d00000| Complete 
|  29|0x0000000081d00000, 0x0000000081e00000, 0x0000000081e00000|100%|HS|  |TAMS 0x0000000081e00000, 0x0000000081e00000| Complete 
|  30|0x0000000081e00000, 0x0000000081f00000, 0x0000000081f00000|100%|HS|  |TAMS 0x0000000081f00000, 0x0000000081f00000| Complete 
|  31|0x0000000081f00000, 0x0000000082000000, 0x0000000082000000|100%|HC|  |TAMS 0x0000000082000000, 0x0000000082000000| Complete 
|  32|0x0000000082000000, 0x0000000082100000, 0x0000000082100000|100%| O|  |TAMS 0x0000000082100000, 0x0000000082100000| Untracked 
|  33|0x0000000082100000, 0x0000000082200000, 0x0000000082200000|100%| O|  |TAMS 0x0000000082200000, 0x0000000082200000| Untracked 
|  34|0x0000000082200000, 0x0000000082300000, 0x0000000082300000|100%| O|  |TAMS 0x0000000082300000, 0x0000000082300000| Untracked 
|  35|0x0000000082300000, 0x0000000082400000, 0x0000000082400000|100%| O|  |TAMS 0x0000000082400000, 0x0000000082400000| Untracked 
|  36|0x0000000082400000, 0x0000000082500000, 0x0000000082500000|100%| O|  |TAMS 0x0000000082500000, 0x0000000082500000| Untracked 
|  37|0x0000000082500000, 0x0000000082600000, 0x0000000082600000|100%| O|  |TAMS 0x0000000082600000, 0x0000000082600000| Untracked 
|  38|0x0000000082600000, 0x0000000082700000, 0x0000000082700000|100%| O|  |TAMS 0x0000000082700000, 0x0000000082700000| Untracked 
|  39|0x0000000082700000, 0x0000000082800000, 0x0000000082800000|100%| O|  |TAMS 0x0000000082800000, 0x0000000082800000| Untracked 
|  40|0x0000000082800000, 0x0000000082900000, 0x0000000082900000|100%| O|  |TAMS 0x0000000082900000, 0x0000000082900000| Untracked 
|  41|0x0000000082900000, 0x0000000082a00000, 0x0000000082a00000|100%| O|  |TAMS 0x0000000082a00000, 0x0000000082a00000| Untracked 
|  42|0x0000000082a00000, 0x0000000082b00000, 0x0000000082b00000|100%| O|  |TAMS 0x0000000082b00000, 0x0000000082b00000| Untracked 
|  43|0x0000000082b00000, 0x0000000082c00000, 0x0000000082c00000|100%| O|  |TAMS 0x0000000082c00000, 0x0000000082c00000| Untracked 
|  44|0x0000000082c00000, 0x0000000082d00000, 0x0000000082d00000|100%| O|  |TAMS 0x0000000082d00000, 0x0000000082d00000| Untracked 
|  45|0x0000000082d00000, 0x0000000082e00000, 0x0000000082e00000|100%| O|  |TAMS 0x0000000082e00000, 0x0000000082e00000| Untracked 
|  46|0x0000000082e00000, 0x0000000082f00000, 0x0000000082f00000|100%| O|  |TAMS 0x0000000082f00000, 0x0000000082f00000| Untracked 
|  47|0x0000000082f00000, 0x0000000083000000, 0x0000000083000000|100%| O|  |TAMS 0x0000000083000000, 0x0000000083000000| Untracked 
|  48|0x0000000083000000, 0x0000000083100000, 0x0000000083100000|100%| O|  |TAMS 0x0000000083100000, 0x0000000083100000| Untracked 
|  49|0x0000000083100000, 0x0000000083200000, 0x0000000083200000|100%| O|  |TAMS 0x0000000083200000, 0x0000000083200000| Untracked 
|  50|0x0000000083200000, 0x0000000083300000, 0x0000000083300000|100%| O|  |TAMS 0x0000000083300000, 0x0000000083300000| Untracked 
|  51|0x0000000083300000, 0x0000000083400000, 0x0000000083400000|100%| O|  |TAMS 0x0000000083400000, 0x0000000083400000| Untracked 
|  52|0x0000000083400000, 0x0000000083500000, 0x0000000083500000|100%| O|  |TAMS 0x0000000083500000, 0x0000000083500000| Untracked 
|  53|0x0000000083500000, 0x0000000083600000, 0x0000000083600000|100%| O|  |TAMS 0x0000000083600000, 0x0000000083600000| Untracked 
|  54|0x0000000083600000, 0x0000000083700000, 0x0000000083700000|100%| O|  |TAMS 0x0000000083700000, 0x0000000083700000| Untracked 
|  55|0x0000000083700000, 0x0000000083800000, 0x0000000083800000|100%| O|  |TAMS 0x0000000083800000, 0x0000000083800000| Untracked 
|  56|0x0000000083800000, 0x0000000083900000, 0x0000000083900000|100%| O|  |TAMS 0x0000000083900000, 0x0000000083900000| Untracked 
|  57|0x0000000083900000, 0x0000000083a00000, 0x0000000083a00000|100%| O|  |TAMS 0x0000000083a00000, 0x0000000083a00000| Untracked 
|  58|0x0000000083a00000, 0x0000000083b00000, 0x0000000083b00000|100%| O|  |TAMS 0x0000000083b00000, 0x0000000083b00000| Untracked 
|  59|0x0000000083b00000, 0x0000000083c00000, 0x0000000083c00000|100%| O|  |TAMS 0x0000000083c00000, 0x0000000083c00000| Untracked 
|  60|0x0000000083c00000, 0x0000000083d00000, 0x0000000083d00000|100%| O|  |TAMS 0x0000000083d00000, 0x0000000083d00000| Untracked 
|  61|0x0000000083d00000, 0x0000000083e00000, 0x0000000083e00000|100%| O|  |TAMS 0x0000000083e00000, 0x0000000083e00000| Untracked 
|  62|0x0000000083e00000, 0x0000000083f00000, 0x0000000083f00000|100%| O|  |TAMS 0x0000000083f00000, 0x0000000083f00000| Untracked 
|  63|0x0000000083f00000, 0x0000000084000000, 0x0000000084000000|100%| O|  |TAMS 0x0000000084000000, 0x0000000084000000| Untracked 
|  64|0x0000000084000000, 0x0000000084100000, 0x0000000084100000|100%| O|  |TAMS 0x0000000084100000, 0x0000000084100000| Untracked 
|  65|0x0000000084100000, 0x0000000084200000, 0x0000000084200000|100%| O|  |TAMS 0x0000000084200000, 0x0000000084200000| Untracked 
|  66|0x0000000084200000, 0x0000000084300000, 0x0000000084300000|100%| O|  |TAMS 0x0000000084300000, 0x0000000084300000| Untracked 
|  67|0x0000000084300000, 0x0000000084400000, 0x0000000084400000|100%| O|  |TAMS 0x0000000084400000, 0x0000000084400000| Untracked 
|  68|0x0000000084400000, 0x0000000084500000, 0x0000000084500000|100%| O|  |TAMS 0x0000000084500000, 0x0000000084500000| Untracked 
|  69|0x0000000084500000, 0x0000000084600000, 0x0000000084600000|100%| O|  |TAMS 0x0000000084600000, 0x0000000084600000| Untracked 
|  70|0x0000000084600000, 0x0000000084700000, 0x0000000084700000|100%| O|  |TAMS 0x0000000084700000, 0x0000000084700000| Untracked 
|  71|0x0000000084700000, 0x0000000084800000, 0x0000000084800000|100%| O|  |TAMS 0x0000000084800000, 0x0000000084800000| Untracked 
|  72|0x0000000084800000, 0x0000000084900000, 0x0000000084900000|100%| O|  |TAMS 0x0000000084900000, 0x0000000084900000| Untracked 
|  73|0x0000000084900000, 0x0000000084a00000, 0x0000000084a00000|100%| O|  |TAMS 0x0000000084a00000, 0x0000000084a00000| Untracked 
|  74|0x0000000084a00000, 0x0000000084b00000, 0x0000000084b00000|100%| O|  |TAMS 0x0000000084b00000, 0x0000000084b00000| Untracked 
|  75|0x0000000084b00000, 0x0000000084c00000, 0x0000000084c00000|100%| O|  |TAMS 0x0000000084c00000, 0x0000000084c00000| Untracked 
|  76|0x0000000084c00000, 0x0000000084d00000, 0x0000000084d00000|100%| O|  |TAMS 0x0000000084d00000, 0x0000000084d00000| Untracked 
|  77|0x0000000084d00000, 0x0000000084e00000, 0x0000000084e00000|100%| O|  |TAMS 0x0000000084e00000, 0x0000000084e00000| Untracked 
|  78|0x0000000084e00000, 0x0000000084f00000, 0x0000000084f00000|100%|HS|  |TAMS 0x0000000084f00000, 0x0000000084f00000| Complete 
|  79|0x0000000084f00000, 0x0000000085000000, 0x0000000085000000|100%|HC|  |TAMS 0x0000000085000000, 0x0000000085000000| Complete 
|  80|0x0000000085000000, 0x0000000085100000, 0x0000000085100000|100%| O|  |TAMS 0x0000000085100000, 0x0000000085100000| Untracked 
|  81|0x0000000085100000, 0x0000000085200000, 0x0000000085200000|100%| O|  |TAMS 0x0000000085200000, 0x0000000085200000| Untracked 
|  82|0x0000000085200000, 0x0000000085300000, 0x0000000085300000|100%| O|  |TAMS 0x0000000085300000, 0x0000000085300000| Untracked 
|  83|0x0000000085300000, 0x0000000085400000, 0x0000000085400000|100%| O|  |TAMS 0x0000000085400000, 0x0000000085400000| Untracked 
|  84|0x0000000085400000, 0x0000000085500000, 0x0000000085500000|100%| O|  |TAMS 0x0000000085500000, 0x0000000085500000| Untracked 
|  85|0x0000000085500000, 0x0000000085600000, 0x0000000085600000|100%| O|  |TAMS 0x0000000085600000, 0x0000000085600000| Untracked 
|  86|0x0000000085600000, 0x0000000085700000, 0x0000000085700000|100%| O|  |TAMS 0x0000000085700000, 0x0000000085700000| Untracked 
|  87|0x0000000085700000, 0x0000000085800000, 0x0000000085800000|100%| O|  |TAMS 0x0000000085800000, 0x0000000085800000| Untracked 
|  88|0x0000000085800000, 0x0000000085900000, 0x0000000085900000|100%| O|  |TAMS 0x0000000085900000, 0x0000000085900000| Untracked 
|  89|0x0000000085900000, 0x0000000085a00000, 0x0000000085a00000|100%| O|  |TAMS 0x0000000085a00000, 0x0000000085a00000| Untracked 
|  90|0x0000000085a00000, 0x0000000085b00000, 0x0000000085b00000|100%| O|  |TAMS 0x0000000085b00000, 0x0000000085b00000| Untracked 
|  91|0x0000000085b00000, 0x0000000085c00000, 0x0000000085c00000|100%| O|  |TAMS 0x0000000085c00000, 0x0000000085c00000| Untracked 
|  92|0x0000000085c00000, 0x0000000085d00000, 0x0000000085d00000|100%| O|  |TAMS 0x0000000085cce200, 0x0000000085d00000| Untracked 
|  93|0x0000000085d00000, 0x0000000085e00000, 0x0000000085e00000|100%| O|  |TAMS 0x0000000085d00000, 0x0000000085e00000| Untracked 
|  94|0x0000000085e00000, 0x0000000085f00000, 0x0000000085f00000|100%| O|  |TAMS 0x0000000085e00000, 0x0000000085f00000| Untracked 
|  95|0x0000000085f00000, 0x0000000086000000, 0x0000000086000000|100%| O|  |TAMS 0x0000000085f00000, 0x0000000086000000| Untracked 
|  96|0x0000000086000000, 0x0000000086100000, 0x0000000086100000|100%| O|  |TAMS 0x0000000086000000, 0x0000000086100000| Untracked 
|  97|0x0000000086100000, 0x0000000086200000, 0x0000000086200000|100%| O|  |TAMS 0x0000000086100000, 0x0000000086200000| Untracked 
|  98|0x0000000086200000, 0x0000000086300000, 0x0000000086300000|100%| O|  |TAMS 0x0000000086200000, 0x0000000086300000| Untracked 
|  99|0x0000000086300000, 0x0000000086400000, 0x0000000086400000|100%| O|  |TAMS 0x0000000086300000, 0x0000000086400000| Untracked 
| 100|0x0000000086400000, 0x0000000086500000, 0x0000000086500000|100%| O|  |TAMS 0x0000000086400000, 0x0000000086500000| Untracked 
| 101|0x0000000086500000, 0x0000000086600000, 0x0000000086600000|100%| O|  |TAMS 0x0000000086500000, 0x0000000086600000| Untracked 
| 102|0x0000000086600000, 0x0000000086700000, 0x0000000086700000|100%| O|  |TAMS 0x0000000086600000, 0x0000000086700000| Untracked 
| 103|0x0000000086700000, 0x0000000086800000, 0x0000000086800000|100%| O|  |TAMS 0x0000000086700000, 0x0000000086800000| Untracked 
| 104|0x0000000086800000, 0x0000000086900000, 0x0000000086900000|100%| O|  |TAMS 0x0000000086800000, 0x0000000086900000| Untracked 
| 105|0x0000000086900000, 0x0000000086a00000, 0x0000000086a00000|100%| O|  |TAMS 0x0000000086900000, 0x0000000086a00000| Untracked 
| 106|0x0000000086a00000, 0x0000000086b00000, 0x0000000086b00000|100%| O|  |TAMS 0x0000000086a00000, 0x0000000086b00000| Untracked 
| 107|0x0000000086b00000, 0x0000000086c00000, 0x0000000086c00000|100%| O|  |TAMS 0x0000000086b00000, 0x0000000086c00000| Untracked 
| 108|0x0000000086c00000, 0x0000000086d00000, 0x0000000086d00000|100%| O|  |TAMS 0x0000000086c00000, 0x0000000086d00000| Untracked 
| 109|0x0000000086d00000, 0x0000000086e00000, 0x0000000086e00000|100%| O|  |TAMS 0x0000000086d00000, 0x0000000086d84400| Untracked 
| 110|0x0000000086e00000, 0x0000000086f00000, 0x0000000086f00000|100%| O|  |TAMS 0x0000000086e00000, 0x0000000086e00000| Untracked 
| 111|0x0000000086f00000, 0x0000000087000000, 0x0000000087000000|100%| O|  |TAMS 0x0000000086f00000, 0x0000000086f00000| Untracked 
| 112|0x0000000087000000, 0x0000000087100000, 0x0000000087100000|100%| O|  |TAMS 0x0000000087000000, 0x0000000087000000| Untracked 
| 113|0x0000000087100000, 0x0000000087200000, 0x0000000087200000|100%| O|  |TAMS 0x0000000087100000, 0x0000000087100000| Untracked 
| 114|0x0000000087200000, 0x0000000087200000, 0x0000000087300000|  0%| F|  |TAMS 0x0000000087200000, 0x0000000087200000| Untracked 
| 115|0x0000000087300000, 0x0000000087300000, 0x0000000087400000|  0%| F|  |TAMS 0x0000000087300000, 0x0000000087300000| Untracked 
| 116|0x0000000087400000, 0x0000000087400000, 0x0000000087500000|  0%| F|  |TAMS 0x0000000087400000, 0x0000000087400000| Untracked 
| 117|0x0000000087500000, 0x0000000087500000, 0x0000000087600000|  0%| F|  |TAMS 0x0000000087500000, 0x0000000087500000| Untracked 
| 118|0x0000000087600000, 0x0000000087600000, 0x0000000087700000|  0%| F|  |TAMS 0x0000000087600000, 0x0000000087600000| Untracked 
| 119|0x0000000087700000, 0x0000000087700000, 0x0000000087800000|  0%| F|  |TAMS 0x0000000087700000, 0x0000000087700000| Untracked 
| 120|0x0000000087800000, 0x0000000087800000, 0x0000000087900000|  0%| F|  |TAMS 0x0000000087800000, 0x0000000087800000| Untracked 
| 121|0x0000000087900000, 0x0000000087900000, 0x0000000087a00000|  0%| F|  |TAMS 0x0000000087900000, 0x0000000087900000| Untracked 
| 122|0x0000000087a00000, 0x0000000087a00000, 0x0000000087b00000|  0%| F|  |TAMS 0x0000000087a00000, 0x0000000087a00000| Untracked 
| 123|0x0000000087b00000, 0x0000000087b00000, 0x0000000087c00000|  0%| F|  |TAMS 0x0000000087b00000, 0x0000000087b00000| Untracked 
| 124|0x0000000087c00000, 0x0000000087c00000, 0x0000000087d00000|  0%| F|  |TAMS 0x0000000087c00000, 0x0000000087c00000| Untracked 
| 125|0x0000000087d00000, 0x0000000087d00000, 0x0000000087e00000|  0%| F|  |TAMS 0x0000000087d00000, 0x0000000087d00000| Untracked 
| 126|0x0000000087e00000, 0x0000000087e00000, 0x0000000087f00000|  0%| F|  |TAMS 0x0000000087e00000, 0x0000000087e00000| Untracked 
| 127|0x0000000087f00000, 0x0000000087f00000, 0x0000000088000000|  0%| F|  |TAMS 0x0000000087f00000, 0x0000000087f00000| Untracked 
| 128|0x0000000088000000, 0x0000000088000000, 0x0000000088100000|  0%| F|  |TAMS 0x0000000088000000, 0x0000000088000000| Untracked 
| 129|0x0000000088100000, 0x0000000088100000, 0x0000000088200000|  0%| F|  |TAMS 0x0000000088100000, 0x0000000088100000| Untracked 
| 130|0x0000000088200000, 0x0000000088200000, 0x0000000088300000|  0%| F|  |TAMS 0x0000000088200000, 0x0000000088200000| Untracked 
| 131|0x0000000088300000, 0x0000000088300000, 0x0000000088400000|  0%| F|  |TAMS 0x0000000088300000, 0x0000000088300000| Untracked 
| 132|0x0000000088400000, 0x0000000088400000, 0x0000000088500000|  0%| F|  |TAMS 0x0000000088400000, 0x0000000088400000| Untracked 
| 133|0x0000000088500000, 0x0000000088500000, 0x0000000088600000|  0%| F|  |TAMS 0x0000000088500000, 0x0000000088500000| Untracked 
| 134|0x0000000088600000, 0x0000000088600000, 0x0000000088700000|  0%| F|  |TAMS 0x0000000088600000, 0x0000000088600000| Untracked 
| 135|0x0000000088700000, 0x0000000088700000, 0x0000000088800000|  0%| F|  |TAMS 0x0000000088700000, 0x0000000088700000| Untracked 
| 136|0x0000000088800000, 0x0000000088800000, 0x0000000088900000|  0%| F|  |TAMS 0x0000000088800000, 0x0000000088800000| Untracked 
| 137|0x0000000088900000, 0x0000000088900000, 0x0000000088a00000|  0%| F|  |TAMS 0x0000000088900000, 0x0000000088900000| Untracked 
| 138|0x0000000088a00000, 0x0000000088a00000, 0x0000000088b00000|  0%| F|  |TAMS 0x0000000088a00000, 0x0000000088a00000| Untracked 
| 139|0x0000000088b00000, 0x0000000088b00000, 0x0000000088c00000|  0%| F|  |TAMS 0x0000000088b00000, 0x0000000088b00000| Untracked 
| 140|0x0000000088c00000, 0x0000000088c00000, 0x0000000088d00000|  0%| F|  |TAMS 0x0000000088c00000, 0x0000000088c00000| Untracked 
| 141|0x0000000088d00000, 0x0000000088d00000, 0x0000000088e00000|  0%| F|  |TAMS 0x0000000088d00000, 0x0000000088d00000| Untracked 
| 142|0x0000000088e00000, 0x0000000088e00000, 0x0000000088f00000|  0%| F|  |TAMS 0x0000000088e00000, 0x0000000088e00000| Untracked 
| 143|0x0000000088f00000, 0x0000000088f00000, 0x0000000089000000|  0%| F|  |TAMS 0x0000000088f00000, 0x0000000088f00000| Untracked 
| 144|0x0000000089000000, 0x0000000089000000, 0x0000000089100000|  0%| F|  |TAMS 0x0000000089000000, 0x0000000089000000| Untracked 
| 145|0x0000000089100000, 0x0000000089100000, 0x0000000089200000|  0%| F|  |TAMS 0x0000000089100000, 0x0000000089100000| Untracked 
| 146|0x0000000089200000, 0x0000000089200000, 0x0000000089300000|  0%| F|  |TAMS 0x0000000089200000, 0x0000000089200000| Untracked 
| 147|0x0000000089300000, 0x0000000089300000, 0x0000000089400000|  0%| F|  |TAMS 0x0000000089300000, 0x0000000089300000| Untracked 
| 148|0x0000000089400000, 0x0000000089400000, 0x0000000089500000|  0%| F|  |TAMS 0x0000000089400000, 0x0000000089400000| Untracked 
| 149|0x0000000089500000, 0x0000000089500000, 0x0000000089600000|  0%| F|  |TAMS 0x0000000089500000, 0x0000000089500000| Untracked 
| 150|0x0000000089600000, 0x0000000089600000, 0x0000000089700000|  0%| F|  |TAMS 0x0000000089600000, 0x0000000089600000| Untracked 
| 151|0x0000000089700000, 0x0000000089800000, 0x0000000089800000|100%| S|CS|TAMS 0x0000000089700000, 0x0000000089700000| Complete 
| 152|0x0000000089800000, 0x0000000089900000, 0x0000000089900000|100%| S|CS|TAMS 0x0000000089800000, 0x0000000089800000| Complete 
| 153|0x0000000089900000, 0x0000000089a00000, 0x0000000089a00000|100%| S|CS|TAMS 0x0000000089900000, 0x0000000089900000| Complete 
| 154|0x0000000089a00000, 0x0000000089b00000, 0x0000000089b00000|100%| S|CS|TAMS 0x0000000089a00000, 0x0000000089a00000| Complete 
| 155|0x0000000089b00000, 0x0000000089b00000, 0x0000000089c00000|  0%| F|  |TAMS 0x0000000089b00000, 0x0000000089b00000| Untracked 
| 156|0x0000000089c00000, 0x0000000089c00000, 0x0000000089d00000|  0%| F|  |TAMS 0x0000000089c00000, 0x0000000089c00000| Untracked 
| 157|0x0000000089d00000, 0x0000000089d00000, 0x0000000089e00000|  0%| F|  |TAMS 0x0000000089d00000, 0x0000000089d00000| Untracked 
| 158|0x0000000089e00000, 0x0000000089e00000, 0x0000000089f00000|  0%| F|  |TAMS 0x0000000089e00000, 0x0000000089e00000| Untracked 
| 159|0x0000000089f00000, 0x0000000089f00000, 0x000000008a000000|  0%| F|  |TAMS 0x0000000089f00000, 0x0000000089f00000| Untracked 
| 160|0x000000008a000000, 0x000000008a000000, 0x000000008a100000|  0%| F|  |TAMS 0x000000008a000000, 0x000000008a000000| Untracked 
| 161|0x000000008a100000, 0x000000008a100000, 0x000000008a200000|  0%| F|  |TAMS 0x000000008a100000, 0x000000008a100000| Untracked 
| 162|0x000000008a200000, 0x000000008a200000, 0x000000008a300000|  0%| F|  |TAMS 0x000000008a200000, 0x000000008a200000| Untracked 
| 163|0x000000008a300000, 0x000000008a300000, 0x000000008a400000|  0%| F|  |TAMS 0x000000008a300000, 0x000000008a300000| Untracked 
| 164|0x000000008a400000, 0x000000008a400000, 0x000000008a500000|  0%| F|  |TAMS 0x000000008a400000, 0x000000008a400000| Untracked 
| 165|0x000000008a500000, 0x000000008a500000, 0x000000008a600000|  0%| F|  |TAMS 0x000000008a500000, 0x000000008a500000| Untracked 
| 166|0x000000008a600000, 0x000000008a600000, 0x000000008a700000|  0%| F|  |TAMS 0x000000008a600000, 0x000000008a600000| Untracked 
| 167|0x000000008a700000, 0x000000008a700000, 0x000000008a800000|  0%| F|  |TAMS 0x000000008a700000, 0x000000008a700000| Untracked 
| 168|0x000000008a800000, 0x000000008a800000, 0x000000008a900000|  0%| F|  |TAMS 0x000000008a800000, 0x000000008a800000| Untracked 
| 169|0x000000008a900000, 0x000000008a900000, 0x000000008aa00000|  0%| F|  |TAMS 0x000000008a900000, 0x000000008a900000| Untracked 
| 170|0x000000008aa00000, 0x000000008aa00000, 0x000000008ab00000|  0%| F|  |TAMS 0x000000008aa00000, 0x000000008aa00000| Untracked 
| 171|0x000000008ab00000, 0x000000008ab00000, 0x000000008ac00000|  0%| F|  |TAMS 0x000000008ab00000, 0x000000008ab00000| Untracked 
| 172|0x000000008ac00000, 0x000000008ac00000, 0x000000008ad00000|  0%| F|  |TAMS 0x000000008ac00000, 0x000000008ac00000| Untracked 
| 173|0x000000008ad00000, 0x000000008ad00000, 0x000000008ae00000|  0%| F|  |TAMS 0x000000008ad00000, 0x000000008ad00000| Untracked 
| 174|0x000000008ae00000, 0x000000008ae00000, 0x000000008af00000|  0%| F|  |TAMS 0x000000008ae00000, 0x000000008ae00000| Untracked 
| 175|0x000000008af00000, 0x000000008af00000, 0x000000008b000000|  0%| F|  |TAMS 0x000000008af00000, 0x000000008af00000| Untracked 
| 176|0x000000008b000000, 0x000000008b000000, 0x000000008b100000|  0%| F|  |TAMS 0x000000008b000000, 0x000000008b000000| Untracked 
| 177|0x000000008b100000, 0x000000008b100000, 0x000000008b200000|  0%| F|  |TAMS 0x000000008b100000, 0x000000008b100000| Untracked 
| 178|0x000000008b200000, 0x000000008b200000, 0x000000008b300000|  0%| F|  |TAMS 0x000000008b200000, 0x000000008b200000| Untracked 
| 179|0x000000008b300000, 0x000000008b300000, 0x000000008b400000|  0%| F|  |TAMS 0x000000008b300000, 0x000000008b300000| Untracked 
| 180|0x000000008b400000, 0x000000008b400000, 0x000000008b500000|  0%| F|  |TAMS 0x000000008b400000, 0x000000008b400000| Untracked 
| 181|0x000000008b500000, 0x000000008b500000, 0x000000008b600000|  0%| F|  |TAMS 0x000000008b500000, 0x000000008b500000| Untracked 
| 182|0x000000008b600000, 0x000000008b600000, 0x000000008b700000|  0%| F|  |TAMS 0x000000008b600000, 0x000000008b600000| Untracked 

Card table byte_map: [0x00000206fd720000,0x00000206fdb20000] _byte_map_base: 0x00000206fd320000

Marking Bits (Prev, Next): (CMBitMap*) 0x00000206ea865018, (CMBitMap*) 0x00000206ea865050
 Prev Bits: [0x00000206fdf20000, 0x00000206fff20000)
 Next Bits: [0x0000020680000000, 0x0000020682000000)

Polling page: 0x00000206e87b0000

Metaspace:

Usage:
  Non-class:     82.12 MB capacity,    80.73 MB ( 98%) used,     1.13 MB (  1%) free+waste,   268.94 KB ( <1%) overhead. 
      Class:     12.80 MB capacity,    11.98 MB ( 94%) used,   719.97 KB (  5%) free+waste,   120.06 KB ( <1%) overhead. 
       Both:     94.93 MB capacity,    92.71 MB ( 98%) used,     1.83 MB (  2%) free+waste,   389.00 KB ( <1%) overhead. 

Virtual space:
  Non-class space:       84.00 MB reserved,      82.25 MB ( 98%) committed 
      Class space:        1.00 GB reserved,      12.88 MB (  1%) committed 
             Both:        1.08 GB reserved,      95.13 MB (  9%) committed 

Chunk freelists:
   Non-Class:  2.00 KB
       Class:  10.00 KB
        Both:  12.00 KB

MaxMetaspaceSize: 17179869184.00 GB
CompressedClassSpaceSize: 1.00 GB
Initial GC threshold: 20.80 MB
Current GC threshold: 156.67 MB
CDS: off

CodeHeap 'non-profiled nmethods': size=120064Kb used=5932Kb max_used=5932Kb free=114131Kb
 bounds [0x00000206f5de0000, 0x00000206f63b0000, 0x00000206fd320000]
CodeHeap 'profiled nmethods': size=120000Kb used=23776Kb max_used=23776Kb free=96223Kb
 bounds [0x00000206ee8b0000, 0x00000206efff0000, 0x00000206f5de0000]
CodeHeap 'non-nmethods': size=5696Kb used=2392Kb max_used=2421Kb free=3303Kb
 bounds [0x00000206ee320000, 0x00000206ee590000, 0x00000206ee8b0000]
 total_blobs=11913 nmethods=11001 adapters=824
 compilation: enabled
              stopped_count=0, restarted_count=0
 full_count=0

Compilation events (20 events):
Event: 56.189 Thread 0x00000206844ec000 11157       2       com.android.tools.r8.utils.B::a (8 bytes)
Event: 56.189 Thread 0x00000206844ec000 nmethod 11157 0x00000206effe2c90 code [0x00000206effe2e40, 0x00000206effe2f48]
Event: 56.189 Thread 0x00000206844ec000 11158       2       com.android.tools.r8.D8$$Lambda$1253/0x0000000100c69440::accept (12 bytes)
Event: 56.190 Thread 0x00000206844ec000 nmethod 11158 0x00000206effe3010 code [0x00000206effe31e0, 0x00000206effe3428]
Event: 56.190 Thread 0x00000206844ec000 11159       2       com.android.tools.r8.D8::a (16 bytes)
Event: 56.190 Thread 0x00000206844ec000 nmethod 11159 0x00000206effe3610 code [0x00000206effe37e0, 0x00000206effe39c8]
Event: 56.190 Thread 0x00000206844ec000 11160       2       com.android.tools.r8.graph.Y0::D1 (9 bytes)
Event: 56.190 Thread 0x00000206844ec000 nmethod 11160 0x00000206effe3b90 code [0x00000206effe3d60, 0x00000206effe3f38]
Event: 56.190 Thread 0x00000206844ec000 11161       2       com.android.tools.r8.graph.J::F0 (34 bytes)
Event: 56.191 Thread 0x00000206844ec000 nmethod 11161 0x00000206effe4090 code [0x00000206effe4240, 0x00000206effe4368]
Event: 56.191 Thread 0x00000206844ec000 11162       2       com.android.tools.r8.graph.Y0::h (16 bytes)
Event: 56.191 Thread 0x00000206844ec000 nmethod 11162 0x00000206effe4410 code [0x00000206effe45c0, 0x00000206effe4768]
Event: 56.195 Thread 0x00000206844ec000 11164       2       com.android.tools.r8.internal.G7::<init> (118 bytes)
Event: 56.195 Thread 0x00000206844ec000 nmethod 11164 0x00000206effe4890 code [0x00000206effe4a40, 0x00000206effe4bd8]
Event: 56.198 Thread 0x00000206844ec000 11165   !   2       com.android.tools.r8.graph.c1::toString (17 bytes)
Event: 56.198 Thread 0x00000206844ec000 nmethod 11165 0x00000206effe4c90 code [0x00000206effe4e80, 0x00000206effe51f8]
Event: 56.211 Thread 0x00000206844ec000 11166       3       com.android.tools.r8.graph.v2::a (136 bytes)
Event: 56.213 Thread 0x00000206844ec000 nmethod 11166 0x00000206effe5410 code [0x00000206effe5720, 0x00000206effe69d8]
Event: 56.264 Thread 0x00000206844ec000 11169       2       com.android.tools.r8.graph.v0::a (53 bytes)
Event: 56.265 Thread 0x00000206844ec000 nmethod 11169 0x00000206effe7210 code [0x00000206effe74a0, 0x00000206effe7da8]

GC Heap History (20 events):
Event: 53.860 GC heap after
{Heap after GC invocations=70 (full 0):
 garbage-first heap   total 116736K, used 92597K [0x0000000080000000, 0x0000000100000000)
  region size 1024K, 2 young (2048K), 2 survivors (2048K)
 Metaspace       used 91370K, capacity 93501K, committed 93824K, reserved 1130496K
  class space    used 11812K, capacity 12602K, committed 12672K, reserved 1048576K
}
Event: 54.056 GC heap before
{Heap before GC invocations=70 (full 0):
 garbage-first heap   total 116736K, used 97717K [0x0000000080000000, 0x0000000100000000)
  region size 1024K, 8 young (8192K), 2 survivors (2048K)
 Metaspace       used 92256K, capacity 94483K, committed 94848K, reserved 1130496K
  class space    used 11958K, capacity 12812K, committed 12928K, reserved 1048576K
}
Event: 54.061 GC heap after
{Heap after GC invocations=71 (full 0):
 garbage-first heap   total 116736K, used 92538K [0x0000000080000000, 0x0000000100000000)
  region size 1024K, 1 young (1024K), 1 survivors (1024K)
 Metaspace       used 92256K, capacity 94483K, committed 94848K, reserved 1130496K
  class space    used 11958K, capacity 12812K, committed 12928K, reserved 1048576K
}
Event: 54.320 GC heap before
{Heap before GC invocations=71 (full 0):
 garbage-first heap   total 116736K, used 98682K [0x0000000080000000, 0x0000000100000000)
  region size 1024K, 7 young (7168K), 1 survivors (1024K)
 Metaspace       used 93035K, capacity 95278K, committed 95616K, reserved 1132544K
  class space    used 12039K, capacity 12884K, committed 12928K, reserved 1048576K
}
Event: 54.325 GC heap after
{Heap after GC invocations=72 (full 0):
 garbage-first heap   total 116736K, used 93182K [0x0000000080000000, 0x0000000100000000)
  region size 1024K, 1 young (1024K), 1 survivors (1024K)
 Metaspace       used 93035K, capacity 95278K, committed 95616K, reserved 1132544K
  class space    used 12039K, capacity 12884K, committed 12928K, reserved 1048576K
}
Event: 54.406 GC heap before
{Heap before GC invocations=73 (full 0):
 garbage-first heap   total 116736K, used 99326K [0x0000000080000000, 0x0000000100000000)
  region size 1024K, 7 young (7168K), 1 survivors (1024K)
 Metaspace       used 93183K, capacity 95411K, committed 95616K, reserved 1132544K
  class space    used 12044K, capacity 12885K, committed 12928K, reserved 1048576K
}
Event: 54.466 GC heap after
{Heap after GC invocations=74 (full 0):
 garbage-first heap   total 116736K, used 94572K [0x0000000080000000, 0x0000000100000000)
  region size 1024K, 1 young (1024K), 1 survivors (1024K)
 Metaspace       used 93183K, capacity 95411K, committed 95616K, reserved 1132544K
  class space    used 12044K, capacity 12885K, committed 12928K, reserved 1048576K
}
Event: 54.546 GC heap before
{Heap before GC invocations=74 (full 0):
 garbage-first heap   total 116736K, used 99692K [0x0000000080000000, 0x0000000100000000)
  region size 1024K, 6 young (6144K), 1 survivors (1024K)
 Metaspace       used 93184K, capacity 95411K, committed 95616K, reserved 1132544K
  class space    used 12044K, capacity 12885K, committed 12928K, reserved 1048576K
}
Event: 54.553 GC heap after
{Heap after GC invocations=75 (full 0):
 garbage-first heap   total 116736K, used 96056K [0x0000000080000000, 0x0000000100000000)
  region size 1024K, 1 young (1024K), 1 survivors (1024K)
 Metaspace       used 93184K, capacity 95411K, committed 95616K, reserved 1132544K
  class space    used 12044K, capacity 12885K, committed 12928K, reserved 1048576K
}
Event: 54.585 GC heap before
{Heap before GC invocations=75 (full 0):
 garbage-first heap   total 116736K, used 100152K [0x0000000080000000, 0x0000000100000000)
  region size 1024K, 5 young (5120K), 1 survivors (1024K)
 Metaspace       used 93203K, capacity 95475K, committed 95616K, reserved 1132544K
  class space    used 12045K, capacity 12885K, committed 12928K, reserved 1048576K
}
Event: 54.591 GC heap after
{Heap after GC invocations=76 (full 0):
 garbage-first heap   total 116736K, used 97280K [0x0000000080000000, 0x0000000100000000)
  region size 1024K, 1 young (1024K), 1 survivors (1024K)
 Metaspace       used 93203K, capacity 95475K, committed 95616K, reserved 1132544K
  class space    used 12045K, capacity 12885K, committed 12928K, reserved 1048576K
}
Event: 54.661 GC heap before
{Heap before GC invocations=76 (full 0):
 garbage-first heap   total 116736K, used 101376K [0x0000000080000000, 0x0000000100000000)
  region size 1024K, 5 young (5120K), 1 survivors (1024K)
 Metaspace       used 93556K, capacity 95770K, committed 96000K, reserved 1132544K
  class space    used 12083K, capacity 12917K, committed 13056K, reserved 1048576K
}
Event: 54.669 GC heap after
{Heap after GC invocations=77 (full 0):
 garbage-first heap   total 187392K, used 98159K [0x0000000080000000, 0x0000000100000000)
  region size 1024K, 1 young (1024K), 1 survivors (1024K)
 Metaspace       used 93556K, capacity 95770K, committed 96000K, reserved 1132544K
  class space    used 12083K, capacity 12917K, committed 13056K, reserved 1048576K
}
Event: 54.932 GC heap before
{Heap before GC invocations=77 (full 0):
 garbage-first heap   total 187392K, used 122735K [0x0000000080000000, 0x0000000100000000)
  region size 1024K, 26 young (26624K), 1 survivors (1024K)
 Metaspace       used 93715K, capacity 95878K, committed 96256K, reserved 1132544K
  class space    used 12087K, capacity 12902K, committed 13056K, reserved 1048576K
}
Event: 54.950 GC heap after
{Heap after GC invocations=78 (full 0):
 garbage-first heap   total 187392K, used 104498K [0x0000000080000000, 0x0000000100000000)
  region size 1024K, 4 young (4096K), 4 survivors (4096K)
 Metaspace       used 93715K, capacity 95878K, committed 96256K, reserved 1132544K
  class space    used 12087K, capacity 12902K, committed 13056K, reserved 1048576K
}
Event: 55.711 GC heap before
{Heap before GC invocations=79 (full 0):
 garbage-first heap   total 187392K, used 130098K [0x0000000080000000, 0x0000000100000000)
  region size 1024K, 29 young (29696K), 4 survivors (4096K)
 Metaspace       used 93940K, capacity 96117K, committed 96512K, reserved 1132544K
  class space    used 12129K, capacity 12942K, committed 13056K, reserved 1048576K
}
Event: 55.736 GC heap after
{Heap after GC invocations=80 (full 0):
 garbage-first heap   total 187392K, used 111403K [0x0000000080000000, 0x0000000100000000)
  region size 1024K, 4 young (4096K), 4 survivors (4096K)
 Metaspace       used 93940K, capacity 96117K, committed 96512K, reserved 1132544K
  class space    used 12129K, capacity 12942K, committed 13056K, reserved 1048576K
}
Event: 56.114 GC heap before
{Heap before GC invocations=80 (full 0):
 garbage-first heap   total 187392K, used 135979K [0x0000000080000000, 0x0000000100000000)
  region size 1024K, 28 young (28672K), 4 survivors (4096K)
 Metaspace       used 94794K, capacity 97071K, committed 97152K, reserved 1132544K
  class space    used 12250K, capacity 13110K, committed 13184K, reserved 1048576K
}
Event: 56.135 GC heap after
{Heap after GC invocations=81 (full 0):
 garbage-first heap   total 187392K, used 116241K [0x0000000080000000, 0x0000000100000000)
  region size 1024K, 4 young (4096K), 4 survivors (4096K)
 Metaspace       used 94794K, capacity 97071K, committed 97152K, reserved 1132544K
  class space    used 12250K, capacity 13110K, committed 13184K, reserved 1048576K
}
Event: 56.275 GC heap before
{Heap before GC invocations=81 (full 0):
 garbage-first heap   total 187392K, used 140817K [0x0000000080000000, 0x0000000100000000)
  region size 1024K, 28 young (28672K), 4 survivors (4096K)
 Metaspace       used 94936K, capacity 97204K, committed 97408K, reserved 1134592K
  class space    used 12269K, capacity 13110K, committed 13184K, reserved 1048576K
}

Deoptimization events (20 events):
Event: 55.500 Thread 0x0000020688244800 DEOPT PACKING pc=0x00000206efefb8a3 sp=0x0000009198dfa850
Event: 55.500 Thread 0x0000020688244800 DEOPT UNPACKING pc=0x00000206ee36a95e sp=0x0000009198df9d70 mode 0
Event: 55.708 Thread 0x0000020688243000 DEOPT PACKING pc=0x00000206efefb8a3 sp=0x0000009198bfa5b0
Event: 55.708 Thread 0x0000020688243000 DEOPT UNPACKING pc=0x00000206ee36a95e sp=0x0000009198bf9ad0 mode 0
Event: 56.015 Thread 0x0000020688244000 Uncommon trap: trap_request=0xffffff4d fr.pc=0x00000206f6399290 relative=0x0000000000001d30
Event: 56.015 Thread 0x0000020688244000 Uncommon trap: reason=unstable_if action=reinterpret pc=0x00000206f6399290 method=com.android.tools.r8.internal.le.e(Ljava/lang/String;)[Ljava/lang/String; @ 149 c2
Event: 56.015 Thread 0x0000020688244000 DEOPT PACKING pc=0x00000206f6399290 sp=0x0000009198cf9580
Event: 56.015 Thread 0x0000020688244000 DEOPT UNPACKING pc=0x00000206ee36a1af sp=0x0000009198cf9568 mode 2
Event: 56.024 Thread 0x0000020688244000 DEOPT PACKING pc=0x00000206efefb8a3 sp=0x0000009198cf9e70
Event: 56.024 Thread 0x0000020688244000 DEOPT UNPACKING pc=0x00000206ee36a95e sp=0x0000009198cf93a8 mode 0
Event: 56.091 Thread 0x0000020688244800 DEOPT PACKING pc=0x00000206efefb8a3 sp=0x0000009198dfa330
Event: 56.091 Thread 0x0000020688244800 DEOPT UNPACKING pc=0x00000206ee36a95e sp=0x0000009198df9868 mode 0
Event: 56.152 Thread 0x0000020688243000 DEOPT PACKING pc=0x00000206efefb8a3 sp=0x0000009198bf9f70
Event: 56.152 Thread 0x0000020688243000 DEOPT UNPACKING pc=0x00000206ee36a95e sp=0x0000009198bf94a8 mode 0
Event: 56.184 Thread 0x0000020688244000 DEOPT PACKING pc=0x00000206efefb8a3 sp=0x0000009198cf9e40
Event: 56.184 Thread 0x0000020688244000 DEOPT UNPACKING pc=0x00000206ee36a95e sp=0x0000009198cf9378 mode 0
Event: 56.214 Thread 0x0000020688244800 DEOPT PACKING pc=0x00000206efefb8a3 sp=0x0000009198dfa480
Event: 56.214 Thread 0x0000020688244800 DEOPT UNPACKING pc=0x00000206ee36a95e sp=0x0000009198df99b8 mode 0
Event: 56.261 Thread 0x0000020688244000 DEOPT PACKING pc=0x00000206efefb8a3 sp=0x0000009198cf9fc0
Event: 56.262 Thread 0x0000020688244000 DEOPT UNPACKING pc=0x00000206ee36a95e sp=0x0000009198cf94f8 mode 0

Classes redefined (0 events):
No events

Internal exceptions (20 events):
Event: 54.113 Thread 0x0000020688244800 Exception <a 'java/lang/NoSuchMethodError'{0x00000000870f17b8}: 'java.lang.Object java.lang.invoke.DirectMethodHandle$Holder.invokeStatic(java.lang.Object, long)'> (0x00000000870f17b8) thrown at [./src/hotspot/share/interpreter/linkResolver.cpp, line 773]
Event: 54.811 Thread 0x000002068823f800 Exception <a 'java/lang/NoSuchMethodError'{0x000000008ad13e20}: 'long java.lang.invoke.DirectMethodHandle$Holder.invokeStatic(java.lang.Object, java.lang.Object)'> (0x000000008ad13e20) thrown at [./src/hotspot/share/interpreter/linkResolver.cpp, line 773]
Event: 54.811 Thread 0x0000020688243000 Exception <a 'java/lang/NoSuchMethodError'{0x000000008aefe7e8}: 'long java.lang.invoke.DirectMethodHandle$Holder.invokeStatic(java.lang.Object, java.lang.Object)'> (0x000000008aefe7e8) thrown at [./src/hotspot/share/interpreter/linkResolver.cpp, line 773]
Event: 55.606 Thread 0x0000020688243000 Exception <a 'java/lang/IncompatibleClassChangeError'{0x000000008a1a3520}: Found class java.lang.Object, but interface was expected> (0x000000008a1a3520) thrown at [./src/hotspot/share/interpreter/linkResolver.cpp, line 839]
Event: 55.606 Thread 0x0000020688244000 Exception <a 'java/lang/IncompatibleClassChangeError'{0x000000008a1dcd78}: Found class java.lang.Object, but interface was expected> (0x000000008a1dcd78) thrown at [./src/hotspot/share/interpreter/linkResolver.cpp, line 839]
Event: 55.606 Thread 0x000002068823f800 Exception <a 'java/lang/IncompatibleClassChangeError'{0x000000008a001150}: Found class java.lang.Object, but interface was expected> (0x000000008a001150) thrown at [./src/hotspot/share/interpreter/linkResolver.cpp, line 839]
Event: 55.606 Thread 0x0000020688244800 Exception <a 'java/lang/IncompatibleClassChangeError'{0x000000008a1bdc18}: Found class java.lang.Object, but interface was expected> (0x000000008a1bdc18) thrown at [./src/hotspot/share/interpreter/linkResolver.cpp, line 839]
Event: 55.608 Thread 0x0000020688244800 Exception <a 'java/lang/NoSuchMethodError'{0x000000008a1c62b0}: 'java.lang.Object java.lang.invoke.DirectMethodHandle$Holder.newInvokeSpecial(java.lang.Object, int)'> (0x000000008a1c62b0) thrown at [./src/hotspot/share/interpreter/linkResolver.cpp, line 773]
Event: 55.609 Thread 0x0000020688244000 Exception <a 'java/lang/NoSuchMethodError'{0x000000008a1e09e8}: 'java.lang.Object java.lang.invoke.DirectMethodHandle$Holder.newInvokeSpecial(java.lang.Object, int)'> (0x000000008a1e09e8) thrown at [./src/hotspot/share/interpreter/linkResolver.cpp, line 773]
Event: 55.608 Thread 0x0000020688243000 Exception <a 'java/lang/NoSuchMethodError'{0x000000008a1a7078}: 'java.lang.Object java.lang.invoke.DirectMethodHandle$Holder.newInvokeSpecial(java.lang.Object, int)'> (0x000000008a1a7078) thrown at [./src/hotspot/share/interpreter/linkResolver.cpp, line 773]
Event: 55.610 Thread 0x000002068823f800 Exception <a 'java/lang/NoSuchMethodError'{0x000000008a004b90}: 'java.lang.Object java.lang.invoke.DirectMethodHandle$Holder.newInvokeSpecial(java.lang.Object, int)'> (0x000000008a004b90) thrown at [./src/hotspot/share/interpreter/linkResolver.cpp, line 773]
Event: 55.611 Thread 0x0000020688244000 Exception <a 'java/lang/IncompatibleClassChangeError'{0x000000008a1ea060}: Found class java.lang.Object, but interface was expected> (0x000000008a1ea060) thrown at [./src/hotspot/share/interpreter/linkResolver.cpp, line 839]
Event: 55.611 Thread 0x0000020688244800 Exception <a 'java/lang/IncompatibleClassChangeError'{0x000000008a017f48}: Found class java.lang.Object, but interface was expected> (0x000000008a017f48) thrown at [./src/hotspot/share/interpreter/linkResolver.cpp, line 839]
Event: 55.612 Thread 0x0000020688244000 Exception <a 'java/lang/IncompatibleClassChangeError'{0x000000008a1f2578}: Found class java.lang.Object, but interface was expected> (0x000000008a1f2578) thrown at [./src/hotspot/share/interpreter/linkResolver.cpp, line 839]
Event: 55.612 Thread 0x0000020688244800 Exception <a 'java/lang/IncompatibleClassChangeError'{0x000000008a0191c8}: Found class java.lang.Object, but interface was expected> (0x000000008a0191c8) thrown at [./src/hotspot/share/interpreter/linkResolver.cpp, line 839]
Event: 55.612 Thread 0x0000020688243000 Exception <a 'java/lang/IncompatibleClassChangeError'{0x000000008a1b0858}: Found class java.lang.Object, but interface was expected> (0x000000008a1b0858) thrown at [./src/hotspot/share/interpreter/linkResolver.cpp, line 839]
Event: 55.770 Thread 0x0000020688244000 Exception <a 'java/lang/IncompatibleClassChangeError'{0x000000008b5c79c8}: Found class java.lang.Object, but interface was expected> (0x000000008b5c79c8) thrown at [./src/hotspot/share/interpreter/linkResolver.cpp, line 839]
Event: 55.770 Thread 0x0000020688244800 Exception <a 'java/lang/IncompatibleClassChangeError'{0x000000008b57ad40}: Found class java.lang.Object, but interface was expected> (0x000000008b57ad40) thrown at [./src/hotspot/share/interpreter/linkResolver.cpp, line 839]
Event: 55.770 Thread 0x0000020688243000 Exception <a 'java/lang/IncompatibleClassChangeError'{0x000000008b5ac810}: Found class java.lang.Object, but interface was expected> (0x000000008b5ac810) thrown at [./src/hotspot/share/interpreter/linkResolver.cpp, line 839]
Event: 55.770 Thread 0x000002068823f800 Exception <a 'java/lang/IncompatibleClassChangeError'{0x000000008b45aab0}: Found class java.lang.Object, but interface was expected> (0x000000008b45aab0) thrown at [./src/hotspot/share/interpreter/linkResolver.cpp, line 839]

Events (20 events):
Event: 56.181 loading class com/android/tools/r8/internal/tC done
Event: 56.182 loading class com/android/tools/r8/internal/z1
Event: 56.182 loading class com/android/tools/r8/internal/z1 done
Event: 56.183 loading class com/android/tools/r8/internal/LP
Event: 56.183 loading class com/android/tools/r8/internal/LP done
Event: 56.184 loading class com/android/tools/r8/ir/conversion/H
Event: 56.184 loading class com/android/tools/r8/ir/conversion/H done
Event: 56.186 loading class com/android/tools/r8/graph/R2
Event: 56.186 loading class com/android/tools/r8/graph/R2 done
Event: 56.193 loading class com/android/tools/r8/internal/Vk
Event: 56.193 loading class com/android/tools/r8/internal/Vk done
Event: 56.244 loading class com/android/tools/r8/graph/P2
Event: 56.244 loading class com/android/tools/r8/graph/P2 done
Event: 56.245 loading class com/android/tools/r8/graph/R2$a
Event: 56.245 loading class com/android/tools/r8/graph/R2$a done
Event: 56.246 loading class com/android/tools/r8/graph/Q2
Event: 56.246 loading class com/android/tools/r8/graph/Q2 done
Event: 56.247 loading class com/android/tools/r8/graph/U2
Event: 56.247 loading class com/android/tools/r8/graph/U2 done
Event: 56.275 Executing VM operation: G1CollectForAllocation


Dynamic libraries:
0x00007ff6b8d60000 - 0x00007ff6b8d6a000 	C:\Program Files\Android\Android Studio\jre\bin\java.exe
0x00007ffbf0680000 - 0x00007ffbf086d000 	C:\Windows\SYSTEM32\ntdll.dll
0x00007ffbf00b0000 - 0x00007ffbf0163000 	C:\Windows\System32\KERNEL32.DLL
0x00007ffbecdd0000 - 0x00007ffbed063000 	C:\Windows\System32\KERNELBASE.dll
0x00007ffbeccb0000 - 0x00007ffbecdaa000 	C:\Windows\System32\ucrtbase.dll
0x00007ffbe1770000 - 0x00007ffbe1789000 	C:\Program Files\Android\Android Studio\jre\bin\jli.dll
0x00007ffbdeb90000 - 0x00007ffbdeba7000 	C:\Program Files\Android\Android Studio\jre\bin\VCRUNTIME140.dll
0x00007ffbeda70000 - 0x00007ffbedc07000 	C:\Windows\System32\USER32.dll
0x00007ffbd78b0000 - 0x00007ffbd7b29000 	C:\Windows\WinSxS\amd64_microsoft.windows.common-controls_6595b64144ccf1df_6.0.17763.1039_none_de701650534c7021\COMCTL32.dll
0x00007ffbec820000 - 0x00007ffbec840000 	C:\Windows\System32\win32u.dll
0x00007ffbf0460000 - 0x00007ffbf04fe000 	C:\Windows\System32\msvcrt.dll
0x00007ffbf0390000 - 0x00007ffbf03b9000 	C:\Windows\System32\GDI32.dll
0x00007ffbeca70000 - 0x00007ffbecc09000 	C:\Windows\System32\gdi32full.dll
0x00007ffbefd70000 - 0x00007ffbf009c000 	C:\Windows\System32\combase.dll
0x00007ffbecc10000 - 0x00007ffbeccb0000 	C:\Windows\System32\msvcp_win.dll
0x00007ffbf0520000 - 0x00007ffbf0642000 	C:\Windows\System32\RPCRT4.dll
0x00007ffbec740000 - 0x00007ffbec7be000 	C:\Windows\System32\bcryptPrimitives.dll
0x00007ffbef5e0000 - 0x00007ffbef60e000 	C:\Windows\System32\IMM32.DLL
0x00007ffbcd340000 - 0x00007ffbcd3dd000 	C:\Program Files\Android\Android Studio\jre\bin\msvcp140.dll
0x00007ffb99fd0000 - 0x00007ffb9aab5000 	C:\Program Files\Android\Android Studio\jre\bin\server\jvm.dll
0x00007ffbefcc0000 - 0x00007ffbefd63000 	C:\Windows\System32\ADVAPI32.dll
0x00007ffbf03c0000 - 0x00007ffbf045e000 	C:\Windows\System32\sechost.dll
0x00007ffbf0180000 - 0x00007ffbf0188000 	C:\Windows\System32\PSAPI.DLL
0x00007ffbe9f50000 - 0x00007ffbe9f74000 	C:\Windows\SYSTEM32\WINMM.dll
0x00007ffbd5b70000 - 0x00007ffbd5b79000 	C:\Windows\SYSTEM32\WSOCK32.dll
0x00007ffbe1d20000 - 0x00007ffbe1d2a000 	C:\Windows\SYSTEM32\VERSION.dll
0x00007ffbf0190000 - 0x00007ffbf01fd000 	C:\Windows\System32\WS2_32.dll
0x00007ffbe9f20000 - 0x00007ffbe9f4d000 	C:\Windows\SYSTEM32\WINMMBASE.dll
0x00007ffbec840000 - 0x00007ffbec88a000 	C:\Windows\System32\cfgmgr32.dll
0x00007ffbec6d0000 - 0x00007ffbec6e1000 	C:\Windows\System32\kernel.appcore.dll
0x00007ffbe28c0000 - 0x00007ffbe28d1000 	C:\Program Files\Android\Android Studio\jre\bin\verify.dll
0x00007ffbeb0e0000 - 0x00007ffbeb2cd000 	C:\Windows\SYSTEM32\DBGHELP.DLL
0x00007ffbccf50000 - 0x00007ffbccf7a000 	C:\Windows\SYSTEM32\dbgcore.DLL
0x00007ffbd6290000 - 0x00007ffbd62b9000 	C:\Program Files\Android\Android Studio\jre\bin\java.dll
0x00007ffbe8c40000 - 0x00007ffbe8c4b000 	C:\Program Files\Android\Android Studio\jre\bin\jimage.dll
0x00007ffbdf010000 - 0x00007ffbdf028000 	C:\Program Files\Android\Android Studio\jre\bin\zip.dll
0x00007ffbede80000 - 0x00007ffbef374000 	C:\Windows\System32\SHELL32.dll
0x00007ffbef530000 - 0x00007ffbef5d8000 	C:\Windows\System32\shcore.dll
0x00007ffbed070000 - 0x00007ffbed7bd000 	C:\Windows\System32\windows.storage.dll
0x00007ffbec710000 - 0x00007ffbec734000 	C:\Windows\System32\profapi.dll
0x00007ffbec670000 - 0x00007ffbec6cd000 	C:\Windows\System32\powrprof.dll
0x00007ffbefc00000 - 0x00007ffbefc52000 	C:\Windows\System32\shlwapi.dll
0x00007ffbecdb0000 - 0x00007ffbecdc7000 	C:\Windows\System32\cryptsp.dll
0x00007ffbdee60000 - 0x00007ffbdee7a000 	C:\Program Files\Android\Android Studio\jre\bin\net.dll
0x00007ffbdf7f0000 - 0x00007ffbdf8e2000 	C:\Windows\SYSTEM32\WINHTTP.dll
0x00007ffbebee0000 - 0x00007ffbebf47000 	C:\Windows\system32\mswsock.dll
0x00007ffbd6360000 - 0x00007ffbd6374000 	C:\Program Files\Android\Android Studio\jre\bin\nio.dll
0x00007ffbc4720000 - 0x00007ffbc4747000 	C:\Users\Danick Glishman\.gradle\native\e1d6ef7f7dcc3fd88c89a11ec53ec762bb8ba0a96d01ffa2cd45eb1d1d8dd5c5\windows-amd64\native-platform.dll
0x00007ffbbb9f0000 - 0x00007ffbbbb34000 	C:\Users\Danick Glishman\.gradle\native\5664cfc778a61ccfe75a443a1ab52a65af34e5dc3c78e0209fed803814484fcb\windows-amd64\native-platform-file-events.dll
0x00007ffbe3290000 - 0x00007ffbe329a000 	C:\Program Files\Android\Android Studio\jre\bin\management.dll
0x00007ffbded80000 - 0x00007ffbded8d000 	C:\Program Files\Android\Android Studio\jre\bin\management_ext.dll
0x00007ffbeba60000 - 0x00007ffbeba93000 	C:\Windows\system32\rsaenh.dll
0x00007ffbed7c0000 - 0x00007ffbed7e6000 	C:\Windows\System32\bcrypt.dll
0x00007ffbec570000 - 0x00007ffbec598000 	C:\Windows\SYSTEM32\USERENV.dll
0x00007ffbec0b0000 - 0x00007ffbec0bc000 	C:\Windows\SYSTEM32\CRYPTBASE.dll
0x00007ffbebc00000 - 0x00007ffbebc3d000 	C:\Windows\SYSTEM32\IPHLPAPI.DLL
0x00007ffbf0170000 - 0x00007ffbf0178000 	C:\Windows\System32\NSI.dll
0x00007ffbe1670000 - 0x00007ffbe1686000 	C:\Windows\SYSTEM32\dhcpcsvc6.DLL
0x00007ffbe1650000 - 0x00007ffbe166c000 	C:\Windows\SYSTEM32\dhcpcsvc.DLL
0x00007ffbebc40000 - 0x00007ffbebd06000 	C:\Windows\SYSTEM32\DNSAPI.dll

dbghelp: loaded successfully - version: 4.0.5 - missing functions: none
symbol engine: initialized successfully - sym options: 0x614 - pdb path: .;C:\Program Files\Android\Android Studio\jre\bin;C:\Windows\SYSTEM32;C:\Windows\WinSxS\amd64_microsoft.windows.common-controls_6595b64144ccf1df_6.0.17763.1039_none_de701650534c7021;C:\Program Files\Android\Android Studio\jre\bin\server;C:\Users\Danick Glishman\.gradle\native\e1d6ef7f7dcc3fd88c89a11ec53ec762bb8ba0a96d01ffa2cd45eb1d1d8dd5c5\windows-amd64;C:\Users\Danick Glishman\.gradle\native\5664cfc778a61ccfe75a443a1ab52a65af34e5dc3c78e0209fed803814484fcb\windows-amd64

VM Arguments:
jvm_args: --add-opens=java.base/java.util=ALL-UNNAMED --add-opens=java.base/java.lang=ALL-UNNAMED --add-opens=java.base/java.lang.invoke=ALL-UNNAMED --add-opens=java.base/java.util=ALL-UNNAMED --add-opens=java.prefs/java.util.prefs=ALL-UNNAMED --add-opens=java.prefs/java.util.prefs=ALL-UNNAMED --add-opens=java.base/java.nio.charset=ALL-UNNAMED --add-opens=java.base/java.net=ALL-UNNAMED --add-opens=java.base/java.util.concurrent.atomic=ALL-UNNAMED -Xmx2048m -Dfile.encoding=UTF-8 -Duser.country=FR -Duser.language=fr -Duser.variant 
java_command: org.gradle.launcher.daemon.bootstrap.GradleDaemon 7.3.3
java_class_path (initial): C:\Users\Danick Glishman\.gradle\wrapper\dists\gradle-7.3.3-bin\6a41zxkdtcxs8rphpq6y0069z\gradle-7.3.3\lib\gradle-launcher-7.3.3.jar
Launcher Type: SUN_STANDARD

[Global flags]
     intx CICompilerCount                          = 3                                         {product} {ergonomic}
     uint ConcGCThreads                            = 1                                         {product} {ergonomic}
     uint G1ConcRefinementThreads                  = 4                                         {product} {ergonomic}
   size_t G1HeapRegionSize                         = 1048576                                   {product} {ergonomic}
    uintx GCDrainStackTargetSize                   = 64                                        {product} {ergonomic}
   size_t InitialHeapSize                          = 67108864                                  {product} {ergonomic}
   size_t MarkStackSize                            = 4194304                                   {product} {ergonomic}
   size_t MaxHeapSize                              = 2147483648                                {product} {command line}
   size_t MaxNewSize                               = 1287651328                                {product} {ergonomic}
   size_t MinHeapDeltaBytes                        = 1048576                                   {product} {ergonomic}
    uintx NonNMethodCodeHeapSize                   = 5830732                                {pd product} {ergonomic}
    uintx NonProfiledCodeHeapSize                  = 122913754                              {pd product} {ergonomic}
    uintx ProfiledCodeHeapSize                     = 122913754                              {pd product} {ergonomic}
    uintx ReservedCodeCacheSize                    = 251658240                              {pd product} {ergonomic}
     bool SegmentedCodeCache                       = true                                      {product} {ergonomic}
     bool UseCompressedClassPointers               = true                                 {lp64_product} {ergonomic}
     bool UseCompressedOops                        = true                                 {lp64_product} {ergonomic}
     bool UseG1GC                                  = true                                      {product} {ergonomic}
     bool UseLargePagesIndividualAllocation        = false                                  {pd product} {ergonomic}

Logging:
Log output configuration:
 #0: stdout all=warning uptime,level,tags
 #1: stderr all=off uptime,level,tags

Environment Variables:
PATH=C:\Program Files (x86)\Common Files\Oracle\Java\javapath;C:\Program Files (x86)\NVIDIA Corporation\PhysX\Common;C:\Windows\system32;C:\Windows;C:\Windows\System32\Wbem;C:\Windows\System32\WindowsPowerShell\v1.0\;C:\Windows\System32\OpenSSH\;C:\Program Files\Java\jdk-14.0.2\bin;C:\MinGW\bin;C:\Program Files\Git\cmd;C:\ProgramData\ComposerSetup\bin;C:\php;C:\Program Files\Java\jre1.8.0_281;C:\Program Files\Java\jre1.8.0_281\bin\server;C:\Program Files\Java\jdk1.8.0_281\bin;C:\Program Files (x86)\nodejs;C:\Program Files (x86)\nodejs\node_modules\npm\bin;C:\Users\Danick Glishman\AppData\Local\Programs\Python\Python37\Scripts\;C:\Users\Danick Glishman\AppData\Local\Programs\Python\Python37\;C:\Users\Danick Glishman\AppData\Local\Microsoft\WindowsApps;C:\Users\Danick Glishman\AppData\Local\Programs\Microsoft VS Code\bin;C:\Users\Danick Glishman\AppData\Local\GitHubDesktop\bin;C:\Users\Danick Glishman\AppData\Roaming\Composer\vendor\bin;C:\Users\Danick Glishman\AppData\Roaming\npm;C:\Program Files\php-8.0.17-src\php-8.0.17-src;C:\Program Files\Java\jre1.8.0_281;C:\Program Files\Java\jre1.8.0_281\bin\server;C:\Program Files\Java\jdk1.8.0_281\bin;C:\Program Files (x86)\nodejs;C:\Program Files (x86)\nodejs\node_modules\npm\bin;;C:\Program Files\JetBrains\PyCharm Community Edition 2022.1.1\bin;
USERNAME=Danick Glishman
OS=Windows_NT
PROCESSOR_IDENTIFIER=Intel64 Family 6 Model 142 Stepping 10, GenuineIntel



---------------  S Y S T E M  ---------------

OS: Windows 10 , 64 bit Build 17763 (10.0.17763.475)
OS uptime: 2 days 22:25 hours

CPU:total 4 (initial active 4) (2 cores per cpu, 2 threads per core) family 6 model 142 stepping 10 microcode 0x96, cmov, cx8, fxsr, mmx, sse, sse2, sse3, ssse3, sse4.1, sse4.2, popcnt, avx, avx2, aes, clmul, erms, 3dnowpref, lzcnt, ht, tsc, tscinvbit, bmi1, bmi2, adx, fma

Memory: 4k page, system-wide physical 4005M (247M free)
TotalPageFile size 8005M (AvailPageFile size 104M)
current process WorkingSet (physical memory assigned to process): 436M, peak: 436M
current process commit charge ("private bytes"): 510M, peak: 678M

vm_info: OpenJDK 64-Bit Server VM (11.0.12+7-b1504.28-7817840) for windows-amd64 JRE (11.0.12+7-b1504.28-7817840), built on Oct 13 2021 22:12:33 by "builder" with MS VC++ 14.0 (VS2015)

END.
