#
# There is insufficient memory for the Java Runtime Environment to continue.
# Native memory allocation (malloc) failed to allocate 1783216 bytes for Chunk::new
# Possible reasons:
#   The system is out of physical RAM or swap space
#   The process is running with CompressedOops enabled, and the Java Heap may be blocking the growth of the native heap
# Possible solutions:
#   Reduce memory load on the system
#   Increase physical memory or swap space
#   Check if swap backing store is full
#   Decrease Java heap size (-Xmx/-Xms)
#   Decrease number of Java threads
#   Decrease Java thread stack sizes (-Xss)
#   Set larger code cache with -XX:ReservedCodeCacheSize=
#   JVM is running with Unscaled Compressed Oops mode in which the Java heap is
#     placed in the first 4GB address space. The Java Heap base address is the
#     maximum limit for the native heap growth. Please use -XX:HeapBaseMinAddress
#     to set the Java Heap base and to place the Java Heap above 4GB virtual address.
# This output file may be truncated or incomplete.
#
#  Out of Memory Error (./src/hotspot/share/memory/arena.cpp:197), pid=2832, tid=12020
#
# JRE version: OpenJDK Runtime Environment (11.0.12+7) (build 11.0.12+7-b1504.28-7817840)
# Java VM: OpenJDK 64-Bit Server VM (11.0.12+7-b1504.28-7817840, mixed mode, tiered, compressed oops, g1 gc, windows-amd64)
# No core dump will be written. Minidumps are not enabled by default on client versions of Windows
#

---------------  S U M M A R Y ------------

Command Line: --add-opens=java.base/java.util=ALL-UNNAMED --add-opens=java.base/java.lang=ALL-UNNAMED --add-opens=java.base/java.lang.invoke=ALL-UNNAMED --add-opens=java.base/java.util=ALL-UNNAMED --add-opens=java.prefs/java.util.prefs=ALL-UNNAMED --add-opens=java.prefs/java.util.prefs=ALL-UNNAMED --add-opens=java.base/java.nio.charset=ALL-UNNAMED --add-opens=java.base/java.net=ALL-UNNAMED --add-opens=java.base/java.util.concurrent.atomic=ALL-UNNAMED -Xmx2048m -Dfile.encoding=UTF-8 -Duser.country=FR -Duser.language=fr -Duser.variant org.gradle.launcher.daemon.bootstrap.GradleDaemon 7.3.3

Host: Intel(R) Core(TM) i3-7020U CPU @ 2.30GHz, 4 cores, 3G,  Windows 10 , 64 bit Build 17763 (10.0.17763.475)
Time: Sun May 29 16:47:42 2022 Paris, Madrid (heure d?été) elapsed time: 3017.768625 seconds (0d 0h 50m 17s)

---------------  T H R E A D  ---------------

Current thread (0x0000024065bf4000):  JavaThread "C2 CompilerThread0" daemon [_thread_in_native, id=12020, stack(0x000000af98e00000,0x000000af98f00000)]


Current CompileTask:
C2:3017770 21579       4       com.android.tools.r8.graph.p2::<init> (230 bytes)

Stack: [0x000000af98e00000,0x000000af98f00000]
Native frames: (J=compiled Java code, j=interpreted, Vv=VM code, C=native code)
V  [jvm.dll+0x5fbcea]
V  [jvm.dll+0x731905]
V  [jvm.dll+0x732f1d]
V  [jvm.dll+0x7335d3]
V  [jvm.dll+0x247bf8]
V  [jvm.dll+0xc018c]
V  [jvm.dll+0xc06cc]
V  [jvm.dll+0x35b31d]
V  [jvm.dll+0x328803]
V  [jvm.dll+0x327cfa]
V  [jvm.dll+0x200602]
V  [jvm.dll+0x1ff794]
V  [jvm.dll+0x18868c]
V  [jvm.dll+0x20e0d7]
V  [jvm.dll+0x20c901]
V  [jvm.dll+0x6f9b7f]
V  [jvm.dll+0x6f26a5]
V  [jvm.dll+0x5fabf6]
C  [ucrtbase.dll+0x21ffa]
C  [KERNEL32.DLL+0x17974]
C  [ntdll.dll+0x6a261]


---------------  P R O C E S S  ---------------

Threads class SMR info:
_java_thread_list=0x000002407199a380, length=91, elements={
0x000002404c011000, 0x0000024065bce800, 0x0000024065bda800, 0x0000024065bec800,
0x0000024065bed800, 0x0000024065bf0000, 0x0000024065bf4000, 0x0000024065bf9800,
0x0000024065bfd800, 0x00000240666d2800, 0x0000024068e5a000, 0x00000240672dd800,
0x00000240680d3800, 0x00000240687a7000, 0x00000240687a6000, 0x00000240687a1800,
0x00000240687a8000, 0x00000240687a2000, 0x0000024068cbc000, 0x0000024068cc2800,
0x0000024068cc2000, 0x0000024068cc1000, 0x0000024068cc3800, 0x00000240690c5000,
0x00000240690c3800, 0x00000240690c1000, 0x000002406fed7800, 0x00000240690e1000,
0x000002406caa2800, 0x000002406ca99800, 0x000002406ca9a000, 0x000002406ca9b000,
0x000002406ca95800, 0x000002406ca9c000, 0x000002406ca97800, 0x000002406ca96000,
0x000002406ca98800, 0x000002406ca9c800, 0x000002406ca97000, 0x000002406caa0000,
0x000002406caa3000, 0x000002406ca9d800, 0x000002406caa4000, 0x000002406caa0800,
0x000002406caa1800, 0x000002406ca9e800, 0x000002406fedc000, 0x000002406fede000,
0x000002406fedd000, 0x000002406fed9000, 0x000002406fed8000, 0x000002406fedf800,
0x000002406feda800, 0x000002406fed9800, 0x000002406fee0800, 0x000002406fee1000,
0x000002406fedb800, 0x000002406fee2000, 0x000002406fee2800, 0x000002406fee4800,
0x000002406fee3800, 0x000002406fee5000, 0x000002406fee6000, 0x00000240690b9000,
0x00000240690b8000, 0x00000240690ba800, 0x00000240690bc800, 0x00000240690bd000,
0x00000240690bb800, 0x00000240690b7800, 0x00000240690be000, 0x00000240690be800,
0x00000240690bf800, 0x00000240690ba000, 0x00000240690c4800, 0x00000240690c6000,
0x00000240690c3000, 0x00000240690c0800, 0x00000240690c2000, 0x0000024068cbf800,
0x0000024068cbb800, 0x0000024068cbd800, 0x0000024068cbe800, 0x0000024068cc8800,
0x0000024068cc6800, 0x0000024068cc6000, 0x0000024068cc7800, 0x0000024068cc5000,
0x0000024068cc9000, 0x0000024068cca000, 0x0000024068cc4800
}

Java Threads: ( => current thread )
  0x000002404c011000 JavaThread "main" [_thread_blocked, id=8392, stack(0x000000af98200000,0x000000af98300000)]
  0x0000024065bce800 JavaThread "Reference Handler" daemon [_thread_blocked, id=2120, stack(0x000000af98900000,0x000000af98a00000)]
  0x0000024065bda800 JavaThread "Finalizer" daemon [_thread_blocked, id=9460, stack(0x000000af98a00000,0x000000af98b00000)]
  0x0000024065bec800 JavaThread "Signal Dispatcher" daemon [_thread_blocked, id=7200, stack(0x000000af98b00000,0x000000af98c00000)]
  0x0000024065bed800 JavaThread "Attach Listener" daemon [_thread_blocked, id=5860, stack(0x000000af98c00000,0x000000af98d00000)]
  0x0000024065bf0000 JavaThread "Service Thread" daemon [_thread_blocked, id=10208, stack(0x000000af98d00000,0x000000af98e00000)]
=>0x0000024065bf4000 JavaThread "C2 CompilerThread0" daemon [_thread_in_native, id=12020, stack(0x000000af98e00000,0x000000af98f00000)]
  0x0000024065bf9800 JavaThread "C1 CompilerThread0" daemon [_thread_blocked, id=11312, stack(0x000000af98f00000,0x000000af99000000)]
  0x0000024065bfd800 JavaThread "Sweeper thread" daemon [_thread_blocked, id=6304, stack(0x000000af99000000,0x000000af99100000)]
  0x00000240666d2800 JavaThread "Common-Cleaner" daemon [_thread_blocked, id=11920, stack(0x000000af99100000,0x000000af99200000)]
  0x0000024068e5a000 JavaThread "Daemon health stats" [_thread_blocked, id=11436, stack(0x000000af99500000,0x000000af99600000)]
  0x00000240672dd800 JavaThread "Incoming local TCP Connector on port 64672" [_thread_in_native, id=10112, stack(0x000000af99300000,0x000000af99400000)]
  0x00000240680d3800 JavaThread "Daemon periodic checks" [_thread_blocked, id=9024, stack(0x000000af99600000,0x000000af99700000)]
  0x00000240687a7000 JavaThread "Cache worker for journal cache (C:\Users\Danick Glishman\.gradle\caches\journal-1)" [_thread_blocked, id=10828, stack(0x000000af9a000000,0x000000af9a100000)]
  0x00000240687a6000 JavaThread "File lock request listener" [_thread_in_native, id=12516, stack(0x000000af9a100000,0x000000af9a200000)]
  0x00000240687a1800 JavaThread "Cache worker for file hash cache (C:\Users\Danick Glishman\.gradle\caches\7.3.3\fileHashes)" [_thread_blocked, id=13280, stack(0x000000af9a200000,0x000000af9a300000)]
  0x00000240687a8000 JavaThread "File watcher server" daemon [_thread_in_native, id=6784, stack(0x000000af9a400000,0x000000af9a500000)]
  0x00000240687a2000 JavaThread "File watcher consumer" daemon [_thread_blocked, id=10244, stack(0x000000af9a500000,0x000000af9a600000)]
  0x0000024068cbc000 JavaThread "Cache worker for execution history cache (C:\Users\Danick Glishman\.gradle\caches\7.3.3\executionHistory)" [_thread_blocked, id=10876, stack(0x000000af9a900000,0x000000af9aa00000)]
  0x0000024068cc2800 JavaThread "jar transforms" [_thread_blocked, id=9776, stack(0x000000af9aa00000,0x000000af9ab00000)]
  0x0000024068cc2000 JavaThread "Cache worker for file content cache (C:\Users\Danick Glishman\.gradle\caches\7.3.3\fileContent)" [_thread_blocked, id=5460, stack(0x000000af9ab00000,0x000000af9ac00000)]
  0x0000024068cc1000 JavaThread "jar transforms Thread 2" [_thread_blocked, id=11852, stack(0x000000af9ac00000,0x000000af9ad00000)]
  0x0000024068cc3800 JavaThread "jar transforms Thread 3" [_thread_blocked, id=11356, stack(0x000000af9ae00000,0x000000af9af00000)]
  0x00000240690c5000 JavaThread "jar transforms Thread 4" [_thread_blocked, id=6844, stack(0x000000af9d800000,0x000000af9d900000)]
  0x00000240690c3800 JavaThread "Memory manager" [_thread_blocked, id=8816, stack(0x000000af9d900000,0x000000af9da00000)]
  0x00000240690c1000 JavaThread "pool-3-thread-1" [_thread_blocked, id=4312, stack(0x000000af9db00000,0x000000af9dc00000)]
  0x000002406fed7800 JavaThread "Cache worker for Java compile cache (C:\Users\Danick Glishman\.gradle\caches\7.3.3\javaCompile)" [_thread_blocked, id=11628, stack(0x000000af97f00000,0x000000af98000000)]
  0x00000240690e1000 JavaThread "pool-8-thread-1" [_thread_blocked, id=9064, stack(0x000000af9da00000,0x000000af9db00000)]
  0x000002406caa2800 JavaThread "ForkJoinPool.commonPool-worker-3" daemon [_thread_blocked, id=12380, stack(0x000000af9ed00000,0x000000af9ee00000)]
  0x000002406ca99800 JavaThread "Daemon Thread 3" [_thread_blocked, id=11748, stack(0x000000af98000000,0x000000af98100000)]
  0x000002406ca9a000 JavaThread "Handler for socket connection from /127.0.0.1:64672 to /127.0.0.1:64726" [_thread_in_native, id=6780, stack(0x000000af98100000,0x000000af98200000)]
  0x000002406ca9b000 JavaThread "Cancel handler" [_thread_blocked, id=6172, stack(0x000000af99700000,0x000000af99800000)]
  0x000002406ca95800 JavaThread "Daemon worker Thread 3" [_thread_blocked, id=8724, stack(0x000000af99800000,0x000000af99900000)]
  0x000002406ca9c000 JavaThread "Asynchronous log dispatcher for DefaultDaemonConnection: socket connection from /127.0.0.1:64672 to /127.0.0.1:64726" [_thread_blocked, id=12400, stack(0x000000af99900000,0x000000af99a00000)]
  0x000002406ca97800 JavaThread "Stdin handler" [_thread_blocked, id=9108, stack(0x000000af99a00000,0x000000af99b00000)]
  0x000002406ca96000 JavaThread "Daemon client event forwarder" [_thread_blocked, id=7880, stack(0x000000af99b00000,0x000000af99c00000)]
  0x000002406ca98800 JavaThread "Cache worker for file hash cache (C:\Users\Danick Glishman\AndroidStudioProjects\CalculatorDanick\.gradle\7.3.3\fileHashes)" [_thread_blocked, id=408, stack(0x000000af99c00000,0x000000af99d00000)]
  0x000002406ca9c800 JavaThread "Cache worker for checksums cache (C:\Users\Danick Glishman\AndroidStudioProjects\CalculatorDanick\.gradle\7.3.3\checksums)" [_thread_blocked, id=8848, stack(0x000000af99d00000,0x000000af99e00000)]
  0x000002406ca97000 JavaThread "Cache worker for cache directory md-supplier (C:\Users\Danick Glishman\.gradle\caches\7.3.3\md-supplier)" [_thread_blocked, id=8072, stack(0x000000af9a300000,0x000000af9a400000)]
  0x000002406caa0000 JavaThread "Cache worker for cache directory md-rule (C:\Users\Danick Glishman\.gradle\caches\7.3.3\md-rule)" [_thread_blocked, id=4432, stack(0x000000af9a600000,0x000000af9a700000)]
  0x000002406caa3000 JavaThread "Cache worker for dependencies-accessors (C:\Users\Danick Glishman\AndroidStudioProjects\CalculatorDanick\.gradle\7.3.3\dependencies-accessors)" [_thread_blocked, id=4600, stack(0x000000af9a700000,0x000000af9a800000)]
  0x000002406ca9d800 JavaThread "Cache worker for Build Output Cleanup Cache (C:\Users\Danick Glishman\AndroidStudioProjects\CalculatorDanick\.gradle\buildOutputCleanup)" [_thread_blocked, id=1584, stack(0x000000af9a800000,0x000000af9a900000)]
  0x000002406caa4000 JavaThread "Unconstrained build operations" [_thread_blocked, id=12472, stack(0x000000af9ad00000,0x000000af9ae00000)]
  0x000002406caa0800 JavaThread "Unconstrained build operations Thread 2" [_thread_blocked, id=256, stack(0x000000af9af00000,0x000000af9b000000)]
  0x000002406caa1800 JavaThread "Unconstrained build operations Thread 3" [_thread_blocked, id=1692, stack(0x000000af9b000000,0x000000af9b100000)]
  0x000002406ca9e800 JavaThread "Unconstrained build operations Thread 4" [_thread_blocked, id=10000, stack(0x000000af9b100000,0x000000af9b200000)]
  0x000002406fedc000 JavaThread "Unconstrained build operations Thread 5" [_thread_blocked, id=11352, stack(0x000000af9b200000,0x000000af9b300000)]
  0x000002406fede000 JavaThread "Unconstrained build operations Thread 6" [_thread_blocked, id=7992, stack(0x000000af9b300000,0x000000af9b400000)]
  0x000002406fedd000 JavaThread "Unconstrained build operations Thread 7" [_thread_blocked, id=9020, stack(0x000000af9b400000,0x000000af9b500000)]
  0x000002406fed9000 JavaThread "Unconstrained build operations Thread 8" [_thread_blocked, id=13300, stack(0x000000af9b500000,0x000000af9b600000)]
  0x000002406fed8000 JavaThread "Unconstrained build operations Thread 9" [_thread_blocked, id=12312, stack(0x000000af9b600000,0x000000af9b700000)]
  0x000002406fedf800 JavaThread "Unconstrained build operations Thread 10" [_thread_blocked, id=4664, stack(0x000000af9b700000,0x000000af9b800000)]
  0x000002406feda800 JavaThread "Unconstrained build operations Thread 11" [_thread_blocked, id=12064, stack(0x000000af9b800000,0x000000af9b900000)]
  0x000002406fed9800 JavaThread "Unconstrained build operations Thread 12" [_thread_blocked, id=12868, stack(0x000000af9b900000,0x000000af9ba00000)]
  0x000002406fee0800 JavaThread "Unconstrained build operations Thread 13" [_thread_blocked, id=6768, stack(0x000000af9ba00000,0x000000af9bb00000)]
  0x000002406fee1000 JavaThread "Unconstrained build operations Thread 14" [_thread_blocked, id=1012, stack(0x000000af9bb00000,0x000000af9bc00000)]
  0x000002406fedb800 JavaThread "Unconstrained build operations Thread 15" [_thread_blocked, id=8652, stack(0x000000af9bc00000,0x000000af9bd00000)]
  0x000002406fee2000 JavaThread "Unconstrained build operations Thread 16" [_thread_blocked, id=12424, stack(0x000000af9bd00000,0x000000af9be00000)]
  0x000002406fee2800 JavaThread "Unconstrained build operations Thread 17" [_thread_blocked, id=6132, stack(0x000000af9be00000,0x000000af9bf00000)]
  0x000002406fee4800 JavaThread "Unconstrained build operations Thread 18" [_thread_blocked, id=7656, stack(0x000000af9bf00000,0x000000af9c000000)]
  0x000002406fee3800 JavaThread "Unconstrained build operations Thread 19" [_thread_blocked, id=10232, stack(0x000000af9c000000,0x000000af9c100000)]
  0x000002406fee5000 JavaThread "Unconstrained build operations Thread 20" [_thread_blocked, id=7816, stack(0x000000af9c100000,0x000000af9c200000)]
  0x000002406fee6000 JavaThread "Unconstrained build operations Thread 21" [_thread_blocked, id=1416, stack(0x000000af9c200000,0x000000af9c300000)]
  0x00000240690b9000 JavaThread "Unconstrained build operations Thread 22" [_thread_blocked, id=6528, stack(0x000000af9c300000,0x000000af9c400000)]
  0x00000240690b8000 JavaThread "Unconstrained build operations Thread 23" [_thread_blocked, id=8916, stack(0x000000af9c400000,0x000000af9c500000)]
  0x00000240690ba800 JavaThread "Unconstrained build operations Thread 24" [_thread_blocked, id=12880, stack(0x000000af9c500000,0x000000af9c600000)]
  0x00000240690bc800 JavaThread "Unconstrained build operations Thread 25" [_thread_blocked, id=9188, stack(0x000000af9c600000,0x000000af9c700000)]
  0x00000240690bd000 JavaThread "Unconstrained build operations Thread 26" [_thread_blocked, id=7544, stack(0x000000af9c700000,0x000000af9c800000)]
  0x00000240690bb800 JavaThread "Unconstrained build operations Thread 27" [_thread_blocked, id=9524, stack(0x000000af9c800000,0x000000af9c900000)]
  0x00000240690b7800 JavaThread "Unconstrained build operations Thread 28" [_thread_blocked, id=11532, stack(0x000000af9c900000,0x000000af9ca00000)]
  0x00000240690be000 JavaThread "Unconstrained build operations Thread 29" [_thread_blocked, id=4976, stack(0x000000af9ca00000,0x000000af9cb00000)]
  0x00000240690be800 JavaThread "Unconstrained build operations Thread 30" [_thread_blocked, id=7764, stack(0x000000af9cb00000,0x000000af9cc00000)]
  0x00000240690bf800 JavaThread "Unconstrained build operations Thread 31" [_thread_blocked, id=1620, stack(0x000000af9cc00000,0x000000af9cd00000)]
  0x00000240690ba000 JavaThread "Unconstrained build operations Thread 32" [_thread_blocked, id=5940, stack(0x000000af9cd00000,0x000000af9ce00000)]
  0x00000240690c4800 JavaThread "Unconstrained build operations Thread 33" [_thread_blocked, id=11076, stack(0x000000af9ce00000,0x000000af9cf00000)]
  0x00000240690c6000 JavaThread "Unconstrained build operations Thread 34" [_thread_blocked, id=11340, stack(0x000000af9cf00000,0x000000af9d000000)]
  0x00000240690c3000 JavaThread "Unconstrained build operations Thread 35" [_thread_blocked, id=9412, stack(0x000000af9d000000,0x000000af9d100000)]
  0x00000240690c0800 JavaThread "Unconstrained build operations Thread 36" [_thread_blocked, id=12412, stack(0x000000af9d100000,0x000000af9d200000)]
  0x00000240690c2000 JavaThread "Unconstrained build operations Thread 37" [_thread_blocked, id=7800, stack(0x000000af9d200000,0x000000af9d300000)]
  0x0000024068cbf800 JavaThread "Unconstrained build operations Thread 38" [_thread_blocked, id=10292, stack(0x000000af9d300000,0x000000af9d400000)]
  0x0000024068cbb800 JavaThread "Unconstrained build operations Thread 39" [_thread_blocked, id=12232, stack(0x000000af9d400000,0x000000af9d500000)]
  0x0000024068cbd800 JavaThread "Unconstrained build operations Thread 40" [_thread_blocked, id=2572, stack(0x000000af9d500000,0x000000af9d600000)]
  0x0000024068cbe800 JavaThread "build event listener" [_thread_blocked, id=11100, stack(0x000000af9d700000,0x000000af9d800000)]
  0x0000024068cc8800 JavaThread "pool-13-thread-1" [_thread_blocked, id=11372, stack(0x000000af9dc00000,0x000000af9dd00000)]
  0x0000024068cc6800 JavaThread "build event listener" [_thread_blocked, id=11784, stack(0x000000af9dd00000,0x000000af9de00000)]
  0x0000024068cc6000 JavaThread "Execution worker for ':'" [_thread_blocked, id=10692, stack(0x000000af9de00000,0x000000af9df00000)]
  0x0000024068cc7800 JavaThread "Execution worker for ':' Thread 2" [_thread_blocked, id=3044, stack(0x000000af9df00000,0x000000af9e000000)]
  0x0000024068cc5000 JavaThread "Execution worker for ':' Thread 3" [_thread_blocked, id=4176, stack(0x000000af9e000000,0x000000af9e100000)]
  0x0000024068cc9000 JavaThread "Cache worker for execution history cache (C:\Users\Danick Glishman\AndroidStudioProjects\CalculatorDanick\.gradle\7.3.3\executionHistory)" [_thread_blocked, id=12108, stack(0x000000af9e100000,0x000000af9e200000)]
  0x0000024068cca000 JavaThread "WorkerExecutor Queue" [_thread_blocked, id=12556, stack(0x000000af9d600000,0x000000af9d700000)]
  0x0000024068cc4800 JavaThread "C2 CompilerThread1" daemon [_thread_in_native, id=10392, stack(0x000000af9e200000,0x000000af9e300000)]

Other Threads:
  0x0000024065bcc000 VMThread "VM Thread" [stack: 0x000000af98800000,0x000000af98900000] [id=5084]
  0x00000240666fb800 WatcherThread [stack: 0x000000af99200000,0x000000af99300000] [id=3188]
  0x000002404c02a800 GCTaskThread "GC Thread#0" [stack: 0x000000af98300000,0x000000af98400000] [id=11132]
  0x0000024067299000 GCTaskThread "GC Thread#1" [stack: 0x000000af99400000,0x000000af99500000] [id=12700]
  0x00000240693d9800 GCTaskThread "GC Thread#2" [stack: 0x000000af99e00000,0x000000af99f00000] [id=12936]
  0x0000024069a37800 GCTaskThread "GC Thread#3" [stack: 0x000000af99f00000,0x000000af9a000000] [id=5568]
  0x000002404c05b800 ConcurrentGCThread "G1 Main Marker" [stack: 0x000000af98400000,0x000000af98500000] [id=7996]
  0x000002404c05d000 ConcurrentGCThread "G1 Conc#0" [stack: 0x000000af98500000,0x000000af98600000] [id=13288]
  0x000002404c0b6000 ConcurrentGCThread "G1 Refine#0" [stack: 0x000000af98600000,0x000000af98700000] [id=2844]
  0x000002404c0b7000 ConcurrentGCThread "G1 Young RemSet Sampling" [stack: 0x000000af98700000,0x000000af98800000] [id=8680]

Threads with active compile tasks:
C2 CompilerThread03018061 21579       4       com.android.tools.r8.graph.p2::<init> (230 bytes)
C1 CompilerThread03018061 21683 %     3       com.android.tools.r8.internal.xa::a @ 2422 (6068 bytes)
C2 CompilerThread13018061 21587       4       com.android.tools.r8.graph.p2::c (655 bytes)

VM state:at safepoint (normal execution)

VM Mutex/Monitor currently owned by a thread:  ([mutex/lock_event])
[0x000002404c00d100] Threads_lock - owner thread: 0x0000024065bcc000
[0x000002404c00bf90] Heap_lock - owner thread: 0x00000240690b7800

Heap address: 0x0000000080000000, size: 2048 MB, Compressed Oops mode: 32-bit
Narrow klass base: 0x0000000000000000, Narrow klass shift: 3
Compressed class space size: 1073741824 Address: 0x0000000100000000

Heap:
 garbage-first heap   total 226304K, used 124928K [0x0000000080000000, 0x0000000100000000)
  region size 1024K, 3 young (3072K), 3 survivors (3072K)
 Metaspace       used 129167K, capacity 132263K, committed 133120K, reserved 1165312K
  class space    used 15899K, capacity 17044K, committed 17408K, reserved 1048576K
Heap Regions: E=young(eden), S=young(survivor), O=old, HS=humongous(starts), HC=humongous(continues), CS=collection set, F=free, A=archive, TAMS=top-at-mark-start (previous, next)
|   0|0x0000000080000000, 0x0000000080100000, 0x0000000080100000|100%|HS|  |TAMS 0x0000000080100000, 0x0000000080000000| Complete 
|   1|0x0000000080100000, 0x0000000080200000, 0x0000000080200000|100%|HC|  |TAMS 0x0000000080200000, 0x0000000080100000| Complete 
|   2|0x0000000080200000, 0x0000000080300000, 0x0000000080300000|100%|HC|  |TAMS 0x0000000080300000, 0x0000000080200000| Complete 
|   3|0x0000000080300000, 0x0000000080400000, 0x0000000080400000|100%| O|  |TAMS 0x0000000080400000, 0x0000000080300000| Updating 
|   4|0x0000000080400000, 0x0000000080500000, 0x0000000080500000|100%| O|  |TAMS 0x0000000080500000, 0x0000000080400000| Updating 
|   5|0x0000000080500000, 0x0000000080600000, 0x0000000080600000|100%| O|  |TAMS 0x0000000080600000, 0x0000000080500000| Updating 
|   6|0x0000000080600000, 0x0000000080700000, 0x0000000080700000|100%| O|  |TAMS 0x0000000080700000, 0x0000000080600000| Updating 
|   7|0x0000000080700000, 0x0000000080800000, 0x0000000080800000|100%| O|  |TAMS 0x0000000080800000, 0x0000000080700000| Updating 
|   8|0x0000000080800000, 0x0000000080900000, 0x0000000080900000|100%| O|  |TAMS 0x0000000080900000, 0x0000000080800000| Updating 
|   9|0x0000000080900000, 0x0000000080a00000, 0x0000000080a00000|100%| O|  |TAMS 0x0000000080a00000, 0x0000000080900000| Updating 
|  10|0x0000000080a00000, 0x0000000080b00000, 0x0000000080b00000|100%| O|  |TAMS 0x0000000080b00000, 0x0000000080a00000| Updating 
|  11|0x0000000080b00000, 0x0000000080c00000, 0x0000000080c00000|100%| O|  |TAMS 0x0000000080c00000, 0x0000000080b00000| Updating 
|  12|0x0000000080c00000, 0x0000000080d00000, 0x0000000080d00000|100%| O|  |TAMS 0x0000000080d00000, 0x0000000080c00000| Updating 
|  13|0x0000000080d00000, 0x0000000080e00000, 0x0000000080e00000|100%| O|  |TAMS 0x0000000080e00000, 0x0000000080d00000| Updating 
|  14|0x0000000080e00000, 0x0000000080f00000, 0x0000000080f00000|100%| O|  |TAMS 0x0000000080f00000, 0x0000000080e00000| Updating 
|  15|0x0000000080f00000, 0x0000000081000000, 0x0000000081000000|100%| O|  |TAMS 0x0000000081000000, 0x0000000080f00000| Updating 
|  16|0x0000000081000000, 0x0000000081100000, 0x0000000081100000|100%| O|  |TAMS 0x0000000081100000, 0x0000000081000000| Updating 
|  17|0x0000000081100000, 0x0000000081200000, 0x0000000081200000|100%| O|  |TAMS 0x0000000081200000, 0x0000000081100000| Updating 
|  18|0x0000000081200000, 0x0000000081300000, 0x0000000081300000|100%| O|  |TAMS 0x0000000081300000, 0x0000000081200000| Updating 
|  19|0x0000000081300000, 0x0000000081400000, 0x0000000081400000|100%| O|  |TAMS 0x0000000081400000, 0x0000000081300000| Updating 
|  20|0x0000000081400000, 0x0000000081500000, 0x0000000081500000|100%| O|  |TAMS 0x0000000081500000, 0x0000000081400000| Updating 
|  21|0x0000000081500000, 0x0000000081600000, 0x0000000081600000|100%| O|  |TAMS 0x0000000081600000, 0x0000000081500000| Updating 
|  22|0x0000000081600000, 0x0000000081700000, 0x0000000081700000|100%| O|  |TAMS 0x0000000081700000, 0x0000000081600000| Updating 
|  23|0x0000000081700000, 0x0000000081800000, 0x0000000081800000|100%| O|  |TAMS 0x0000000081800000, 0x0000000081700000| Updating 
|  24|0x0000000081800000, 0x0000000081900000, 0x0000000081900000|100%| O|  |TAMS 0x0000000081900000, 0x0000000081800000| Updating 
|  25|0x0000000081900000, 0x0000000081a00000, 0x0000000081a00000|100%| O|  |TAMS 0x0000000081a00000, 0x0000000081900000| Updating 
|  26|0x0000000081a00000, 0x0000000081b00000, 0x0000000081b00000|100%| O|  |TAMS 0x0000000081b00000, 0x0000000081a00000| Updating 
|  27|0x0000000081b00000, 0x0000000081c00000, 0x0000000081c00000|100%| O|  |TAMS 0x0000000081c00000, 0x0000000081b00000| Updating 
|  28|0x0000000081c00000, 0x0000000081d00000, 0x0000000081d00000|100%| O|  |TAMS 0x0000000081d00000, 0x0000000081c00000| Updating 
|  29|0x0000000081d00000, 0x0000000081e00000, 0x0000000081e00000|100%|HS|  |TAMS 0x0000000081e00000, 0x0000000081d00000| Complete 
|  30|0x0000000081e00000, 0x0000000081f00000, 0x0000000081f00000|100%|HS|  |TAMS 0x0000000081f00000, 0x0000000081e00000| Complete 
|  31|0x0000000081f00000, 0x0000000082000000, 0x0000000082000000|100%| O|  |TAMS 0x0000000082000000, 0x0000000081f00000| Updating 
|  32|0x0000000082000000, 0x0000000082100000, 0x0000000082100000|100%| O|  |TAMS 0x0000000082100000, 0x0000000082000000| Updating 
|  33|0x0000000082100000, 0x0000000082200000, 0x0000000082200000|100%|HS|  |TAMS 0x0000000082200000, 0x0000000082100000| Complete 
|  34|0x0000000082200000, 0x0000000082300000, 0x0000000082300000|100%|HC|  |TAMS 0x0000000082300000, 0x0000000082200000| Complete 
|  35|0x0000000082300000, 0x0000000082400000, 0x0000000082400000|100%| O|  |TAMS 0x0000000082400000, 0x0000000082300000| Updating 
|  36|0x0000000082400000, 0x0000000082500000, 0x0000000082500000|100%| O|  |TAMS 0x0000000082500000, 0x0000000082400000| Updating 
|  37|0x0000000082500000, 0x0000000082600000, 0x0000000082600000|100%| O|  |TAMS 0x0000000082600000, 0x0000000082500000| Updating 
|  38|0x0000000082600000, 0x0000000082700000, 0x0000000082700000|100%| O|  |TAMS 0x0000000082700000, 0x0000000082600000| Updating 
|  39|0x0000000082700000, 0x0000000082800000, 0x0000000082800000|100%| O|  |TAMS 0x0000000082800000, 0x0000000082700000| Updating 
|  40|0x0000000082800000, 0x0000000082900000, 0x0000000082900000|100%| O|  |TAMS 0x0000000082900000, 0x0000000082800000| Updating 
|  41|0x0000000082900000, 0x0000000082a00000, 0x0000000082a00000|100%| O|  |TAMS 0x0000000082a00000, 0x0000000082900000| Updating 
|  42|0x0000000082a00000, 0x0000000082b00000, 0x0000000082b00000|100%| O|  |TAMS 0x0000000082b00000, 0x0000000082a00000| Updating 
|  43|0x0000000082b00000, 0x0000000082c00000, 0x0000000082c00000|100%| O|  |TAMS 0x0000000082c00000, 0x0000000082b00000| Updating 
|  44|0x0000000082c00000, 0x0000000082d00000, 0x0000000082d00000|100%| O|  |TAMS 0x0000000082d00000, 0x0000000082c00000| Updating 
|  45|0x0000000082d00000, 0x0000000082e00000, 0x0000000082e00000|100%| O|  |TAMS 0x0000000082e00000, 0x0000000082d00000| Updating 
|  46|0x0000000082e00000, 0x0000000082f00000, 0x0000000082f00000|100%| O|  |TAMS 0x0000000082f00000, 0x0000000082e00000| Updating 
|  47|0x0000000082f00000, 0x0000000083000000, 0x0000000083000000|100%| O|  |TAMS 0x0000000083000000, 0x0000000082f00000| Updating 
|  48|0x0000000083000000, 0x0000000083100000, 0x0000000083100000|100%| O|  |TAMS 0x0000000083100000, 0x0000000083000000| Updating 
|  49|0x0000000083100000, 0x0000000083200000, 0x0000000083200000|100%| O|  |TAMS 0x0000000083200000, 0x0000000083100000| Updating 
|  50|0x0000000083200000, 0x0000000083300000, 0x0000000083300000|100%| O|  |TAMS 0x0000000083300000, 0x0000000083200000| Updating 
|  51|0x0000000083300000, 0x0000000083400000, 0x0000000083400000|100%| O|  |TAMS 0x0000000083400000, 0x0000000083300000| Updating 
|  52|0x0000000083400000, 0x0000000083500000, 0x0000000083500000|100%| O|  |TAMS 0x0000000083500000, 0x0000000083400000| Updating 
|  53|0x0000000083500000, 0x0000000083600000, 0x0000000083600000|100%| O|  |TAMS 0x0000000083600000, 0x0000000083500000| Updating 
|  54|0x0000000083600000, 0x0000000083700000, 0x0000000083700000|100%| O|  |TAMS 0x0000000083700000, 0x0000000083600000| Updating 
|  55|0x0000000083700000, 0x0000000083800000, 0x0000000083800000|100%| O|  |TAMS 0x0000000083800000, 0x0000000083700000| Updating 
|  56|0x0000000083800000, 0x0000000083900000, 0x0000000083900000|100%| O|  |TAMS 0x0000000083900000, 0x0000000083800000| Updating 
|  57|0x0000000083900000, 0x0000000083a00000, 0x0000000083a00000|100%| O|  |TAMS 0x0000000083a00000, 0x0000000083900000| Updating 
|  58|0x0000000083a00000, 0x0000000083b00000, 0x0000000083b00000|100%| O|  |TAMS 0x0000000083b00000, 0x0000000083a00000| Updating 
|  59|0x0000000083b00000, 0x0000000083c00000, 0x0000000083c00000|100%| O|  |TAMS 0x0000000083c00000, 0x0000000083b00000| Updating 
|  60|0x0000000083c00000, 0x0000000083d00000, 0x0000000083d00000|100%| O|  |TAMS 0x0000000083d00000, 0x0000000083c00000| Updating 
|  61|0x0000000083d00000, 0x0000000083e00000, 0x0000000083e00000|100%| O|  |TAMS 0x0000000083e00000, 0x0000000083d00000| Updating 
|  62|0x0000000083e00000, 0x0000000083f00000, 0x0000000083f00000|100%| O|  |TAMS 0x0000000083f00000, 0x0000000083e00000| Updating 
|  63|0x0000000083f00000, 0x0000000084000000, 0x0000000084000000|100%| O|  |TAMS 0x0000000084000000, 0x0000000083f00000| Updating 
|  64|0x0000000084000000, 0x0000000084100000, 0x0000000084100000|100%| O|  |TAMS 0x0000000084100000, 0x0000000084000000| Updating 
|  65|0x0000000084100000, 0x0000000084200000, 0x0000000084200000|100%| O|  |TAMS 0x0000000084200000, 0x0000000084100000| Updating 
|  66|0x0000000084200000, 0x0000000084300000, 0x0000000084300000|100%| O|  |TAMS 0x0000000084300000, 0x0000000084200000| Updating 
|  67|0x0000000084300000, 0x0000000084400000, 0x0000000084400000|100%| O|  |TAMS 0x0000000084400000, 0x0000000084300000| Updating 
|  68|0x0000000084400000, 0x0000000084500000, 0x0000000084500000|100%| O|  |TAMS 0x0000000084500000, 0x0000000084400000| Updating 
|  69|0x0000000084500000, 0x0000000084600000, 0x0000000084600000|100%| O|  |TAMS 0x0000000084600000, 0x0000000084500000| Updating 
|  70|0x0000000084600000, 0x0000000084700000, 0x0000000084700000|100%| O|  |TAMS 0x0000000084700000, 0x0000000084600000| Updating 
|  71|0x0000000084700000, 0x0000000084800000, 0x0000000084800000|100%| O|  |TAMS 0x0000000084800000, 0x0000000084700000| Updating 
|  72|0x0000000084800000, 0x0000000084900000, 0x0000000084900000|100%| O|  |TAMS 0x0000000084900000, 0x0000000084800000| Updating 
|  73|0x0000000084900000, 0x0000000084a00000, 0x0000000084a00000|100%| O|  |TAMS 0x0000000084a00000, 0x0000000084900000| Updating 
|  74|0x0000000084a00000, 0x0000000084b00000, 0x0000000084b00000|100%| O|  |TAMS 0x0000000084b00000, 0x0000000084a00000| Updating 
|  75|0x0000000084b00000, 0x0000000084c00000, 0x0000000084c00000|100%| O|  |TAMS 0x0000000084c00000, 0x0000000084b00000| Updating 
|  76|0x0000000084c00000, 0x0000000084d00000, 0x0000000084d00000|100%| O|  |TAMS 0x0000000084d00000, 0x0000000084c00000| Updating 
|  77|0x0000000084d00000, 0x0000000084e00000, 0x0000000084e00000|100%| O|  |TAMS 0x0000000084e00000, 0x0000000084d00000| Updating 
|  78|0x0000000084e00000, 0x0000000084f00000, 0x0000000084f00000|100%| O|  |TAMS 0x0000000084f00000, 0x0000000084e00000| Updating 
|  79|0x0000000084f00000, 0x0000000085000000, 0x0000000085000000|100%| O|  |TAMS 0x0000000085000000, 0x0000000084f00000| Updating 
|  80|0x0000000085000000, 0x0000000085100000, 0x0000000085100000|100%| O|  |TAMS 0x0000000085100000, 0x0000000085000000| Updating 
|  81|0x0000000085100000, 0x0000000085200000, 0x0000000085200000|100%| O|  |TAMS 0x0000000085200000, 0x0000000085100000| Updating 
|  82|0x0000000085200000, 0x0000000085300000, 0x0000000085300000|100%| O|  |TAMS 0x0000000085300000, 0x0000000085200000| Updating 
|  83|0x0000000085300000, 0x0000000085400000, 0x0000000085400000|100%| O|  |TAMS 0x0000000085400000, 0x0000000085300000| Updating 
|  84|0x0000000085400000, 0x0000000085500000, 0x0000000085500000|100%|HS|  |TAMS 0x0000000085500000, 0x0000000085400000| Complete 
|  85|0x0000000085500000, 0x0000000085600000, 0x0000000085600000|100%|HC|  |TAMS 0x0000000085600000, 0x0000000085500000| Complete 
|  86|0x0000000085600000, 0x0000000085700000, 0x0000000085700000|100%| O|  |TAMS 0x0000000085700000, 0x0000000085600000| Updating 
|  87|0x0000000085700000, 0x0000000085800000, 0x0000000085800000|100%| O|  |TAMS 0x0000000085800000, 0x0000000085700000| Updating 
|  88|0x0000000085800000, 0x0000000085900000, 0x0000000085900000|100%| O|  |TAMS 0x0000000085900000, 0x0000000085800000| Updating 
|  89|0x0000000085900000, 0x0000000085a00000, 0x0000000085a00000|100%| O|  |TAMS 0x0000000085a00000, 0x0000000085900000| Updating 
|  90|0x0000000085a00000, 0x0000000085b00000, 0x0000000085b00000|100%| O|  |TAMS 0x0000000085b00000, 0x0000000085a00000| Updating 
|  91|0x0000000085b00000, 0x0000000085c00000, 0x0000000085c00000|100%| O|  |TAMS 0x0000000085c00000, 0x0000000085b00000| Updating 
|  92|0x0000000085c00000, 0x0000000085d00000, 0x0000000085d00000|100%| O|  |TAMS 0x0000000085d00000, 0x0000000085c00000| Updating 
|  93|0x0000000085d00000, 0x0000000085e00000, 0x0000000085e00000|100%| O|  |TAMS 0x0000000085e00000, 0x0000000085d00000| Updating 
|  94|0x0000000085e00000, 0x0000000085f00000, 0x0000000085f00000|100%| O|  |TAMS 0x0000000085f00000, 0x0000000085e00000| Updating 
|  95|0x0000000085f00000, 0x0000000086000000, 0x0000000086000000|100%| O|  |TAMS 0x0000000086000000, 0x0000000085f00000| Updating 
|  96|0x0000000086000000, 0x0000000086100000, 0x0000000086100000|100%| O|  |TAMS 0x0000000086100000, 0x0000000086000000| Updating 
|  97|0x0000000086100000, 0x0000000086200000, 0x0000000086200000|100%| O|  |TAMS 0x0000000086200000, 0x0000000086100000| Updating 
|  98|0x0000000086200000, 0x0000000086300000, 0x0000000086300000|100%| O|  |TAMS 0x0000000086300000, 0x0000000086200000| Updating 
|  99|0x0000000086300000, 0x0000000086400000, 0x0000000086400000|100%| O|  |TAMS 0x0000000086400000, 0x0000000086300000| Updating 
| 100|0x0000000086400000, 0x0000000086500000, 0x0000000086500000|100%| O|  |TAMS 0x0000000086500000, 0x0000000086400000| Updating 
| 101|0x0000000086500000, 0x0000000086600000, 0x0000000086600000|100%| O|  |TAMS 0x0000000086600000, 0x0000000086500000| Updating 
| 102|0x0000000086600000, 0x0000000086700000, 0x0000000086700000|100%| O|  |TAMS 0x0000000086700000, 0x0000000086600000| Updating 
| 103|0x0000000086700000, 0x0000000086800000, 0x0000000086800000|100%| O|  |TAMS 0x0000000086800000, 0x0000000086700000| Updating 
| 104|0x0000000086800000, 0x0000000086900000, 0x0000000086900000|100%| O|  |TAMS 0x0000000086900000, 0x0000000086800000| Updating 
| 105|0x0000000086900000, 0x0000000086a00000, 0x0000000086a00000|100%| O|  |TAMS 0x0000000086a00000, 0x0000000086900000| Updating 
| 106|0x0000000086a00000, 0x0000000086b00000, 0x0000000086b00000|100%| O|  |TAMS 0x0000000086a00000, 0x0000000086a00000| Untracked 
| 107|0x0000000086b00000, 0x0000000086c00000, 0x0000000086c00000|100%| O|  |TAMS 0x0000000086b00000, 0x0000000086b00000| Untracked 
| 108|0x0000000086c00000, 0x0000000086d00000, 0x0000000086d00000|100%| O|  |TAMS 0x0000000086c00000, 0x0000000086c00000| Untracked 
| 109|0x0000000086d00000, 0x0000000086e00000, 0x0000000086e00000|100%| O|  |TAMS 0x0000000086d00000, 0x0000000086d00000| Untracked 
| 110|0x0000000086e00000, 0x0000000086f00000, 0x0000000086f00000|100%| O|  |TAMS 0x0000000086e00000, 0x0000000086e00000| Untracked 
| 111|0x0000000086f00000, 0x0000000087000000, 0x0000000087000000|100%| O|  |TAMS 0x0000000086f00000, 0x0000000086f00000| Untracked 
| 112|0x0000000087000000, 0x0000000087100000, 0x0000000087100000|100%| O|  |TAMS 0x0000000087000000, 0x0000000087000000| Updating 
| 113|0x0000000087100000, 0x0000000087200000, 0x0000000087200000|100%| O|  |TAMS 0x0000000087100000, 0x0000000087100000| Untracked 
| 114|0x0000000087200000, 0x0000000087300000, 0x0000000087300000|100%| O|  |TAMS 0x0000000087200000, 0x0000000087200000| Untracked 
| 115|0x0000000087300000, 0x0000000087400000, 0x0000000087400000|100%| O|  |TAMS 0x0000000087300000, 0x0000000087300000| Untracked 
| 116|0x0000000087400000, 0x0000000087500000, 0x0000000087500000|100%| O|  |TAMS 0x0000000087400000, 0x0000000087400000| Untracked 
| 117|0x0000000087500000, 0x0000000087500000, 0x0000000087600000|  0%| F|  |TAMS 0x0000000087500000, 0x0000000087500000| Untracked 
| 118|0x0000000087600000, 0x0000000087600000, 0x0000000087700000|  0%| F|  |TAMS 0x0000000087600000, 0x0000000087600000| Untracked 
| 119|0x0000000087700000, 0x0000000087700000, 0x0000000087800000|  0%| F|  |TAMS 0x0000000087700000, 0x0000000087700000| Untracked 
| 120|0x0000000087800000, 0x0000000087800000, 0x0000000087900000|  0%| F|  |TAMS 0x0000000087800000, 0x0000000087800000| Untracked 
| 121|0x0000000087900000, 0x0000000087900000, 0x0000000087a00000|  0%| F|  |TAMS 0x0000000087900000, 0x0000000087900000| Untracked 
| 122|0x0000000087a00000, 0x0000000087a00000, 0x0000000087b00000|  0%| F|  |TAMS 0x0000000087a00000, 0x0000000087a00000| Untracked 
| 123|0x0000000087b00000, 0x0000000087b00000, 0x0000000087c00000|  0%| F|  |TAMS 0x0000000087b00000, 0x0000000087b00000| Untracked 
| 124|0x0000000087c00000, 0x0000000087d00000, 0x0000000087d00000|100%| O|  |TAMS 0x0000000087d00000, 0x0000000087c00000| Updating 
| 125|0x0000000087d00000, 0x0000000087e00000, 0x0000000087e00000|100%| O|  |TAMS 0x0000000087e00000, 0x0000000087d00000| Updating 
| 126|0x0000000087e00000, 0x0000000087e00000, 0x0000000087f00000|  0%| F|  |TAMS 0x0000000087e00000, 0x0000000087e00000| Untracked 
| 127|0x0000000087f00000, 0x0000000087f00000, 0x0000000088000000|  0%| F|  |TAMS 0x0000000087f00000, 0x0000000087f00000| Untracked 
| 128|0x0000000088000000, 0x0000000088000000, 0x0000000088100000|  0%| F|  |TAMS 0x0000000088000000, 0x0000000088000000| Untracked 
| 129|0x0000000088100000, 0x0000000088100000, 0x0000000088200000|  0%| F|  |TAMS 0x0000000088100000, 0x0000000088100000| Untracked 
| 130|0x0000000088200000, 0x0000000088200000, 0x0000000088300000|  0%| F|  |TAMS 0x0000000088200000, 0x0000000088200000| Untracked 
| 131|0x0000000088300000, 0x0000000088300000, 0x0000000088400000|  0%| F|  |TAMS 0x0000000088300000, 0x0000000088300000| Untracked 
| 132|0x0000000088400000, 0x0000000088400000, 0x0000000088500000|  0%| F|  |TAMS 0x0000000088400000, 0x0000000088400000| Untracked 
| 133|0x0000000088500000, 0x0000000088500000, 0x0000000088600000|  0%| F|  |TAMS 0x0000000088500000, 0x0000000088500000| Untracked 
| 134|0x0000000088600000, 0x0000000088600000, 0x0000000088700000|  0%| F|  |TAMS 0x0000000088600000, 0x0000000088600000| Untracked 
| 135|0x0000000088700000, 0x0000000088700000, 0x0000000088800000|  0%| F|  |TAMS 0x0000000088700000, 0x0000000088700000| Untracked 
| 136|0x0000000088800000, 0x0000000088800000, 0x0000000088900000|  0%| F|  |TAMS 0x0000000088800000, 0x0000000088800000| Untracked 
| 137|0x0000000088900000, 0x0000000088900000, 0x0000000088a00000|  0%| F|  |TAMS 0x0000000088900000, 0x0000000088900000| Untracked 
| 138|0x0000000088a00000, 0x0000000088a00000, 0x0000000088b00000|  0%| F|  |TAMS 0x0000000088a00000, 0x0000000088a00000| Untracked 
| 139|0x0000000088b00000, 0x0000000088b00000, 0x0000000088c00000|  0%| F|  |TAMS 0x0000000088b00000, 0x0000000088b00000| Untracked 
| 140|0x0000000088c00000, 0x0000000088c00000, 0x0000000088d00000|  0%| F|  |TAMS 0x0000000088c00000, 0x0000000088c00000| Untracked 
| 141|0x0000000088d00000, 0x0000000088d00000, 0x0000000088e00000|  0%| F|  |TAMS 0x0000000088d00000, 0x0000000088d00000| Untracked 
| 142|0x0000000088e00000, 0x0000000088e00000, 0x0000000088f00000|  0%| F|  |TAMS 0x0000000088e00000, 0x0000000088e00000| Untracked 
| 143|0x0000000088f00000, 0x0000000088f00000, 0x0000000089000000|  0%| F|  |TAMS 0x0000000088f00000, 0x0000000088f00000| Untracked 
| 144|0x0000000089000000, 0x0000000089000000, 0x0000000089100000|  0%| F|  |TAMS 0x0000000089000000, 0x0000000089000000| Untracked 
| 145|0x0000000089100000, 0x0000000089200000, 0x0000000089200000|100%| S|CS|TAMS 0x0000000089100000, 0x0000000089100000| Complete 
| 146|0x0000000089200000, 0x0000000089300000, 0x0000000089300000|100%| S|CS|TAMS 0x0000000089200000, 0x0000000089200000| Complete 
| 147|0x0000000089300000, 0x0000000089400000, 0x0000000089400000|100%| S|CS|TAMS 0x0000000089300000, 0x0000000089300000| Complete 
| 148|0x0000000089400000, 0x0000000089400000, 0x0000000089500000|  0%| F|  |TAMS 0x0000000089400000, 0x0000000089400000| Untracked 
| 149|0x0000000089500000, 0x0000000089500000, 0x0000000089600000|  0%| F|  |TAMS 0x0000000089500000, 0x0000000089500000| Untracked 
| 150|0x0000000089600000, 0x0000000089600000, 0x0000000089700000|  0%| F|  |TAMS 0x0000000089600000, 0x0000000089600000| Untracked 
| 151|0x0000000089700000, 0x0000000089700000, 0x0000000089800000|  0%| F|  |TAMS 0x0000000089700000, 0x0000000089700000| Untracked 
| 152|0x0000000089800000, 0x0000000089800000, 0x0000000089900000|  0%| F|  |TAMS 0x0000000089800000, 0x0000000089800000| Untracked 
| 153|0x0000000089900000, 0x0000000089900000, 0x0000000089a00000|  0%| F|  |TAMS 0x0000000089900000, 0x0000000089900000| Untracked 
| 154|0x0000000089a00000, 0x0000000089a00000, 0x0000000089b00000|  0%| F|  |TAMS 0x0000000089a00000, 0x0000000089a00000| Untracked 
| 155|0x0000000089b00000, 0x0000000089b00000, 0x0000000089c00000|  0%| F|  |TAMS 0x0000000089b00000, 0x0000000089b00000| Untracked 
| 156|0x0000000089c00000, 0x0000000089c00000, 0x0000000089d00000|  0%| F|  |TAMS 0x0000000089c00000, 0x0000000089c00000| Untracked 
| 157|0x0000000089d00000, 0x0000000089d00000, 0x0000000089e00000|  0%| F|  |TAMS 0x0000000089d00000, 0x0000000089d00000| Untracked 
| 158|0x0000000089e00000, 0x0000000089e00000, 0x0000000089f00000|  0%| F|  |TAMS 0x0000000089e00000, 0x0000000089e00000| Untracked 
| 159|0x0000000089f00000, 0x0000000089f00000, 0x000000008a000000|  0%| F|  |TAMS 0x0000000089f00000, 0x0000000089f00000| Untracked 
| 160|0x000000008a000000, 0x000000008a000000, 0x000000008a100000|  0%| F|  |TAMS 0x000000008a000000, 0x000000008a000000| Untracked 
| 161|0x000000008a100000, 0x000000008a100000, 0x000000008a200000|  0%| F|  |TAMS 0x000000008a100000, 0x000000008a100000| Untracked 
| 162|0x000000008a200000, 0x000000008a200000, 0x000000008a300000|  0%| F|  |TAMS 0x000000008a200000, 0x000000008a200000| Untracked 
| 163|0x000000008a300000, 0x000000008a300000, 0x000000008a400000|  0%| F|  |TAMS 0x000000008a300000, 0x000000008a300000| Untracked 
| 164|0x000000008a400000, 0x000000008a400000, 0x000000008a500000|  0%| F|  |TAMS 0x000000008a400000, 0x000000008a400000| Untracked 
| 165|0x000000008a500000, 0x000000008a500000, 0x000000008a600000|  0%| F|  |TAMS 0x000000008a500000, 0x000000008a500000| Untracked 

Card table byte_map: [0x000002405ef10000,0x000002405f310000] _byte_map_base: 0x000002405eb10000

Marking Bits (Prev, Next): (CMBitMap*) 0x000002404c052ec8, (CMBitMap*) 0x000002404c052f00
 Prev Bits: [0x000002405f710000, 0x0000024061710000)
 Next Bits: [0x0000024061710000, 0x0000024063710000)

Polling page: 0x0000024049eb0000

Metaspace:

Usage:
  Non-class:    112.52 MB capacity,   110.61 MB ( 98%) used,     1.52 MB (  1%) free+waste,   396.88 KB ( <1%) overhead. 
      Class:     16.64 MB capacity,    15.53 MB ( 93%) used,   972.07 KB (  6%) free+waste,   171.94 KB (  1%) overhead. 
       Both:    129.16 MB capacity,   126.14 MB ( 98%) used,     2.47 MB (  2%) free+waste,   568.81 KB ( <1%) overhead. 

Virtual space:
  Non-class space:      114.00 MB reserved,     113.00 MB (>99%) committed 
      Class space:        1.00 GB reserved,      17.00 MB (  2%) committed 
             Both:        1.11 GB reserved,     130.00 MB ( 11%) committed 

Chunk freelists:
   Non-Class:  365.00 KB
       Class:  268.00 KB
        Both:  633.00 KB

MaxMetaspaceSize: 17179869184.00 GB
CompressedClassSpaceSize: 1.00 GB
Initial GC threshold: 20.80 MB
Current GC threshold: 216.67 MB
CDS: off

CodeHeap 'non-profiled nmethods': size=120064Kb used=12251Kb max_used=12811Kb free=107812Kb
 bounds [0x00000240575d0000, 0x0000024058260000, 0x000002405eb10000]
CodeHeap 'profiled nmethods': size=120000Kb used=43883Kb max_used=45148Kb free=76117Kb
 bounds [0x00000240500a0000, 0x0000024052d20000, 0x00000240575d0000]
CodeHeap 'non-nmethods': size=5696Kb used=2459Kb max_used=2524Kb free=3236Kb
 bounds [0x000002404fb10000, 0x000002404fda0000, 0x00000240500a0000]
 total_blobs=20622 nmethods=19631 adapters=901
 compilation: enabled
              stopped_count=0, restarted_count=0
 full_count=0

Compilation events (20 events):
Event: 3017.650 Thread 0x0000024065bf9800 21640       2       com.android.tools.r8.internal.Ka::a (52 bytes)
Event: 3017.650 Thread 0x0000024065bf9800 nmethod 21640 0x00000240513e7a10 code [0x00000240513e7be0, 0x00000240513e7df8]
Event: 3017.651 Thread 0x0000024065bf9800 21641       2       com.android.tools.r8.internal.KJ$b::<init> (45 bytes)
Event: 3017.651 Thread 0x0000024065bf9800 nmethod 21641 0x0000024050580390 code [0x0000024050580540, 0x0000024050580758]
Event: 3017.651 Thread 0x0000024065bf9800 21642       2       com.android.tools.r8.graph.v2::b (54 bytes)
Event: 3017.652 Thread 0x0000024065bf9800 nmethod 21642 0x0000024050f5f510 code [0x0000024050f5f720, 0x0000024050f5fcd8]
Event: 3017.653 Thread 0x0000024065bf9800 21643       2       com.android.tools.r8.internal.KJ$b::w (8 bytes)
Event: 3017.653 Thread 0x0000024065bf9800 nmethod 21643 0x00000240507d1290 code [0x00000240507d1440, 0x00000240507d1578]
Event: 3017.653 Thread 0x0000024065bf9800 21644       2       com.android.tools.r8.internal.KJ$b::<init> (12 bytes)
Event: 3017.653 Thread 0x0000024065bf9800 nmethod 21644 0x0000024050813d90 code [0x0000024050813f40, 0x0000024050814048]
Event: 3017.653 Thread 0x0000024065bf9800 21645       2       com.android.tools.r8.internal.J6::a (86 bytes)
Event: 3017.654 Thread 0x0000024065bf9800 nmethod 21645 0x00000240508d0490 code [0x00000240508d06a0, 0x00000240508d0af8]
Event: 3017.654 Thread 0x0000024065bf9800 21646       2       com.android.tools.r8.internal.My::a (63 bytes)
Event: 3017.654 Thread 0x0000024065bf9800 nmethod 21646 0x0000024050bea090 code [0x0000024050bea280, 0x0000024050bea528]
Event: 3017.654 Thread 0x0000024065bf9800 21647       2       com.android.tools.r8.internal.l7::<init> (112 bytes)
Event: 3017.655 Thread 0x0000024065bf9800 nmethod 21647 0x0000024050822e10 code [0x0000024050822fc0, 0x0000024050823118]
Event: 3017.658 Thread 0x0000024065bf9800 21648       2       com.android.tools.r8.graph.v2::b (207 bytes)
Event: 3017.660 Thread 0x0000024065bf9800 nmethod 21648 0x0000024050606490 code [0x0000024050606740, 0x0000024050606fd8]
Event: 3017.661 Thread 0x0000024065bf9800 21649       2       com.android.tools.r8.internal.KJ$b$a::e (102 bytes)
Event: 3017.661 Thread 0x0000024065bf9800 nmethod 21649 0x000002405068ed90 code [0x000002405068ef40, 0x000002405068f0e8]

GC Heap History (20 events):
Event: 3011.219 GC heap before
{Heap before GC invocations=113 (full 0):
 garbage-first heap   total 169984K, used 94138K [0x0000000080000000, 0x0000000100000000)
  region size 1024K, 8 young (8192K), 1 survivors (1024K)
 Metaspace       used 128574K, capacity 131619K, committed 132480K, reserved 1165312K
  class space    used 15843K, capacity 16988K, committed 17280K, reserved 1048576K
}
Event: 3011.234 GC heap after
{Heap after GC invocations=114 (full 0):
 garbage-first heap   total 169984K, used 86188K [0x0000000080000000, 0x0000000100000000)
  region size 1024K, 1 young (1024K), 1 survivors (1024K)
 Metaspace       used 128574K, capacity 131619K, committed 132480K, reserved 1165312K
  class space    used 15843K, capacity 16988K, committed 17280K, reserved 1048576K
}
Event: 3012.126 GC heap before
{Heap before GC invocations=114 (full 0):
 garbage-first heap   total 169984K, used 122028K [0x0000000080000000, 0x0000000100000000)
  region size 1024K, 36 young (36864K), 1 survivors (1024K)
 Metaspace       used 128583K, capacity 131683K, committed 132480K, reserved 1165312K
  class space    used 15843K, capacity 16988K, committed 17280K, reserved 1048576K
}
Event: 3012.131 GC heap after
{Heap after GC invocations=115 (full 0):
 garbage-first heap   total 169984K, used 86092K [0x0000000080000000, 0x0000000100000000)
  region size 1024K, 1 young (1024K), 1 survivors (1024K)
 Metaspace       used 128583K, capacity 131683K, committed 132480K, reserved 1165312K
  class space    used 15843K, capacity 16988K, committed 17280K, reserved 1048576K
}
Event: 3013.543 GC heap before
{Heap before GC invocations=116 (full 0):
 garbage-first heap   total 169984K, used 125004K [0x0000000080000000, 0x0000000100000000)
  region size 1024K, 39 young (39936K), 1 survivors (1024K)
 Metaspace       used 128548K, capacity 131618K, committed 132480K, reserved 1165312K
  class space    used 15831K, capacity 16964K, committed 17280K, reserved 1048576K
}
Event: 3013.546 GC heap after
{Heap after GC invocations=117 (full 0):
 garbage-first heap   total 169984K, used 86093K [0x0000000080000000, 0x0000000100000000)
  region size 1024K, 1 young (1024K), 1 survivors (1024K)
 Metaspace       used 128548K, capacity 131618K, committed 132480K, reserved 1165312K
  class space    used 15831K, capacity 16964K, committed 17280K, reserved 1048576K
}
Event: 3013.827 GC heap before
{Heap before GC invocations=117 (full 0):
 garbage-first heap   total 169984K, used 93261K [0x0000000080000000, 0x0000000100000000)
  region size 1024K, 8 young (8192K), 1 survivors (1024K)
 Metaspace       used 128607K, capacity 131675K, committed 132480K, reserved 1165312K
  class space    used 15844K, capacity 16983K, committed 17280K, reserved 1048576K
}
Event: 3013.839 GC heap after
{Heap after GC invocations=118 (full 0):
 garbage-first heap   total 169984K, used 84217K [0x0000000080000000, 0x0000000100000000)
  region size 1024K, 1 young (1024K), 1 survivors (1024K)
 Metaspace       used 128607K, capacity 131675K, committed 132480K, reserved 1165312K
  class space    used 15844K, capacity 16983K, committed 17280K, reserved 1048576K
}
Event: 3014.838 GC heap before
{Heap before GC invocations=118 (full 0):
 garbage-first heap   total 169984K, used 127225K [0x0000000080000000, 0x0000000100000000)
  region size 1024K, 43 young (44032K), 1 survivors (1024K)
 Metaspace       used 128608K, capacity 131675K, committed 132480K, reserved 1165312K
  class space    used 15844K, capacity 16983K, committed 17280K, reserved 1048576K
}
Event: 3014.844 GC heap after
{Heap after GC invocations=119 (full 0):
 garbage-first heap   total 169984K, used 84247K [0x0000000080000000, 0x0000000100000000)
  region size 1024K, 1 young (1024K), 1 survivors (1024K)
 Metaspace       used 128608K, capacity 131675K, committed 132480K, reserved 1165312K
  class space    used 15844K, capacity 16983K, committed 17280K, reserved 1048576K
}
Event: 3015.952 GC heap before
{Heap before GC invocations=120 (full 0):
 garbage-first heap   total 169984K, used 136471K [0x0000000080000000, 0x0000000100000000)
  region size 1024K, 45 young (46080K), 1 survivors (1024K)
 Metaspace       used 128635K, capacity 131687K, committed 132480K, reserved 1165312K
  class space    used 15846K, capacity 16986K, committed 17280K, reserved 1048576K
}
Event: 3015.960 GC heap after
{Heap after GC invocations=121 (full 0):
 garbage-first heap   total 169984K, used 87961K [0x0000000080000000, 0x0000000100000000)
  region size 1024K, 2 young (2048K), 2 survivors (2048K)
 Metaspace       used 128635K, capacity 131687K, committed 132480K, reserved 1165312K
  class space    used 15846K, capacity 16986K, committed 17280K, reserved 1048576K
}
Event: 3015.974 GC heap before
{Heap before GC invocations=121 (full 0):
 garbage-first heap   total 169984K, used 94105K [0x0000000080000000, 0x0000000100000000)
  region size 1024K, 8 young (8192K), 2 survivors (2048K)
 Metaspace       used 128636K, capacity 131689K, committed 132480K, reserved 1165312K
  class space    used 15846K, capacity 16987K, committed 17280K, reserved 1048576K
}
Event: 3015.985 GC heap after
{Heap after GC invocations=122 (full 0):
 garbage-first heap   total 169984K, used 88497K [0x0000000080000000, 0x0000000100000000)
  region size 1024K, 1 young (1024K), 1 survivors (1024K)
 Metaspace       used 128636K, capacity 131689K, committed 132480K, reserved 1165312K
  class space    used 15846K, capacity 16987K, committed 17280K, reserved 1048576K
}
Event: 3016.604 GC heap before
{Heap before GC invocations=122 (full 0):
 garbage-first heap   total 169984K, used 132529K [0x0000000080000000, 0x0000000100000000)
  region size 1024K, 45 young (46080K), 1 survivors (1024K)
 Metaspace       used 128730K, capacity 131831K, committed 132736K, reserved 1165312K
  class space    used 15853K, capacity 16990K, committed 17280K, reserved 1048576K
}
Event: 3016.625 GC heap after
{Heap after GC invocations=123 (full 0):
 garbage-first heap   total 169984K, used 100868K [0x0000000080000000, 0x0000000100000000)
  region size 1024K, 6 young (6144K), 6 survivors (6144K)
 Metaspace       used 128730K, capacity 131831K, committed 132736K, reserved 1165312K
  class space    used 15853K, capacity 16990K, committed 17280K, reserved 1048576K
}
Event: 3017.141 GC heap before
{Heap before GC invocations=124 (full 0):
 garbage-first heap   total 169984K, used 133636K [0x0000000080000000, 0x0000000100000000)
  region size 1024K, 39 young (39936K), 6 survivors (6144K)
 Metaspace       used 128870K, capacity 131962K, committed 132864K, reserved 1165312K
  class space    used 15867K, capacity 17031K, committed 17408K, reserved 1048576K
}
Event: 3017.163 GC heap after
{Heap after GC invocations=125 (full 0):
 garbage-first heap   total 169984K, used 108017K [0x0000000080000000, 0x0000000100000000)
  region size 1024K, 5 young (5120K), 5 survivors (5120K)
 Metaspace       used 128870K, capacity 131962K, committed 132864K, reserved 1165312K
  class space    used 15867K, capacity 17031K, committed 17408K, reserved 1048576K
}
Event: 3017.308 GC heap before
{Heap before GC invocations=125 (full 0):
 garbage-first heap   total 169984K, used 134641K [0x0000000080000000, 0x0000000100000000)
  region size 1024K, 32 young (32768K), 5 survivors (5120K)
 Metaspace       used 128905K, capacity 132034K, committed 132864K, reserved 1165312K
  class space    used 15868K, capacity 17033K, committed 17408K, reserved 1048576K
}
Event: 3017.339 GC heap after
{Heap after GC invocations=126 (full 0):
 garbage-first heap   total 169984K, used 114688K [0x0000000080000000, 0x0000000100000000)
  region size 1024K, 4 young (4096K), 4 survivors (4096K)
 Metaspace       used 128905K, capacity 132034K, committed 132864K, reserved 1165312K
  class space    used 15868K, capacity 17033K, committed 17408K, reserved 1048576K
}

Deoptimization events (20 events):
Event: 3017.114 Thread 0x00000240690bd000 DEOPT PACKING pc=0x0000024051f9cb84 sp=0x000000af9c7fa320
Event: 3017.114 Thread 0x00000240690bd000 DEOPT UNPACKING pc=0x000002404fb5a95e sp=0x000000af9c7f9c08 mode 0
Event: 3017.118 Thread 0x00000240690b9000 DEOPT PACKING pc=0x0000024051faede3 sp=0x000000af9c3fa260
Event: 3017.118 Thread 0x00000240690b9000 DEOPT UNPACKING pc=0x000002404fb5a95e sp=0x000000af9c3f9738 mode 0
Event: 3017.206 Thread 0x00000240690b7800 Uncommon trap: trap_request=0xffffff4d fr.pc=0x0000024057defc80 relative=0x0000000000000720
Event: 3017.206 Thread 0x00000240690b7800 Uncommon trap: reason=unstable_if action=reinterpret pc=0x0000024057defc80 method=com.android.tools.r8.internal.xa.a(II[C)Ljava/lang/String; @ 32 c2
Event: 3017.206 Thread 0x00000240690b7800 DEOPT PACKING pc=0x0000024057defc80 sp=0x000000af9c9fa1b0
Event: 3017.206 Thread 0x00000240690b7800 DEOPT UNPACKING pc=0x000002404fb5a1af sp=0x000000af9c9fa170 mode 2
Event: 3017.206 Thread 0x00000240690b7800 Uncommon trap: trap_request=0xffffff4d fr.pc=0x0000024057dde468 relative=0x0000000000000828
Event: 3017.206 Thread 0x00000240690b7800 Uncommon trap: reason=unstable_if action=reinterpret pc=0x0000024057dde468 method=com.android.tools.r8.graph.c1.a(C)I @ 7 c2
Event: 3017.206 Thread 0x00000240690b7800 DEOPT PACKING pc=0x0000024057dde468 sp=0x000000af9c9fa150
Event: 3017.206 Thread 0x00000240690b7800 DEOPT UNPACKING pc=0x000002404fb5a1af sp=0x000000af9c9fa0a8 mode 2
Event: 3017.206 Thread 0x00000240690b7800 Uncommon trap: trap_request=0xffffff4d fr.pc=0x0000024057ddd624 relative=0x0000000000000084
Event: 3017.206 Thread 0x00000240690b7800 Uncommon trap: reason=unstable_if action=reinterpret pc=0x0000024057ddd624 method=com.android.tools.r8.graph.c1.a(C[BI)I @ 7 c2
Event: 3017.206 Thread 0x00000240690b7800 DEOPT PACKING pc=0x0000024057ddd624 sp=0x000000af9c9fa0f0
Event: 3017.206 Thread 0x00000240690b7800 DEOPT UNPACKING pc=0x000002404fb5a1af sp=0x000000af9c9fa088 mode 2
Event: 3017.230 Thread 0x00000240690b7800 Uncommon trap: trap_request=0xffffff4d fr.pc=0x0000024057df7824 relative=0x0000000000000084
Event: 3017.230 Thread 0x00000240690b7800 Uncommon trap: reason=unstable_if action=reinterpret pc=0x0000024057df7824 method=com.android.tools.r8.internal.jm.d(I)Z @ 45 c2
Event: 3017.230 Thread 0x00000240690b7800 DEOPT PACKING pc=0x0000024057df7824 sp=0x000000af9c9f99b0
Event: 3017.230 Thread 0x00000240690b7800 DEOPT UNPACKING pc=0x000002404fb5a1af sp=0x000000af9c9f9940 mode 2

Classes redefined (0 events):
No events

Internal exceptions (20 events):
Event: 2403.280 Thread 0x000002406ca97800 Exception <a 'sun/nio/fs/WindowsException'{0x000000008a451998}> (0x000000008a451998) thrown at [./src/hotspot/share/prims/jni.cpp, line 615]
Event: 2403.280 Thread 0x00000240690bd000 Exception <a 'sun/nio/fs/WindowsException'{0x000000008a45c2b0}> (0x000000008a45c2b0) thrown at [./src/hotspot/share/prims/jni.cpp, line 615]
Event: 2403.280 Thread 0x00000240690bd000 Exception <a 'sun/nio/fs/WindowsException'{0x000000008a45c448}> (0x000000008a45c448) thrown at [./src/hotspot/share/prims/jni.cpp, line 615]
Event: 2403.280 Thread 0x00000240690bd000 Exception <a 'sun/nio/fs/WindowsException'{0x000000008a45de00}> (0x000000008a45de00) thrown at [./src/hotspot/share/prims/jni.cpp, line 615]
Event: 3003.686 Thread 0x000002406ca95800 Exception <a 'sun/nio/fs/WindowsException'{0x000000008a1689f0}> (0x000000008a1689f0) thrown at [./src/hotspot/share/prims/jni.cpp, line 615]
Event: 3004.041 Thread 0x000002406ca95800 Exception <a 'java/lang/NoClassDefFoundError'{0x0000000089dfbff8}: org/jetbrains/kotlin/gradle/plugin/KotlinBasePluginWrapper> (0x0000000089dfbff8) thrown at [./src/hotspot/share/oops/constantPool.cpp, line 775]
Event: 3004.207 Thread 0x000002406ca95800 Exception <a 'sun/nio/fs/WindowsException'{0x0000000089ac8e90}> (0x0000000089ac8e90) thrown at [./src/hotspot/share/prims/jni.cpp, line 615]
Event: 3004.518 Thread 0x000002406ca95800 Exception <a 'sun/nio/fs/WindowsException'{0x000000008996cf78}> (0x000000008996cf78) thrown at [./src/hotspot/share/prims/jni.cpp, line 615]
Event: 3004.519 Thread 0x000002406ca95800 Exception <a 'sun/nio/fs/WindowsException'{0x000000008996e3e0}> (0x000000008996e3e0) thrown at [./src/hotspot/share/prims/jni.cpp, line 615]
Event: 3004.519 Thread 0x000002406ca95800 Exception <a 'sun/nio/fs/WindowsException'{0x000000008996f898}> (0x000000008996f898) thrown at [./src/hotspot/share/prims/jni.cpp, line 615]
Event: 3004.519 Thread 0x000002406ca95800 Exception <a 'sun/nio/fs/WindowsException'{0x0000000089970d50}> (0x0000000089970d50) thrown at [./src/hotspot/share/prims/jni.cpp, line 615]
Event: 3004.692 Thread 0x000002406ca95800 Exception <a 'sun/nio/fs/WindowsException'{0x0000000089637bd0}> (0x0000000089637bd0) thrown at [./src/hotspot/share/prims/jni.cpp, line 615]
Event: 3009.252 Thread 0x00000240690bd000 Implicit null exception at 0x0000024057dcea4f to 0x0000024057dcfdec
Event: 3013.083 Thread 0x0000024068cc7800 Implicit null exception at 0x00000240581d649a to 0x00000240581d696c
Event: 3016.272 Thread 0x000002406fee2000 Exception <a 'sun/nio/fs/WindowsException'{0x00000000896e53d8}> (0x00000000896e53d8) thrown at [./src/hotspot/share/prims/jni.cpp, line 615]
Event: 3016.284 Thread 0x00000240690b9000 Exception <a 'sun/nio/fs/WindowsException'{0x0000000088e92640}> (0x0000000088e92640) thrown at [./src/hotspot/share/prims/jni.cpp, line 615]
Event: 3016.300 Thread 0x00000240690bd000 Exception <a 'sun/nio/fs/WindowsException'{0x00000000888e3298}> (0x00000000888e3298) thrown at [./src/hotspot/share/prims/jni.cpp, line 615]
Event: 3016.830 Thread 0x00000240690b7800 Exception <a 'sun/nio/fs/WindowsException'{0x00000000898b84d8}> (0x00000000898b84d8) thrown at [./src/hotspot/share/prims/jni.cpp, line 615]
Event: 3017.031 Thread 0x000002406fee2000 Exception <a 'java/lang/NoSuchMethodError'{0x0000000089334240}: 'long java.lang.invoke.DirectMethodHandle$Holder.invokeStatic(java.lang.Object, java.lang.Object)'> (0x0000000089334240) thrown at [./src/hotspot/share/interpreter/linkResolver.cpp, line 773]
Event: 3017.438 Thread 0x00000240690bd000 Exception <a 'java/lang/IncompatibleClassChangeError'{0x0000000089cd4968}: Found class java.lang.Object, but interface was expected> (0x0000000089cd4968) thrown at [./src/hotspot/share/interpreter/linkResolver.cpp, line 839]

Events (20 events):
Event: 3017.565 loading class com/android/tools/r8/internal/g6
Event: 3017.565 loading class com/android/tools/r8/internal/g6 done
Event: 3017.580 loading class com/android/tools/r8/internal/g6$a
Event: 3017.580 loading class com/android/tools/r8/internal/g6$a done
Event: 3017.620 loading class com/android/tools/r8/internal/Z6
Event: 3017.620 loading class com/android/tools/r8/internal/Z6 done
Event: 3017.635 loading class com/android/tools/r8/internal/ZG
Event: 3017.635 loading class com/android/tools/r8/internal/ZG done
Event: 3017.635 loading class com/android/tools/r8/graph/p0
Event: 3017.635 loading class com/android/tools/r8/graph/p0 done
Event: 3017.636 loading class com/android/tools/r8/graph/p0
Event: 3017.636 loading class com/android/tools/r8/graph/p0 done
Event: 3017.636 loading class com/android/tools/r8/graph/M2
Event: 3017.636 loading class com/android/tools/r8/graph/M2 done
Event: 3017.636 loading class com/android/tools/r8/internal/ot
Event: 3017.636 loading class com/android/tools/r8/internal/ot done
Event: 3017.646 loading class com/android/tools/r8/internal/C8
Event: 3017.646 loading class com/android/tools/r8/internal/C8 done
Event: 3017.649 loading class com/android/tools/r8/internal/G7
Event: 3017.649 loading class com/android/tools/r8/internal/G7 done


Dynamic libraries:
0x00007ff6b8d60000 - 0x00007ff6b8d6a000 	C:\Program Files\Android\Android Studio\jre\bin\java.exe
0x00007ffbf0680000 - 0x00007ffbf086d000 	C:\Windows\SYSTEM32\ntdll.dll
0x00007ffbf00b0000 - 0x00007ffbf0163000 	C:\Windows\System32\KERNEL32.DLL
0x00007ffbecdd0000 - 0x00007ffbed063000 	C:\Windows\System32\KERNELBASE.dll
0x00007ffbeccb0000 - 0x00007ffbecdaa000 	C:\Windows\System32\ucrtbase.dll
0x00007ffbd60c0000 - 0x00007ffbd60d9000 	C:\Program Files\Android\Android Studio\jre\bin\jli.dll
0x00007ffbeda70000 - 0x00007ffbedc07000 	C:\Windows\System32\USER32.dll
0x00007ffbd78b0000 - 0x00007ffbd7b29000 	C:\Windows\WinSxS\amd64_microsoft.windows.common-controls_6595b64144ccf1df_6.0.17763.1039_none_de701650534c7021\COMCTL32.dll
0x00007ffbec820000 - 0x00007ffbec840000 	C:\Windows\System32\win32u.dll
0x00007ffbf0460000 - 0x00007ffbf04fe000 	C:\Windows\System32\msvcrt.dll
0x00007ffbf0390000 - 0x00007ffbf03b9000 	C:\Windows\System32\GDI32.dll
0x00007ffbeca70000 - 0x00007ffbecc09000 	C:\Windows\System32\gdi32full.dll
0x00007ffbefd70000 - 0x00007ffbf009c000 	C:\Windows\System32\combase.dll
0x00007ffbecc10000 - 0x00007ffbeccb0000 	C:\Windows\System32\msvcp_win.dll
0x00007ffbf0520000 - 0x00007ffbf0642000 	C:\Windows\System32\RPCRT4.dll
0x00007ffbec740000 - 0x00007ffbec7be000 	C:\Windows\System32\bcryptPrimitives.dll
0x00007ffbc4700000 - 0x00007ffbc4717000 	C:\Program Files\Android\Android Studio\jre\bin\VCRUNTIME140.dll
0x00007ffbef5e0000 - 0x00007ffbef60e000 	C:\Windows\System32\IMM32.DLL
0x00007ffbbcaf0000 - 0x00007ffbbcb8d000 	C:\Program Files\Android\Android Studio\jre\bin\msvcp140.dll
0x00007ffb99fd0000 - 0x00007ffb9aab5000 	C:\Program Files\Android\Android Studio\jre\bin\server\jvm.dll
0x00007ffbefcc0000 - 0x00007ffbefd63000 	C:\Windows\System32\ADVAPI32.dll
0x00007ffbf03c0000 - 0x00007ffbf045e000 	C:\Windows\System32\sechost.dll
0x00007ffbf0180000 - 0x00007ffbf0188000 	C:\Windows\System32\PSAPI.DLL
0x00007ffbe1d20000 - 0x00007ffbe1d2a000 	C:\Windows\SYSTEM32\VERSION.dll
0x00007ffbd5b70000 - 0x00007ffbd5b79000 	C:\Windows\SYSTEM32\WSOCK32.dll
0x00007ffbe9f50000 - 0x00007ffbe9f74000 	C:\Windows\SYSTEM32\WINMM.dll
0x00007ffbf0190000 - 0x00007ffbf01fd000 	C:\Windows\System32\WS2_32.dll
0x00007ffbe9f20000 - 0x00007ffbe9f4d000 	C:\Windows\SYSTEM32\WINMMBASE.dll
0x00007ffbec840000 - 0x00007ffbec88a000 	C:\Windows\System32\cfgmgr32.dll
0x00007ffbec6d0000 - 0x00007ffbec6e1000 	C:\Windows\System32\kernel.appcore.dll
0x00007ffbe28c0000 - 0x00007ffbe28d1000 	C:\Program Files\Android\Android Studio\jre\bin\verify.dll
0x00007ffbeb0e0000 - 0x00007ffbeb2cd000 	C:\Windows\SYSTEM32\DBGHELP.DLL
0x00007ffbccf50000 - 0x00007ffbccf7a000 	C:\Windows\SYSTEM32\dbgcore.DLL
0x00007ffbd6290000 - 0x00007ffbd62b9000 	C:\Program Files\Android\Android Studio\jre\bin\java.dll
0x00007ffbe8c40000 - 0x00007ffbe8c4b000 	C:\Program Files\Android\Android Studio\jre\bin\jimage.dll
0x00007ffbdf010000 - 0x00007ffbdf028000 	C:\Program Files\Android\Android Studio\jre\bin\zip.dll
0x00007ffbede80000 - 0x00007ffbef374000 	C:\Windows\System32\SHELL32.dll
0x00007ffbef530000 - 0x00007ffbef5d8000 	C:\Windows\System32\shcore.dll
0x00007ffbed070000 - 0x00007ffbed7bd000 	C:\Windows\System32\windows.storage.dll
0x00007ffbec710000 - 0x00007ffbec734000 	C:\Windows\System32\profapi.dll
0x00007ffbec670000 - 0x00007ffbec6cd000 	C:\Windows\System32\powrprof.dll
0x00007ffbefc00000 - 0x00007ffbefc52000 	C:\Windows\System32\shlwapi.dll
0x00007ffbecdb0000 - 0x00007ffbecdc7000 	C:\Windows\System32\cryptsp.dll
0x00007ffbdee60000 - 0x00007ffbdee7a000 	C:\Program Files\Android\Android Studio\jre\bin\net.dll
0x00007ffbdf7f0000 - 0x00007ffbdf8e2000 	C:\Windows\SYSTEM32\WINHTTP.dll
0x00007ffbebee0000 - 0x00007ffbebf47000 	C:\Windows\system32\mswsock.dll
0x00007ffbd6360000 - 0x00007ffbd6374000 	C:\Program Files\Android\Android Studio\jre\bin\nio.dll
0x00007ffbc4720000 - 0x00007ffbc4747000 	C:\Users\Danick Glishman\.gradle\native\e1d6ef7f7dcc3fd88c89a11ec53ec762bb8ba0a96d01ffa2cd45eb1d1d8dd5c5\windows-amd64\native-platform.dll
0x00007ffbb9bd0000 - 0x00007ffbb9d14000 	C:\Users\Danick Glishman\.gradle\native\5664cfc778a61ccfe75a443a1ab52a65af34e5dc3c78e0209fed803814484fcb\windows-amd64\native-platform-file-events.dll
0x00007ffbe3290000 - 0x00007ffbe329a000 	C:\Program Files\Android\Android Studio\jre\bin\management.dll
0x00007ffbded80000 - 0x00007ffbded8d000 	C:\Program Files\Android\Android Studio\jre\bin\management_ext.dll
0x00007ffbeba60000 - 0x00007ffbeba93000 	C:\Windows\system32\rsaenh.dll
0x00007ffbed7c0000 - 0x00007ffbed7e6000 	C:\Windows\System32\bcrypt.dll
0x00007ffbec570000 - 0x00007ffbec598000 	C:\Windows\SYSTEM32\USERENV.dll
0x00007ffbec0b0000 - 0x00007ffbec0bc000 	C:\Windows\SYSTEM32\CRYPTBASE.dll
0x00007ffbebc00000 - 0x00007ffbebc3d000 	C:\Windows\SYSTEM32\IPHLPAPI.DLL
0x00007ffbf0170000 - 0x00007ffbf0178000 	C:\Windows\System32\NSI.dll
0x00007ffbe1670000 - 0x00007ffbe1686000 	C:\Windows\SYSTEM32\dhcpcsvc6.DLL
0x00007ffbe1650000 - 0x00007ffbe166c000 	C:\Windows\SYSTEM32\dhcpcsvc.DLL
0x00007ffbebc40000 - 0x00007ffbebd06000 	C:\Windows\SYSTEM32\DNSAPI.dll
0x00007ffbeb6e0000 - 0x00007ffbeb711000 	C:\Windows\SYSTEM32\ntmarta.dll
0x00007ffbbed10000 - 0x00007ffbbed37000 	C:\Program Files\Android\Android Studio\jre\bin\sunec.dll

dbghelp: loaded successfully - version: 4.0.5 - missing functions: none
symbol engine: initialized successfully - sym options: 0x614 - pdb path: .;C:\Program Files\Android\Android Studio\jre\bin;C:\Windows\SYSTEM32;C:\Windows\WinSxS\amd64_microsoft.windows.common-controls_6595b64144ccf1df_6.0.17763.1039_none_de701650534c7021;C:\Program Files\Android\Android Studio\jre\bin\server;C:\Users\Danick Glishman\.gradle\native\e1d6ef7f7dcc3fd88c89a11ec53ec762bb8ba0a96d01ffa2cd45eb1d1d8dd5c5\windows-amd64;C:\Users\Danick Glishman\.gradle\native\5664cfc778a61ccfe75a443a1ab52a65af34e5dc3c78e0209fed803814484fcb\windows-amd64

VM Arguments:
jvm_args: --add-opens=java.base/java.util=ALL-UNNAMED --add-opens=java.base/java.lang=ALL-UNNAMED --add-opens=java.base/java.lang.invoke=ALL-UNNAMED --add-opens=java.base/java.util=ALL-UNNAMED --add-opens=java.prefs/java.util.prefs=ALL-UNNAMED --add-opens=java.prefs/java.util.prefs=ALL-UNNAMED --add-opens=java.base/java.nio.charset=ALL-UNNAMED --add-opens=java.base/java.net=ALL-UNNAMED --add-opens=java.base/java.util.concurrent.atomic=ALL-UNNAMED -Xmx2048m -Dfile.encoding=UTF-8 -Duser.country=FR -Duser.language=fr -Duser.variant 
java_command: org.gradle.launcher.daemon.bootstrap.GradleDaemon 7.3.3
java_class_path (initial): C:\Users\Danick Glishman\.gradle\wrapper\dists\gradle-7.3.3-bin\6a41zxkdtcxs8rphpq6y0069z\gradle-7.3.3\lib\gradle-launcher-7.3.3.jar
Launcher Type: SUN_STANDARD

[Global flags]
     intx CICompilerCount                          = 3                                         {product} {ergonomic}
     uint ConcGCThreads                            = 1                                         {product} {ergonomic}
     uint G1ConcRefinementThreads                  = 4                                         {product} {ergonomic}
   size_t G1HeapRegionSize                         = 1048576                                   {product} {ergonomic}
    uintx GCDrainStackTargetSize                   = 64                                        {product} {ergonomic}
   size_t InitialHeapSize                          = 67108864                                  {product} {ergonomic}
   size_t MarkStackSize                            = 4194304                                   {product} {ergonomic}
   size_t MaxHeapSize                              = 2147483648                                {product} {command line}
   size_t MaxNewSize                               = 1287651328                                {product} {ergonomic}
   size_t MinHeapDeltaBytes                        = 1048576                                   {product} {ergonomic}
    uintx NonNMethodCodeHeapSize                   = 5830732                                {pd product} {ergonomic}
    uintx NonProfiledCodeHeapSize                  = 122913754                              {pd product} {ergonomic}
    uintx ProfiledCodeHeapSize                     = 122913754                              {pd product} {ergonomic}
    uintx ReservedCodeCacheSize                    = 251658240                              {pd product} {ergonomic}
     bool SegmentedCodeCache                       = true                                      {product} {ergonomic}
     bool UseCompressedClassPointers               = true                                 {lp64_product} {ergonomic}
     bool UseCompressedOops                        = true                                 {lp64_product} {ergonomic}
     bool UseG1GC                                  = true                                      {product} {ergonomic}
     bool UseLargePagesIndividualAllocation        = false                                  {pd product} {ergonomic}

Logging:
Log output configuration:
 #0: stdout all=warning uptime,level,tags
 #1: stderr all=off uptime,level,tags

Environment Variables:
PATH=C:\Program Files (x86)\Common Files\Oracle\Java\javapath;C:\Program Files (x86)\NVIDIA Corporation\PhysX\Common;C:\Windows\system32;C:\Windows;C:\Windows\System32\Wbem;C:\Windows\System32\WindowsPowerShell\v1.0\;C:\Windows\System32\OpenSSH\;C:\Program Files\Java\jdk-14.0.2\bin;C:\MinGW\bin;C:\Program Files\Git\cmd;C:\ProgramData\ComposerSetup\bin;C:\php;C:\Program Files\Java\jre1.8.0_281;C:\Program Files\Java\jre1.8.0_281\bin\server;C:\Program Files\Java\jdk1.8.0_281\bin;C:\Program Files (x86)\nodejs;C:\Program Files (x86)\nodejs\node_modules\npm\bin;C:\Users\Danick Glishman\AppData\Local\Programs\Python\Python37\Scripts\;C:\Users\Danick Glishman\AppData\Local\Programs\Python\Python37\;C:\Users\Danick Glishman\AppData\Local\Microsoft\WindowsApps;C:\Users\Danick Glishman\AppData\Local\Programs\Microsoft VS Code\bin;C:\Users\Danick Glishman\AppData\Local\GitHubDesktop\bin;C:\Users\Danick Glishman\AppData\Roaming\Composer\vendor\bin;C:\Users\Danick Glishman\AppData\Roaming\npm;C:\Program Files\php-8.0.17-src\php-8.0.17-src;C:\Program Files\Java\jre1.8.0_281;C:\Program Files\Java\jre1.8.0_281\bin\server;C:\Program Files\Java\jdk1.8.0_281\bin;C:\Program Files (x86)\nodejs;C:\Program Files (x86)\nodejs\node_modules\npm\bin;;C:\Program Files\JetBrains\PyCharm Community Edition 2022.1.1\bin;
USERNAME=Danick Glishman
OS=Windows_NT
PROCESSOR_IDENTIFIER=Intel64 Family 6 Model 142 Stepping 10, GenuineIntel



---------------  S Y S T E M  ---------------

OS: Windows 10 , 64 bit Build 17763 (10.0.17763.475)
OS uptime: 2 days 22:18 hours

CPU:total 4 (initial active 4) (2 cores per cpu, 2 threads per core) family 6 model 142 stepping 10 microcode 0x96, cmov, cx8, fxsr, mmx, sse, sse2, sse3, ssse3, sse4.1, sse4.2, popcnt, avx, avx2, aes, clmul, erms, 3dnowpref, lzcnt, ht, tsc, tscinvbit, bmi1, bmi2, adx, fma

Memory: 4k page, system-wide physical 4005M (439M free)
TotalPageFile size 8005M (AvailPageFile size 5M)
current process WorkingSet (physical memory assigned to process): 459M, peak: 459M
current process commit charge ("private bytes"): 582M, peak: 637M

vm_info: OpenJDK 64-Bit Server VM (11.0.12+7-b1504.28-7817840) for windows-amd64 JRE (11.0.12+7-b1504.28-7817840), built on Oct 13 2021 22:12:33 by "builder" with MS VC++ 14.0 (VS2015)

END.
